-------------------------------------------------------------------------------------------------------------------------------
| week      | displayDate  | displayTime | match                                                | siteName                    |
===============================================================================================================================
| "Week 1"  | "2020-09-12" | "12:30"     | "Fulham v Arsenal"                                   | "Craven Cottage"            |
| "Week 1"  | "2020-09-12" | "15:00"     | "Crystal Palace v Southampton"                       | "Selhurst Park"             |
| "Week 1"  | "2020-09-12" | "17:30"     | "Liverpool v Leeds United"                           | "Anfield"                   |
| "Week 1"  | "2020-09-12" | "20:00"     | "West Ham United v Newcastle United"                 | "London Stadium"            |
| "Week 1"  | "2020-09-13" | "14:00"     | "West Bromwich Albion v Leicester City"              | "The Hawthorns"             |
| "Week 1"  | "2020-09-13" | "16:30"     | "Tottenham Hotspur v Everton"                        | "Tottenham Hotspur Stadium" |
| "Week 1"  | "2020-09-14" | "18:00"     | "Sheffield United v Wolverhampton Wanderers"         | "Bramall Lane"              |
| "Week 1"  | "2020-09-14" | "20:15"     | "Brighton and Hove Albion v Chelsea"                 | "Amex Stadium"              |
| "Week 2"  | "2020-09-19" | "12:30"     | "Everton v West Bromwich Albion"                     | "Goodison Park"             |
| "Week 2"  | "2020-09-19" | "15:00"     | "Leeds United v Fulham"                              | "Elland Road"               |
| "Week 2"  | "2020-09-19" | "17:30"     | "Manchester United v Crystal Palace"                 | "Old Trafford"              |
| "Week 2"  | "2020-09-19" | "20:00"     | "Arsenal v West Ham United"                          | "Emirates Stadium"          |
| "Week 2"  | "2020-09-20" | "12:00"     | "Southampton v Tottenham Hotspur"                    | "St. Mary's Stadium"        |
| "Week 2"  | "2020-09-20" | "14:00"     | "Newcastle United v Brighton and Hove Albion"        | "St. James' Park"           |
| "Week 2"  | "2020-09-20" | "16:30"     | "Chelsea v Liverpool"                                | "Stamford Bridge"           |
| "Week 2"  | "2020-09-20" | "19:00"     | "Leicester City v Burnley"                           | "King Power Stadium"        |
| "Week 2"  | "2020-09-21" | "18:00"     | "Aston Villa v Sheffield United"                     | "Villa Park"                |
| "Week 2"  | "2020-09-21" | "20:15"     | "Wolverhampton Wanderers v Manchester City"          | "Molineux Stadium"          |
| "Week 3"  | "2020-09-26" | "12:30"     | "Brighton and Hove Albion v Manchester United"       | "Amex Stadium"              |
| "Week 3"  | "2020-09-26" | "15:00"     | "Crystal Palace v Everton"                           | "Selhurst Park"             |
| "Week 3"  | "2020-09-26" | "17:30"     | "West Bromwich Albion v Chelsea"                     | "The Hawthorns"             |
| "Week 3"  | "2020-09-26" | "20:00"     | "Burnley v Southampton"                              | "Turf Moor"                 |
| "Week 3"  | "2020-09-27" | "12:00"     | "Sheffield United v Leeds United"                    | "Bramall Lane"              |
| "Week 3"  | "2020-09-27" | "14:00"     | "Tottenham Hotspur v Newcastle United"               | "Tottenham Hotspur Stadium" |
| "Week 3"  | "2020-09-27" | "16:30"     | "Manchester City v Leicester City"                   | "Etihad Stadium"            |
| "Week 3"  | "2020-09-27" | "19:00"     | "West Ham United v Wolverhampton Wanderers"          | "London Stadium"            |
| "Week 3"  | "2020-09-28" | "17:45"     | "Fulham v Aston Villa"                               | "Craven Cottage"            |
| "Week 3"  | "2020-09-28" | "20:00"     | "Liverpool v Arsenal"                                | "Anfield"                   |
| "Week 4"  | "2020-10-03" | "12:30"     | "Chelsea v Crystal Palace"                           | "Stamford Bridge"           |
| "Week 4"  | "2020-10-03" | "15:00"     | "Everton v Brighton and Hove Albion"                 | "Goodison Park"             |
| "Week 4"  | "2020-10-03" | "17:30"     | "Leeds United v Manchester City"                     | "Elland Road"               |
| "Week 4"  | "2020-10-03" | "20:00"     | "Newcastle United v Burnley"                         | "St. James' Park"           |
| "Week 4"  | "2020-10-04" | "12:00"     | "Leicester City v West Ham United"                   | "King Power Stadium"        |
| "Week 4"  | "2020-10-04" | "12:00"     | "Southampton v West Bromwich Albion"                 | "St. Mary's Stadium"        |
| "Week 4"  | "2020-10-04" | "14:00"     | "Arsenal v Sheffield United"                         | "Emirates Stadium"          |
| "Week 4"  | "2020-10-04" | "14:00"     | "Wolverhampton Wanderers v Fulham"                   | "Molineux Stadium"          |
| "Week 4"  | "2020-10-04" | "16:30"     | "Manchester United v Tottenham Hotspur"              | "Old Trafford"              |
| "Week 4"  | "2020-10-04" | "19:15"     | "Aston Villa v Liverpool"                            | "Villa Park"                |
| "Week 5"  | "2020-10-17" | "12:30"     | "Everton v Liverpool"                                | "Goodison Park"             |
| "Week 5"  | "2020-10-17" | "15:00"     | "Chelsea v Southampton"                              | "Stamford Bridge"           |
| "Week 5"  | "2020-10-17" | "17:30"     | "Manchester City v Arsenal"                          | "Etihad Stadium"            |
| "Week 5"  | "2020-10-17" | "20:00"     | "Newcastle United v Manchester United"               | "St. James' Park"           |
| "Week 5"  | "2020-10-18" | "12:00"     | "Sheffield United v Fulham"                          | "Bramall Lane"              |
| "Week 5"  | "2020-10-18" | "14:00"     | "Crystal Palace v Brighton and Hove Albion"          | "Selhurst Park"             |
| "Week 5"  | "2020-10-18" | "16:30"     | "Tottenham Hotspur v West Ham United"                | "Tottenham Hotspur Stadium" |
| "Week 5"  | "2020-10-18" | "19:15"     | "Leicester City v Aston Villa"                       | "King Power Stadium"        |
| "Week 5"  | "2020-10-19" | "17:30"     | "West Bromwich Albion v Burnley"                     | "The Hawthorns"             |
| "Week 5"  | "2020-10-19" | "20:00"     | "Leeds United v Wolverhampton Wanderers"             | "Elland Road"               |
| "Week 6"  | "2020-10-23" | "20:00"     | "Aston Villa v Leeds United"                         | "Villa Park"                |
| "Week 6"  | "2020-10-24" | "12:30"     | "West Ham United v Manchester City"                  | "London Stadium"            |
| "Week 6"  | "2020-10-24" | "15:00"     | "Fulham v Crystal Palace"                            | "Craven Cottage"            |
| "Week 6"  | "2020-10-24" | "17:30"     | "Manchester United v Chelsea"                        | "Old Trafford"              |
| "Week 6"  | "2020-10-24" | "20:00"     | "Liverpool v Sheffield United"                       | "Anfield"                   |
| "Week 6"  | "2020-10-25" | "14:00"     | "Southampton v Everton"                              | "St. Mary's Stadium"        |
| "Week 6"  | "2020-10-25" | "16:30"     | "Wolverhampton Wanderers v Newcastle United"         | "Molineux Stadium"          |
| "Week 6"  | "2020-10-25" | "19:15"     | "Arsenal v Leicester City"                           | "Emirates Stadium"          |
| "Week 6"  | "2020-10-26" | "17:30"     | "Brighton and Hove Albion v West Bromwich Albion"    | "Amex Stadium"              |
| "Week 6"  | "2020-10-26" | "20:00"     | "Burnley v Tottenham Hotspur"                        | "Turf Moor"                 |
| "Week 7"  | "2020-10-30" | "20:00"     | "Wolverhampton Wanderers v Crystal Palace"           | "Molineux Stadium"          |
| "Week 7"  | "2020-10-31" | "12:30"     | "Sheffield United v Manchester City"                 | "Bramall Lane"              |
| "Week 7"  | "2020-10-31" | "15:00"     | "Burnley v Chelsea"                                  | "Turf Moor"                 |
| "Week 7"  | "2020-10-31" | "17:30"     | "Liverpool v West Ham United"                        | "Anfield"                   |
| "Week 7"  | "2020-11-01" | "12:00"     | "Aston Villa v Southampton"                          | "Villa Park"                |
| "Week 7"  | "2020-11-01" | "14:00"     | "Newcastle United v Everton"                         | "St. James' Park"           |
| "Week 7"  | "2020-11-01" | "16:30"     | "Manchester United v Arsenal"                        | "Old Trafford"              |
| "Week 7"  | "2020-11-01" | "19:15"     | "Tottenham Hotspur v Brighton and Hove Albion"       | "Tottenham Hotspur Stadium" |
| "Week 7"  | "2020-11-02" | "17:30"     | "Fulham v West Bromwich Albion"                      | "Craven Cottage"            |
| "Week 7"  | "2020-11-02" | "20:00"     | "Leeds United v Leicester City"                      | "Elland Road"               |
| "Week 8"  | "2020-11-06" | "17:30"     | "Brighton and Hove Albion v Burnley"                 | "Amex Stadium"              |
| "Week 8"  | "2020-11-06" | "20:00"     | "Southampton v Newcastle United"                     | "St. Mary's Stadium"        |
| "Week 8"  | "2020-11-07" | "12:30"     | "Everton v Manchester United"                        | "Goodison Park"             |
| "Week 8"  | "2020-11-07" | "15:00"     | "Crystal Palace v Leeds United"                      | "Selhurst Park"             |
| "Week 8"  | "2020-11-07" | "17:30"     | "Chelsea v Sheffield United"                         | "Stamford Bridge"           |
| "Week 8"  | "2020-11-07" | "20:00"     | "West Ham United v Fulham"                           | "London Stadium"            |
| "Week 8"  | "2020-11-08" | "12:00"     | "West Bromwich Albion v Tottenham Hotspur"           | "The Hawthorns"             |
| "Week 8"  | "2020-11-08" | "14:00"     | "Leicester City v Wolverhampton Wanderers"           | "King Power Stadium"        |
| "Week 8"  | "2020-11-08" | "16:30"     | "Manchester City v Liverpool"                        | "Etihad Stadium"            |
| "Week 8"  | "2020-11-08" | "19:15"     | "Arsenal v Aston Villa"                              | "Emirates Stadium"          |
| "Week 9"  | "2020-11-21" | "12:30"     | "Newcastle United v Chelsea"                         | "St. James' Park"           |
| "Week 9"  | "2020-11-21" | "15:00"     | "Aston Villa v Brighton and Hove Albion"             | "Villa Park"                |
| "Week 9"  | "2020-11-21" | "17:30"     | "Tottenham Hotspur v Manchester City"                | "Tottenham Hotspur Stadium" |
| "Week 9"  | "2020-11-21" | "20:00"     | "Manchester United v West Bromwich Albion"           | "Old Trafford"              |
| "Week 9"  | "2020-11-22" | "12:00"     | "Fulham v Everton"                                   | "Craven Cottage"            |
| "Week 9"  | "2020-11-22" | "14:00"     | "Sheffield United v West Ham United"                 | "Bramall Lane"              |
| "Week 9"  | "2020-11-22" | "16:30"     | "Leeds United v Arsenal"                             | "Elland Road"               |
| "Week 9"  | "2020-11-22" | "19:15"     | "Liverpool v Leicester City"                         | "Anfield"                   |
| "Week 9"  | "2020-11-23" | "17:30"     | "Burnley v Crystal Palace"                           | "Turf Moor"                 |
| "Week 9"  | "2020-11-23" | "20:00"     | "Wolverhampton Wanderers v Southampton"              | "Molineux Stadium"          |
| "Week 10" | "2020-11-27" | "20:00"     | "Crystal Palace v Newcastle United"                  | "Selhurst Park"             |
| "Week 10" | "2020-11-28" | "12:30"     | "Brighton and Hove Albion v Liverpool"               | "Amex Stadium"              |
| "Week 10" | "2020-11-28" | "15:00"     | "Manchester City v Burnley"                          | "Etihad Stadium"            |
| "Week 10" | "2020-11-28" | "17:30"     | "Everton v Leeds United"                             | "Goodison Park"             |
| "Week 10" | "2020-11-28" | "20:00"     | "West Bromwich Albion v Sheffield United"            | "The Hawthorns"             |
| "Week 10" | "2020-11-29" | "14:00"     | "Southampton v Manchester United"                    | "St. Mary's Stadium"        |
| "Week 10" | "2020-11-29" | "16:30"     | "Chelsea v Tottenham Hotspur"                        | "Stamford Bridge"           |
| "Week 10" | "2020-11-29" | "19:15"     | "Arsenal v Wolverhampton Wanderers"                  | "Emirates Stadium"          |
| "Week 10" | "2020-11-30" | "17:30"     | "Leicester City v Fulham"                            | "King Power Stadium"        |
| "Week 10" | "2020-11-30" | "20:00"     | "West Ham United v Aston Villa"                      | "London Stadium"            |
| "Week 11" | "2020-12-05" | "12:30"     | "Burnley v Everton"                                  | "Turf Moor"                 |
| "Week 11" | "2020-12-05" | "15:00"     | "Manchester City v Fulham"                           | "Etihad Stadium"            |
| "Week 11" | "2020-12-05" | "17:30"     | "West Ham United v Manchester United"                | "London Stadium"            |
| "Week 11" | "2020-12-05" | "20:00"     | "Chelsea v Leeds United"                             | "Stamford Bridge"           |
| "Week 11" | "2020-12-06" | "12:00"     | "West Bromwich Albion v Crystal Palace"              | "The Hawthorns"             |
| "Week 11" | "2020-12-06" | "14:15"     | "Sheffield United v Leicester City"                  | "Bramall Lane"              |
| "Week 11" | "2020-12-06" | "16:30"     | "Tottenham Hotspur v Arsenal"                        | "Tottenham Hotspur Stadium" |
| "Week 11" | "2020-12-06" | "19:15"     | "Liverpool v Wolverhampton Wanderers"                | "Anfield"                   |
| "Week 11" | "2020-12-07" | "20:00"     | "Brighton and Hove Albion v Southampton"             | "Amex Stadium"              |
| "Week 12" | "2020-12-11" | "20:00"     | "Leeds United v West Ham United"                     | "Elland Road"               |
| "Week 12" | "2020-12-12" | "12:30"     | "Wolverhampton Wanderers v Aston Villa"              | "Molineux Stadium"          |
| "Week 12" | "2020-12-12" | "15:00"     | "Newcastle United v West Bromwich Albion"            | "St. James' Park"           |
| "Week 12" | "2020-12-12" | "17:30"     | "Manchester United v Manchester City"                | "Old Trafford"              |
| "Week 12" | "2020-12-12" | "20:00"     | "Everton v Chelsea"                                  | "Goodison Park"             |
| "Week 12" | "2020-12-13" | "12:00"     | "Southampton v Sheffield United"                     | "St. Mary's Stadium"        |
| "Week 12" | "2020-12-13" | "14:15"     | "Crystal Palace v Tottenham Hotspur"                 | "Selhurst Park"             |
| "Week 12" | "2020-12-13" | "16:30"     | "Fulham v Liverpool"                                 | "Craven Cottage"            |
| "Week 12" | "2020-12-13" | "19:15"     | "Arsenal v Burnley"                                  | "Emirates Stadium"          |
| "Week 12" | "2020-12-13" | "19:15"     | "Leicester City v Brighton and Hove Albion"          | "King Power Stadium"        |
| "Week 13" | "2020-12-15" | "18:00"     | "Wolverhampton Wanderers v Chelsea"                  | "Molineux Stadium"          |
| "Week 13" | "2020-12-15" | "20:00"     | "Manchester City v West Bromwich Albion"             | "Etihad Stadium"            |
| "Week 13" | "2020-12-16" | "18:00"     | "Leicester City v Everton"                           | "King Power Stadium"        |
| "Week 13" | "2020-12-16" | "18:00"     | "Arsenal v Southampton"                              | "Emirates Stadium"          |
| "Week 13" | "2020-12-16" | "18:00"     | "Leeds United v Newcastle United"                    | "Elland Road"               |
| "Week 13" | "2020-12-16" | "20:00"     | "West Ham United v Crystal Palace"                   | "London Stadium"            |
| "Week 13" | "2020-12-16" | "20:00"     | "Liverpool v Tottenham Hotspur"                      | "Anfield"                   |
| "Week 13" | "2020-12-16" | "20:00"     | "Fulham v Brighton and Hove Albion"                  | "Craven Cottage"            |
| "Week 13" | "2020-12-17" | "18:00"     | "Aston Villa v Burnley"                              | "Villa Park"                |
| "Week 13" | "2020-12-17" | "20:00"     | "Sheffield United v Manchester United"               | "Bramall Lane"              |
| "Week 14" | "2020-12-19" | "12:30"     | "Crystal Palace v Liverpool"                         | "Selhurst Park"             |
| "Week 14" | "2020-12-19" | "15:00"     | "Southampton v Manchester City"                      | "St. Mary's Stadium"        |
| "Week 14" | "2020-12-19" | "17:30"     | "Everton v Arsenal"                                  | "Goodison Park"             |
| "Week 14" | "2020-12-19" | "20:00"     | "Newcastle United v Fulham"                          | "St. James' Park"           |
| "Week 14" | "2020-12-20" | "12:00"     | "Brighton and Hove Albion v Sheffield United"        | "Amex Stadium"              |
| "Week 14" | "2020-12-20" | "14:15"     | "Tottenham Hotspur v Leicester City"                 | "Tottenham Hotspur Stadium" |
| "Week 14" | "2020-12-20" | "16:30"     | "Manchester United v Leeds United"                   | "Old Trafford"              |
| "Week 14" | "2020-12-20" | "19:15"     | "West Bromwich Albion v Aston Villa"                 | "The Hawthorns"             |
| "Week 14" | "2020-12-21" | "17:30"     | "Burnley v Wolverhampton Wanderers"                  | "Turf Moor"                 |
| "Week 14" | "2020-12-21" | "20:00"     | "Chelsea v West Ham United"                          | "Stamford Bridge"           |
| "Week 15" | "2020-12-26" | "12:30"     | "Leicester City v Manchester United"                 | "King Power Stadium"        |
| "Week 15" | "2020-12-26" | "15:00"     | "Fulham v Southampton"                               | "Craven Cottage"            |
| "Week 15" | "2020-12-26" | "15:00"     | "Aston Villa v Crystal Palace"                       | "Villa Park"                |
| "Week 15" | "2020-12-26" | "17:30"     | "Arsenal v Chelsea"                                  | "Emirates Stadium"          |
| "Week 15" | "2020-12-26" | "20:00"     | "Sheffield United v Everton"                         | "Bramall Lane"              |
| "Week 15" | "2020-12-26" | "20:00"     | "Manchester City v Newcastle United"                 | "Etihad Stadium"            |
| "Week 15" | "2020-12-27" | "12:00"     | "Leeds United v Burnley"                             | "Elland Road"               |
| "Week 15" | "2020-12-27" | "14:15"     | "West Ham United v Brighton and Hove Albion"         | "London Stadium"            |
| "Week 15" | "2020-12-27" | "16:30"     | "Liverpool v West Bromwich Albion"                   | "Anfield"                   |
| "Week 15" | "2020-12-27" | "19:15"     | "Wolverhampton Wanderers v Tottenham Hotspur"        | "Molineux Stadium"          |
| "Week 16" | "2020-12-28" | "15:00"     | "Crystal Palace v Leicester City"                    | "Selhurst Park"             |
| "Week 16" | "2020-12-28" | "17:30"     | "Chelsea v Aston Villa"                              | "Stamford Bridge"           |
| "Week 16" | "2020-12-29" | "18:00"     | "West Bromwich Albion v Leeds United"                | "The Hawthorns"             |
| "Week 16" | "2020-12-29" | "18:00"     | "Southampton v West Ham United"                      | "St. Mary's Stadium"        |
| "Week 16" | "2020-12-29" | "18:00"     | "Brighton and Hove Albion v Arsenal"                 | "Amex Stadium"              |
| "Week 16" | "2020-12-29" | "18:00"     | "Burnley v Sheffield United"                         | "Turf Moor"                 |
| "Week 16" | "2020-12-29" | "20:00"     | "Manchester United v Wolverhampton Wanderers"        | "Old Trafford"              |
| "Week 16" | "2020-12-30" | "20:00"     | "Newcastle United v Liverpool"                       | "St. James' Park"           |
| "Week 17" | "2021-01-01" | "17:30"     | "Everton v West Ham United"                          | "Goodison Park"             |
| "Week 17" | "2021-01-01" | "20:00"     | "Manchester United v Aston Villa"                    | "Old Trafford"              |
| "Week 17" | "2021-01-02" | "12:30"     | "Tottenham Hotspur v Leeds United"                   | "Tottenham Hotspur Stadium" |
| "Week 17" | "2021-01-02" | "15:00"     | "Crystal Palace v Sheffield United"                  | "Selhurst Park"             |
| "Week 17" | "2021-01-02" | "17:30"     | "Brighton and Hove Albion v Wolverhampton Wanderers" | "Amex Stadium"              |
| "Week 17" | "2021-01-02" | "20:00"     | "West Bromwich Albion v Arsenal"                     | "The Hawthorns"             |
| "Week 17" | "2021-01-03" | "14:15"     | "Newcastle United v Leicester City"                  | "St. James' Park"           |
| "Week 17" | "2021-01-03" | "16:30"     | "Chelsea v Manchester City"                          | "Stamford Bridge"           |
| "Week 17" | "2021-01-04" | "20:00"     | "Southampton v Liverpool"                            | "St. Mary's Stadium"        |
| "Week 18" | "2021-01-12" | "18:00"     | "Sheffield United v Newcastle United"                | "Bramall Lane"              |
| "Week 1"  | "2021-01-12" | "20:15"     | "Burnley v Manchester United"                        | "Turf Moor"                 |
| "Week 18" | "2021-01-12" | "20:15"     | "Wolverhampton Wanderers v Everton"                  | "Molineux Stadium"          |
| "Week 18" | "2021-01-13" | "18:00"     | "Manchester City v Brighton and Hove Albion"         | "Etihad Stadium"            |
| "Week 16" | "2021-01-13" | "20:15"     | "Tottenham Hotspur v Fulham"                         | "Tottenham Hotspur Stadium" |
| "Week 18" | "2021-01-14" | "20:00"     | "Arsenal v Crystal Palace"                           | "Emirates Stadium"          |
| "Week 19" | "2021-01-16" | "12:30"     | "Wolverhampton Wanderers v West Bromwich Albion"     | "Molineux Stadium"          |
| "Week 19" | "2021-01-16" | "15:00"     | "West Ham United v Burnley"                          | "London Stadium"            |
| "Week 19" | "2021-01-16" | "15:00"     | "Leeds United v Brighton and Hove Albion"            | "Elland Road"               |
| "Week 19" | "2021-01-16" | "17:30"     | "Fulham v Chelsea"                                   | "Craven Cottage"            |
| "Week 19" | "2021-01-16" | "20:00"     | "Leicester City v Southampton"                       | "King Power Stadium"        |
| "Week 19" | "2021-01-17" | "14:00"     | "Sheffield United v Tottenham Hotspur"               | "Bramall Lane"              |
| "Week 19" | "2021-01-17" | "16:30"     | "Liverpool v Manchester United"                      | "Anfield"                   |
| "Week 19" | "2021-01-17" | "19:15"     | "Manchester City v Crystal Palace"                   | "Etihad Stadium"            |
| "Week 19" | "2021-01-18" | "20:00"     | "Arsenal v Newcastle United"                         | "Emirates Stadium"          |
| "Week 18" | "2021-01-19" | "18:00"     | "West Ham United v West Bromwich Albion"             | "London Stadium"            |
| "Week 18" | "2021-01-19" | "20:15"     | "Leicester City v Chelsea"                           | "King Power Stadium"        |
| "Week 1"  | "2021-01-20" | "18:00"     | "Manchester City v Aston Villa"                      | "Etihad Stadium"            |
| "Week 18" | "2021-01-20" | "20:15"     | "Fulham v Manchester United"                         | "Craven Cottage"            |
| "Week 18" | "2021-01-21" | "20:00"     | "Liverpool v Burnley"                                | "Anfield"                   |
| "Week 11" | "2021-01-23" | "20:00"     | "Aston Villa v Newcastle United"                     | "Villa Park"                |
| "Week 20" | "2021-01-26" | "18:00"     | "Newcastle United v Leeds United"                    | "St. James' Park"           |
| "Week 20" | "2021-01-26" | "18:00"     | "Crystal Palace v West Ham United"                   | "Selhurst Park"             |
| "Week 20" | "2021-01-26" | "20:15"     | "West Bromwich Albion v Manchester City"             | "The Hawthorns"             |
| "Week 20" | "2021-01-26" | "20:15"     | "Southampton v Arsenal"                              | "St. Mary's Stadium"        |
| "Week 20" | "2021-01-27" | "18:00"     | "Chelsea v Wolverhampton Wanderers"                  | "Stamford Bridge"           |
| "Week 20" | "2021-01-27" | "18:00"     | "Burnley v Aston Villa"                              | "Turf Moor"                 |
| "Week 20" | "2021-01-27" | "19:30"     | "Brighton and Hove Albion v Fulham"                  | "Amex Stadium"              |
| "Week 20" | "2021-01-27" | "20:15"     | "Everton v Leicester City"                           | "Goodison Park"             |
| "Week 20" | "2021-01-27" | "20:15"     | "Manchester United v Sheffield United"               | "Old Trafford"              |
| "Week 20" | "2021-01-28" | "20:00"     | "Tottenham Hotspur v Liverpool"                      | "Tottenham Hotspur Stadium" |
| "Week 21" | "2021-01-30" | "12:30"     | "Everton v Newcastle United"                         | "Goodison Park"             |
| "Week 21" | "2021-01-30" | "15:00"     | "Crystal Palace v Wolverhampton Wanderers"           | "Selhurst Park"             |
| "Week 21" | "2021-01-30" | "15:00"     | "Manchester City v Sheffield United"                 | "Etihad Stadium"            |
| "Week 21" | "2021-01-30" | "15:00"     | "West Bromwich Albion v Fulham"                      | "The Hawthorns"             |
| "Week 21" | "2021-01-30" | "17:30"     | "Arsenal v Manchester United"                        | "Emirates Stadium"          |
| "Week 21" | "2021-01-30" | "20:00"     | "Southampton v Aston Villa"                          | "St. Mary's Stadium"        |
| "Week 21" | "2021-01-31" | "12:00"     | "Chelsea v Burnley"                                  | "Stamford Bridge"           |
| "Week 21" | "2021-01-31" | "14:00"     | "Leicester City v Leeds United"                      | "King Power Stadium"        |
| "Week 21" | "2021-01-31" | "16:30"     | "West Ham United v Liverpool"                        | "London Stadium"            |
| "Week 21" | "2021-01-31" | "19:15"     | "Brighton and Hove Albion v Tottenham Hotspur"       | "Amex Stadium"              |
| "Week 22" | "2021-02-02" | "18:00"     | "Wolverhampton Wanderers v Arsenal"                  | "Molineux Stadium"          |
| "Week 22" | "2021-02-02" | "18:00"     | "Sheffield United v West Bromwich Albion"            | "Bramall Lane"              |
| "Week 22" | "2021-02-02" | "20:15"     | "Manchester United v Southampton"                    | "Old Trafford"              |
| "Week 22" | "2021-02-02" | "20:15"     | "Newcastle United v Crystal Palace"                  | "St. James' Park"           |
| "Week 22" | "2021-02-03" | "18:00"     | "Burnley v Manchester City"                          | "Turf Moor"                 |
| "Week 22" | "2021-02-03" | "18:00"     | "Fulham v Leicester City"                            | "Craven Cottage"            |
| "Week 22" | "2021-02-03" | "19:30"     | "Leeds United v Everton"                             | "Elland Road"               |
| "Week 22" | "2021-02-03" | "20:15"     | "Aston Villa v West Ham United"                      | "Villa Park"                |
| "Week 22" | "2021-02-03" | "20:15"     | "Liverpool v Brighton and Hove Albion"               | "Anfield"                   |
| "Week 22" | "2021-02-04" | "20:00"     | "Tottenham Hotspur v Chelsea"                        | "Tottenham Hotspur Stadium" |
| "Week 23" | "2021-02-06" | "12:30"     | "Aston Villa v Arsenal"                              | "Villa Park"                |
| "Week 23" | "2021-02-06" | "15:00"     | "Newcastle United v Southampton"                     | "St. James' Park"           |
| "Week 23" | "2021-02-06" | "15:00"     | "Burnley v Brighton and Hove Albion"                 | "Turf Moor"                 |
| "Week 23" | "2021-02-06" | "17:30"     | "Fulham v West Ham United"                           | "Craven Cottage"            |
| "Week 23" | "2021-02-06" | "20:00"     | "Manchester United v Everton"                        | "Old Trafford"              |
| "Week 23" | "2021-02-07" | "12:00"     | "Tottenham Hotspur v West Bromwich Albion"           | "Tottenham Hotspur Stadium" |
| "Week 23" | "2021-02-07" | "14:00"     | "Wolverhampton Wanderers v Leicester City"           | "Molineux Stadium"          |
| "Week 23" | "2021-02-07" | "16:30"     | "Liverpool v Manchester City"                        | "Anfield"                   |
| "Week 23" | "2021-02-07" | "19:15"     | "Sheffield United v Chelsea"                         | "Bramall Lane"              |
| "Week 23" | "2021-02-08" | "20:00"     | "Leeds United v Crystal Palace"                      | "Elland Road"               |
| "Week 24" | "2021-02-13" | "12:30"     | "Leicester City v Liverpool"                         | "King Power Stadium"        |
| "Week 24" | "2021-02-13" | "15:00"     | "Crystal Palace v Burnley"                           | "Selhurst Park"             |
| "Week 24" | "2021-02-13" | "17:30"     | "Manchester City v Tottenham Hotspur"                | "Etihad Stadium"            |
| "Week 24" | "2021-02-13" | "20:00"     | "Brighton and Hove Albion v Aston Villa"             | "Amex Stadium"              |
| "Week 24" | "2021-02-14" | "12:00"     | "Southampton v Wolverhampton Wanderers"              | "St. Mary's Stadium"        |
| "Week 24" | "2021-02-14" | "14:00"     | "West Bromwich Albion v Manchester United"           | "The Hawthorns"             |
| "Week 24" | "2021-02-14" | "16:30"     | "Arsenal v Leeds United"                             | "Emirates Stadium"          |
| "Week 24" | "2021-02-14" | "19:00"     | "Everton v Fulham"                                   | "Goodison Park"             |
| "Week 24" | "2021-02-15" | "18:00"     | "West Ham United v Sheffield United"                 | "London Stadium"            |
| "Week 24" | "2021-02-15" | "20:00"     | "Chelsea v Newcastle United"                         | "Stamford Bridge"           |
| "Week 17" | "2021-02-17" | "18:00"     | "Burnley v Fulham"                                   | "Turf Moor"                 |
| "Week 16" | "2021-02-17" | "20:15"     | "Everton v Manchester City"                          | "Goodison Park"             |
| "Week 25" | "2021-02-19" | "20:00"     | "Wolverhampton Wanderers v Leeds United"             | "Molineux Stadium"          |
| "Week 25" | "2021-02-20" | "12:30"     | "Southampton v Chelsea"                              | "St. Mary's Stadium"        |
| "Week 25" | "2021-02-20" | "15:00"     | "Burnley v West Bromwich Albion"                     | "Turf Moor"                 |
| "Week 25" | "2021-02-20" | "17:30"     | "Liverpool v Everton"                                | "Anfield"                   |
| "Week 25" | "2021-02-20" | "20:00"     | "Fulham v Sheffield United"                          | "Craven Cottage"            |
| "Week 25" | "2021-02-21" | "12:00"     | "West Ham United v Tottenham Hotspur"                | "London Stadium"            |
| "Week 25" | "2021-02-21" | "14:05"     | "Aston Villa v Leicester City"                       | "Villa Park"                |
| "Week 25" | "2021-02-21" | "16:30"     | "Arsenal v Manchester City"                          | "Emirates Stadium"          |
| "Week 25" | "2021-02-21" | "19:00"     | "Manchester United v Newcastle United"               | "Old Trafford"              |
| "Week 25" | "2021-02-22" | "20:00"     | "Brighton and Hove Albion v Crystal Palace"          | "Amex Stadium"              |
| "Week 18" | "2021-02-23" | "18:00"     | "Leeds United v Southampton"                         | "Elland Road"               |
| "Week 26" | "2021-02-27" | "12:30"     | "Manchester City v West Ham United"                  | "Etihad Stadium"            |
| "Week 26" | "2021-02-27" | "15:00"     | "West Bromwich Albion v Brighton and Hove Albion"    | "The Hawthorns"             |
| "Week 26" | "2021-02-27" | "17:30"     | "Leeds United v Aston Villa"                         | "Elland Road"               |
| "Week 26" | "2021-02-27" | "20:00"     | "Newcastle United v Wolverhampton Wanderers"         | "St. James' Park"           |
| "Week 26" | "2021-02-28" | "12:00"     | "Leicester City v Arsenal"                           | "King Power Stadium"        |
| "Week 26" | "2021-02-28" | "12:00"     | "Crystal Palace v Fulham"                            | "Selhurst Park"             |
| "Week 26" | "2021-02-28" | "14:00"     | "Tottenham Hotspur v Burnley"                        | "Tottenham Hotspur Stadium" |
| "Week 26" | "2021-02-28" | "16:30"     | "Chelsea v Manchester United"                        | "Stamford Bridge"           |
| "Week 26" | "2021-02-28" | "19:15"     | "Sheffield United v Liverpool"                       | "Bramall Lane"              |
| "Week 26" | "2021-03-01" | "20:00"     | "Everton v Southampton"                              | "Goodison Park"             |
| "Week 29" | "2021-03-02" | "20:00"     | "Manchester City v Wolverhampton Wanderers"          | "Etihad Stadium"            |
| "Week 29" | "2021-03-03" | "18:00"     | "Burnley v Leicester City"                           | "Turf Moor"                 |
| "Week 29" | "2021-03-03" | "18:00"     | "Sheffield United v Aston Villa"                     | "Bramall Lane"              |
| "Week 29" | "2021-03-03" | "20:15"     | "Crystal Palace v Manchester United"                 | "Selhurst Park"             |
| "Week 29" | "2021-03-04" | "18:00"     | "West Bromwich Albion v Everton"                     | "The Hawthorns"             |
| "Week 33" | "2021-03-04" | "18:00"     | "Fulham v Tottenham Hotspur"                         | "Craven Cottage"            |
| "Week 29" | "2021-03-04" | "20:15"     | "Liverpool v Chelsea"                                | "Anfield"                   |
| "Week 27" | "2021-03-06" | "12:30"     | "Burnley v Arsenal"                                  | "Turf Moor"                 |
| "Week 27" | "2021-03-06" | "15:00"     | "Sheffield United v Southampton"                     | "Bramall Lane"              |
| "Week 27" | "2021-03-06" | "17:30"     | "Aston Villa v Wolverhampton Wanderers"              | "Villa Park"                |
| "Week 27" | "2021-03-06" | "20:00"     | "Brighton and Hove Albion v Leicester City"          | "Amex Stadium"              |
| "Week 27" | "2021-03-07" | "12:00"     | "West Bromwich Albion v Newcastle United"            | "The Hawthorns"             |
| "Week 27" | "2021-03-07" | "14:00"     | "Liverpool v Fulham"                                 | "Anfield"                   |
| "Week 27" | "2021-03-07" | "16:30"     | "Manchester City v Manchester United"                | "Etihad Stadium"            |
| "Week 27" | "2021-03-07" | "19:15"     | "Tottenham Hotspur v Crystal Palace"                 | "Tottenham Hotspur Stadium" |
| "Week 27" | "2021-03-08" | "18:00"     | "Chelsea v Everton"                                  | "Stamford Bridge"           |
| "Week 27" | "2021-03-08" | "20:00"     | "West Ham United v Leeds United"                     | "London Stadium"            |
| "Week 33" | "2021-03-10" | "18:00"     | "Manchester City v Southampton"                      | "Etihad Stadium"            |
| "Week 28" | "2021-03-12" | "20:00"     | "Newcastle United v Aston Villa"                     | "St. James' Park"           |
| "Week 28" | "2021-03-13" | "12:30"     | "Leeds United v Chelsea"                             | "Elland Road"               |
| "Week 28" | "2021-03-13" | "15:00"     | "Crystal Palace v West Bromwich Albion"              | "Selhurst Park"             |
| "Week 28" | "2021-03-13" | "17:30"     | "Everton v Burnley"                                  | "Goodison Park"             |
| "Week 28" | "2021-03-13" | "20:00"     | "Fulham v Manchester City"                           | "Craven Cottage"            |
| "Week 28" | "2021-03-14" | "12:00"     | "Southampton v Brighton and Hove Albion"             | "St. Mary's Stadium"        |
| "Week 28" | "2021-03-14" | "14:00"     | "Leicester City v Sheffield United"                  | "King Power Stadium"        |
| "Week 28" | "2021-03-14" | "16:30"     | "Arsenal v Tottenham Hotspur"                        | "Emirates Stadium"          |
| "Week 28" | "2021-03-14" | "19:15"     | "Manchester United v West Ham United"                | "Old Trafford"              |
| "Week 28" | "2021-03-15" | "20:00"     | "Wolverhampton Wanderers v Liverpool"                | "Molineux Stadium"          |
| "Week 29" | "2021-03-19" | "20:00"     | "Fulham v Leeds United"                              | "Craven Cottage"            |
| "Week 29" | "2021-03-20" | "20:00"     | "Brighton and Hove Albion v Newcastle United"        | "Amex Stadium"              |
| "Week 29" | "2021-03-21" | "15:00"     | "West Ham United v Arsenal"                          | "London Stadium"            |
| "Week 18" | "2021-03-21" | "19:30"     | "Aston Villa v Tottenham Hotspur"                    | "Villa Park"                |
| "Week 30" | "2021-04-03" | "12:30"     | "Chelsea v West Bromwich Albion"                     | "Stamford Bridge"           |
| "Week 30" | "2021-04-03" | "15:00"     | "Leeds United v Sheffield United"                    | "Elland Road"               |
| "Week 30" | "2021-04-03" | "17:30"     | "Leicester City v Manchester City"                   | "King Power Stadium"        |
| "Week 30" | "2021-04-03" | "20:00"     | "Arsenal v Liverpool"                                | "Emirates Stadium"          |
| "Week 30" | "2021-04-04" | "12:00"     | "Southampton v Burnley"                              | "St. Mary's Stadium"        |
| "Week 30" | "2021-04-04" | "14:05"     | "Newcastle United v Tottenham Hotspur"               | "St. James' Park"           |
| "Week 30" | "2021-04-04" | "16:30"     | "Aston Villa v Fulham"                               | "Villa Park"                |
| "Week 30" | "2021-04-04" | "19:30"     | "Manchester United v Brighton and Hove Albion"       | "Old Trafford"              |
| "Week 30" | "2021-04-05" | "18:00"     | "Everton v Crystal Palace"                           | "Goodison Park"             |
| "Week 30" | "2021-04-05" | "20:15"     | "Wolverhampton Wanderers v West Ham United"          | "Molineux Stadium"          |
| "Week 31" | "2021-04-09" | "20:00"     | "Fulham v Wolverhampton Wanderers"                   | "Craven Cottage"            |
| "Week 31" | "2021-04-10" | "12:30"     | "Manchester City v Leeds United"                     | "Etihad Stadium"            |
| "Week 31" | "2021-04-10" | "15:00"     | "Liverpool v Aston Villa"                            | "Anfield"                   |
| "Week 31" | "2021-04-10" | "17:30"     | "Crystal Palace v Chelsea"                           | "Selhurst Park"             |
| "Week 31" | "2021-04-11" | "12:00"     | "Burnley v Newcastle United"                         | "Turf Moor"                 |
| "Week 31" | "2021-04-11" | "14:05"     | "West Ham United v Leicester City"                   | "London Stadium"            |
| "Week 31" | "2021-04-11" | "16:30"     | "Tottenham Hotspur v Manchester United"              | "Tottenham Hotspur Stadium" |
| "Week 31" | "2021-04-11" | "19:00"     | "Sheffield United v Arsenal"                         | "Bramall Lane"              |
| "Week 31" | "2021-04-12" | "18:00"     | "West Bromwich Albion v Southampton"                 | "The Hawthorns"             |
| "Week 31" | "2021-04-12" | "20:15"     | "Brighton and Hove Albion v Everton"                 | "Amex Stadium"              |
| "Week 32" | "2021-04-16" | "20:00"     | "Everton v Tottenham Hotspur"                        | "Goodison Park"             |
| "Week 32" | "2021-04-17" | "12:30"     | "Newcastle United v West Ham United"                 | "St. James' Park"           |
| "Week 32" | "2021-04-17" | "20:15"     | "Wolverhampton Wanderers v Sheffield United"         | "Molineux Stadium"          |
| "Week 32" | "2021-04-18" | "13:30"     | "Arsenal v Fulham"                                   | "Emirates Stadium"          |
| "Week 32" | "2021-04-18" | "16:00"     | "Manchester United v Burnley"                        | "Old Trafford"              |
| "Week 32" | "2021-04-19" | "20:00"     | "Leeds United v Liverpool"                           | "Elland Road"               |
| "Week 32" | "2021-04-20" | "20:15"     | "Chelsea v Brighton and Hove Albion"                 | "Stamford Bridge"           |
| "Week 29" | "2021-04-21" | "18:00"     | "Tottenham Hotspur v Southampton"                    | "Tottenham Hotspur Stadium" |
| "Week 32" | "2021-04-21" | "20:15"     | "Aston Villa v Manchester City"                      | "Villa Park"                |
| "Week 32" | "2021-04-22" | "20:00"     | "Leicester City v West Bromwich Albion"              | "King Power Stadium"        |
| "Week 33" | "2021-04-23" | "20:00"     | "Arsenal v Everton"                                  | "Emirates Stadium"          |
| "Week 33" | "2021-04-24" | "12:30"     | "Liverpool v Newcastle United"                       | "Anfield"                   |
| "Week 33" | "2021-04-24" | "17:30"     | "West Ham United v Chelsea"                          | "London Stadium"            |
| "Week 33" | "2021-04-24" | "20:00"     | "Sheffield United v Brighton and Hove Albion"        | "Bramall Lane"              |
| "Week 33" | "2021-04-25" | "12:00"     | "Wolverhampton Wanderers v Burnley"                  | "Molineux Stadium"          |
| "Week 33" | "2021-04-25" | "14:00"     | "Leeds United v Manchester United"                   | "Elland Road"               |
| "Week 33" | "2021-04-25" | "19:00"     | "Aston Villa v West Bromwich Albion"                 | "Villa Park"                |
| "Week 33" | "2021-04-26" | "20:00"     | "Leicester City v Crystal Palace"                    | "King Power Stadium"        |
| "Week 34" | "2021-04-30" | "20:00"     | "Southampton v Leicester City"                       | "St. Mary's Stadium"        |
| "Week 34" | "2021-05-01" | "12:30"     | "Crystal Palace v Manchester City"                   | "Selhurst Park"             |
| "Week 34" | "2021-05-01" | "15:00"     | "Brighton and Hove Albion v Leeds United"            | "Amex Stadium"              |
| "Week 34" | "2021-05-01" | "17:30"     | "Chelsea v Fulham"                                   | "Stamford Bridge"           |
| "Week 34" | "2021-05-01" | "20:00"     | "Everton v Aston Villa"                              | "Goodison Park"             |
| "Week 34" | "2021-05-02" | "14:00"     | "Newcastle United v Arsenal"                         | "St. James' Park"           |
| "Week 34" | "2021-05-02" | "16:30"     | "Manchester United v Liverpool"                      | "Old Trafford"              |
| "Week 34" | "2021-05-02" | "19:15"     | "Tottenham Hotspur v Sheffield United"               | "Tottenham Hotspur Stadium" |
| "Week 34" | "2021-05-03" | "18:00"     | "West Bromwich Albion v Wolverhampton Wanderers"     | "The Hawthorns"             |
| "Week 34" | "2021-05-03" | "20:15"     | "Burnley v West Ham United"                          | "Turf Moor"                 |
| "Week 35" | "2021-05-07" | "20:00"     | "Leicester City v Newcastle United"                  | "King Power Stadium"        |
| "Week 35" | "2021-05-08" | "12:30"     | "Leeds United v Tottenham Hotspur"                   | "Elland Road"               |
| "Week 35" | "2021-05-08" | "15:00"     | "Sheffield United v Crystal Palace"                  | "Bramall Lane"              |
| "Week 35" | "2021-05-08" | "17:30"     | "Manchester City v Chelsea"                          | "Etihad Stadium"            |
| "Week 35" | "2021-05-08" | "20:15"     | "Liverpool v Southampton"                            | "Anfield"                   |
| "Week 35" | "2021-05-09" | "12:00"     | "Wolverhampton Wanderers v Brighton and Hove Albion" | "Molineux Stadium"          |
| "Week 35" | "2021-05-09" | "14:05"     | "Aston Villa v Manchester United"                    | "Villa Park"                |
| "Week 35" | "2021-05-09" | "16:30"     | "West Ham United v Everton"                          | "London Stadium"            |
| "Week 35" | "2021-05-09" | "19:00"     | "Arsenal v West Bromwich Albion"                     | "Emirates Stadium"          |
| "Week 35" | "2021-05-10" | "20:00"     | "Fulham v Burnley"                                   | "Craven Cottage"            |
| "Week 32" | "2021-05-11" | "20:00"     | "Southampton v Crystal Palace"                       | "St. Mary's Stadium"        |
| "Week 36" | "2021-05-12" | "18:00"     | "Manchester United v Leicester City"                 | "Old Trafford"              |
| "Week 36" | "2021-05-12" | "20:15"     | "Chelsea v Arsenal"                                  | "Stamford Bridge"           |
| "Week 19" | "2021-05-13" | "20:00"     | "Aston Villa v Everton"                              | "Villa Park"                |
| "Week 36" | "2021-05-14" | "20:00"     | "Newcastle United v Manchester City"                 | "St. James' Park"           |
| "Week 36" | "2021-05-15" | "12:30"     | "Burnley v Leeds United"                             | "Turf Moor"                 |
| "Week 36" | "2021-05-15" | "15:00"     | "Southampton v Fulham"                               | "St. Mary's Stadium"        |
| "Week 36" | "2021-05-15" | "20:00"     | "Brighton and Hove Albion v West Ham United"         | "Amex Stadium"              |
| "Week 36" | "2021-05-16" | "12:00"     | "Crystal Palace v Aston Villa"                       | "Selhurst Park"             |
| "Week 36" | "2021-05-16" | "14:05"     | "Tottenham Hotspur v Wolverhampton Wanderers"        | "Tottenham Hotspur Stadium" |
| "Week 36" | "2021-05-16" | "16:30"     | "West Bromwich Albion v Liverpool"                   | "The Hawthorns"             |
| "Week 36" | "2021-05-16" | "19:00"     | "Everton v Sheffield United"                         | "Goodison Park"             |
| "Week 37" | "2021-05-19" | "19:45"     | "Brighton and Hove Albion v Manchester City"         | "Amex Stadium"              |
| "Week 37" | "2021-05-19" | "19:45"     | "Chelsea v Leicester City"                           | "Stamford Bridge"           |
| "Week 37" | "2021-05-19" | "19:45"     | "Burnley v Liverpool"                                | "Turf Moor"                 |
| "Week 37" | "2021-05-19" | "19:45"     | "Southampton v Leeds United"                         | "St. Mary's Stadium"        |
| "Week 37" | "2021-05-19" | "19:45"     | "West Bromwich Albion v West Ham United"             | "The Hawthorns"             |
| "Week 37" | "2021-05-19" | "19:45"     | "Crystal Palace v Arsenal"                           | "Selhurst Park"             |
| "Week 37" | "2021-05-19" | "19:45"     | "Everton v Wolverhampton Wanderers"                  | "Goodison Park"             |
| "Week 37" | "2021-05-19" | "19:45"     | "Newcastle United v Sheffield United"                | "St. James' Park"           |
| "Week 37" | "2021-05-19" | "19:45"     | "Manchester United v Fulham"                         | "Old Trafford"              |
| "Week 37" | "2021-05-19" | "19:45"     | "Tottenham Hotspur v Aston Villa"                    | "Tottenham Hotspur Stadium" |
| "Week 38" | "2021-05-23" | "16:00"     | "Wolverhampton Wanderers v Manchester United"        | "Molineux Stadium"          |
| "Week 38" | "2021-05-23" | "16:00"     | "Manchester City v Everton"                          | "Etihad Stadium"            |
| "Week 38" | "2021-05-23" | "16:00"     | "West Ham United v Southampton"                      | "London Stadium"            |
| "Week 38" | "2021-05-23" | "16:00"     | "Liverpool v Crystal Palace"                         | "Anfield"                   |
| "Week 38" | "2021-05-23" | "16:00"     | "Leeds United v West Bromwich Albion"                | "Elland Road"               |
| "Week 38" | "2021-05-23" | "16:00"     | "Fulham v Newcastle United"                          | "Craven Cottage"            |
| "Week 38" | "2021-05-23" | "16:00"     | "Sheffield United v Burnley"                         | "Bramall Lane"              |
| "Week 38" | "2021-05-23" | "16:00"     | "Leicester City v Tottenham Hotspur"                 | "King Power Stadium"        |
| "Week 38" | "2021-05-23" | "16:00"     | "Aston Villa v Chelsea"                              | "Villa Park"                |
| "Week 38" | "2021-05-23" | "16:00"     | "Arsenal v Brighton and Hove Albion"                 | "Emirates Stadium"          |
-------------------------------------------------------------------------------------------------------------------------------
