---------------------------------------------------------------------
| type                                                              |
=====================================================================
| rdf:Property                                                      |
| <http://www.w3.org/2000/01/rdf-schema#Class>                      |
| <http://www.w3.org/2002/07/owl#Class>                             |
| <http://www.w3.org/2002/07/owl#Ontology>                          |
| <https://sportschema.org/ontologies/main/Action>                  |
| <https://sportschema.org/ontologies/main/Associate>               |
| <https://sportschema.org/ontologies/main/Athlete>                 |
| <https://sportschema.org/ontologies/main/Competition>             |
| <https://sportschema.org/ontologies/main/CompetitionPhase>        |
| <https://sportschema.org/ontologies/main/Event>                   |
| <https://sportschema.org/ontologies/main/GoverningBody>           |
| <https://sportschema.org/ontologies/main/IndividualMembership>    |
| <https://sportschema.org/ontologies/main/IndividualParticipation> |
| <https://sportschema.org/ontologies/main/Official>                |
| <https://sportschema.org/ontologies/main/OfficialParticipation>   |
| <https://sportschema.org/ontologies/main/ParticipationSplit>      |
| <https://sportschema.org/ontologies/main/Site>                    |
| <https://sportschema.org/ontologies/main/Team>                    |
| <https://sportschema.org/ontologies/main/TeamParticipation>       |
---------------------------------------------------------------------
