---------------------------------------------------------------------
| class                                                             |
=====================================================================
| <https://sportschema.org/ontologies/main/Action>                  |
| <https://sportschema.org/ontologies/main/Agent>                   |
| <https://sportschema.org/ontologies/main/Associate>               |
| <https://sportschema.org/ontologies/main/AssociateMembership>     |
| <https://sportschema.org/ontologies/main/AssociateParticipation>  |
| <https://sportschema.org/ontologies/main/Athlete>                 |
| <https://sportschema.org/ontologies/main/Competition>             |
| <https://sportschema.org/ontologies/main/CompetitionPhase>        |
| <https://sportschema.org/ontologies/main/CompetitorParticipation> |
| <https://sportschema.org/ontologies/main/Event>                   |
| <https://sportschema.org/ontologies/main/GoverningBody>           |
| <https://sportschema.org/ontologies/main/Individual>              |
| <https://sportschema.org/ontologies/main/IndividualMembership>    |
| <https://sportschema.org/ontologies/main/IndividualParticipation> |
| <https://sportschema.org/ontologies/main/Membership>              |
| <https://sportschema.org/ontologies/main/Official>                |
| <https://sportschema.org/ontologies/main/OfficialParticipation>   |
| <https://sportschema.org/ontologies/main/ParticipatableThing>     |
| <https://sportschema.org/ontologies/main/Participation>           |
| <https://sportschema.org/ontologies/main/ParticipationSplit>      |
| <https://sportschema.org/ontologies/main/Site>                    |
| <https://sportschema.org/ontologies/main/Team>                    |
| <https://sportschema.org/ontologies/main/TeamParticipation>       |
---------------------------------------------------------------------
