-----------------------------------------------------------------------------------------------------------------------------------------------------------------------------------------------------------
| Name                           | CompetitionID                                                   | InstanceOf                                                 | GoverningBody                           |
===========================================================================================================================================================================================================
| "Uttoxeter"                    | <http://example.com/Competition/l.horse-racing.uk>              |                                                            |                                         |
| "Giro d'Italia"                | <http://example.com/Competition/GIRO>                           | <http://example.com/Competition/UCIWT>                     |                                         |
| "Summer Olympics"              | <http://example.com/Competition/OLYS>                           |                                                            | <http://example.com/GoverningBody/IOC>  |
| "World Cup 2018"               | <http://example.com/Competition/WC2018>                         | <http://example.com/Competition/WC>                        |                                         |
| "World Cup"                    | <http://example.com/Competition/WC>                             |                                                            | <http://example.com/GoverningBody/FIFA> |
| "Intel Extreme Masters"        | <http://example.com/Competition/l.intelextrememasters.com>      |                                                            |                                         |
| "Men's Track Cycling (Sprint)" | <http://example.com/Competition/OLYS2020-CTRMSPRINT>            | <http://example.com/Competition/OLYS2020>                  |                                         |
| "National Hockey League"       | <http://example.com/Competition/l.nhl.com>                      |                                                            |                                         |
| "English Premier League 2014"  | <http://example.com/Competition/l.premierleague.com-2014>       | <http://example.com/Competition/l.premierleague.com>       |                                         |
| "National Hockey League 2015"  | <http://example.com/Competition/l.nhl.com-2015>                 | <http://example.com/Competition/l.nhl.com>                 |                                         |
| "English Premier League"       | <http://example.com/Competition/l.premierleague.com>            |                                                            |                                         |
| "Intel Extreme Masters 2019"   | <http://example.com/Competition/l.intelextrememasters.com-2019> | <http://example.com/Competition/l.intelextrememasters.com> |                                         |
| "UCI World Tour"               | <http://example.com/Competition/UCIWT>                          |                                                            | <http://example.com/GoverningBody/UCI>  |
| "Uttoxeter 2021"               | <http://example.com/Competition/l.horse-racing.uk-2021>         | <http://example.com/Competition/l.horse-racing.uk>         |                                         |
| "UCI World Tour 2019"          | <http://example.com/Competition/UCIWT2019>                      | <http://example.com/Competition/UCIWT>                     |                                         |
| "English Premier League 2020"  | <http://example.com/Competition/l.premierleague.com-2020>       | <http://example.com/Competition/l.premierleague.com>       |                                         |
| "Men's 800m"                   | <http://example.com/Competition/OLYS2020-ATHM800M>              | <http://example.com/Competition/OLYS2020>                  |                                         |
| "Giro d'Italia 2019"           | <http://example.com/Competition/GIRO2019>                       | <http://example.com/Competition/GIRO>                      |                                         |
| "Giro d'Italia 2019"           | <http://example.com/Competition/GIRO2019>                       | <http://example.com/Competition/UCIWT2019>                 |                                         |
| "UEFA Champions League 2014"   | <http://example.com/Competition/UEFACL2014>                     | <http://example.com/Competition/UEFACL>                    |                                         |
| "UEFA Champions League"        | <http://example.com/Competition/UEFACL>                         |                                                            | <http://example.com/GoverningBody/UEFA> |
| "2020 Tokyo Summer Olympics"   | <http://example.com/Competition/OLYS2020>                       | <http://example.com/Competition/OLYS>                      |                                         |
-----------------------------------------------------------------------------------------------------------------------------------------------------------------------------------------------------------
