---------------------------------------------------------------------------------------------------------------------------
| eventName                                                  | playerName                         | rank | time           |
===========================================================================================================================
| "Bologna (ITT) - 8km"                                      | "Primoz Roglic"                    | 1    | "00:12:54.000" |
| "Bologna (ITT) - 8km"                                      | "Simon Yates"                      | 2    | "00:13:13.000" |
| "Bologna (ITT) - 8km"                                      | "Vincenzo Nibali"                  | 3    | "00:13:17.000" |
| "Bologna (ITT) - 8km"                                      | "Miguel Angel Lopez"               | 4    | "00:13:22.000" |
| "Bologna (ITT) - 8km"                                      | "Tom Dumoulin"                     | 5    | "00:13:22.000" |
| "Bologna (ITT) - 8km"                                      | "Rafal Majka"                      | 6    | "00:13:27.000" |
| "Bologna (ITT) - 8km"                                      | "Tao Geoghegan Hart"               | 7    | "00:13:29.000" |
| "Bologna (ITT) - 8km"                                      | "Laurens De Plus"                  | 8    | "00:13:29.000" |
| "Bologna (ITT) - 8km"                                      | "Bauke Mollema"                    | 9    | "00:13:33.000" |
| "Bologna (ITT) - 8km"                                      | "Damiano Caruso"                   | 10   | "00:13:34.000" |
| "Bologna (ITT) - 8km"                                      | "Pello Bilbao"                     | 11   | "00:13:36.000" |
| "Bologna (ITT) - 8km"                                      | "Victor De La Parte"               | 12   | "00:13:39.000" |
| "Bologna (ITT) - 8km"                                      | "Bob Jungels"                      | 13   | "00:13:40.000" |
| "Bologna (ITT) - 8km"                                      | "Richard Carapaz"                  | 14   | "00:13:41.000" |
| "Bologna (ITT) - 8km"                                      | "Tanel Kangert"                    | 15   | "00:13:41.000" |
| "Bologna (ITT) - 8km"                                      | "Hugh Carthy"                      | 16   | "00:13:41.000" |
| "Bologna (ITT) - 8km"                                      | "Diego Ulissi"                     | 17   | "00:13:44.000" |
| "Bologna (ITT) - 8km"                                      | "Davide Formolo"                   | 18   | "00:13:44.000" |
| "Bologna (ITT) - 8km"                                      | "Domenico Pozzovivo"               | 19   | "00:13:47.000" |
| "Bologna (ITT) - 8km"                                      | "Victor Campenaerts"               | 20   | "00:13:47.000" |
| "Bologna - Fucecchio - 205km"                              | "Pascal Ackermann"                 | 1    | "04:44:43.000" |
| "Bologna - Fucecchio - 205km"                              | "Elia Viviani"                     | 2    | "04:44:43.000" |
| "Bologna - Fucecchio - 205km"                              | "Caleb Ewan"                       | 3    | "04:44:43.000" |
| "Bologna - Fucecchio - 205km"                              | "Fernando Gaviria"                 | 4    | "04:44:43.000" |
| "Bologna - Fucecchio - 205km"                              | "Arnaud Demare"                    | 5    | "04:44:43.000" |
| "Bologna - Fucecchio - 205km"                              | "Davide Cimolai"                   | 6    | "04:44:43.000" |
| "Bologna - Fucecchio - 205km"                              | "Viacheslav Kuznetsov"             | 7    | "04:44:43.000" |
| "Bologna - Fucecchio - 205km"                              | "Jasper De Buyst"                  | 8    | "04:44:43.000" |
| "Bologna - Fucecchio - 205km"                              | "Kristian Sbaragli"                | 9    | "04:44:43.000" |
| "Bologna - Fucecchio - 205km"                              | "Rudiger Selig"                    | 10   | "04:44:43.000" |
| "Bologna - Fucecchio - 205km"                              | "Ryan Gibbons"                     | 11   | "04:44:43.000" |
| "Bologna - Fucecchio - 205km"                              | "Marco Canola"                     | 12   | "04:44:43.000" |
| "Bologna - Fucecchio - 205km"                              | "Francesco Gavazzi"                | 13   | "04:44:43.000" |
| "Bologna - Fucecchio - 205km"                              | "Simone Consonni"                  | 14   | "04:44:43.000" |
| "Bologna - Fucecchio - 205km"                              | "Enrico Battaglin"                 | 15   | "04:44:48.000" |
| "Bologna - Fucecchio - 205km"                              | "Tosh Van Der Sande"               | 16   | "04:44:48.000" |
| "Bologna - Fucecchio - 205km"                              | "Fabio Sabatini"                   | 17   | "04:44:48.000" |
| "Bologna - Fucecchio - 205km"                              | "Davide Formolo"                   | 18   | "04:44:48.000" |
| "Bologna - Fucecchio - 205km"                              | "Rafal Majka"                      | 19   | "04:44:48.000" |
| "Bologna - Fucecchio - 205km"                              | "Tom Dumoulin"                     | 20   | "04:44:48.000" |
| "Vinci - Orbetello  - 220km"                               | "Fernando Gaviria"                 | 1    | "05:23:19.000" |
| "Vinci - Orbetello  - 220km"                               | "Arnaud Demare"                    | 2    | "05:23:19.000" |
| "Vinci - Orbetello  - 220km"                               | "Pascal Ackermann"                 | 3    | "05:23:19.000" |
| "Vinci - Orbetello  - 220km"                               | "Matteo Moschetti"                 | 4    | "05:23:19.000" |
| "Vinci - Orbetello  - 220km"                               | "Giacomo Nizzolo"                  | 5    | "05:23:19.000" |
| "Vinci - Orbetello  - 220km"                               | "Jakub Mareczko"                   | 6    | "05:23:19.000" |
| "Vinci - Orbetello  - 220km"                               | "Davide Cimolai"                   | 7    | "05:23:19.000" |
| "Vinci - Orbetello  - 220km"                               | "Manuel Belletti"                  | 8    | "05:23:19.000" |
| "Vinci - Orbetello  - 220km"                               | "Christian Knees"                  | 9    | "05:23:19.000" |
| "Vinci - Orbetello  - 220km"                               | "Sacha Modolo"                     | 10   | "05:23:19.000" |
| "Vinci - Orbetello  - 220km"                               | "Simon Yates"                      | 11   | "05:23:19.000" |
| "Vinci - Orbetello  - 220km"                               | "Miguel Angel Lopez"               | 12   | "05:23:19.000" |
| "Vinci - Orbetello  - 220km"                               | "Giovanni Lonardi"                 | 13   | "05:23:19.000" |
| "Vinci - Orbetello  - 220km"                               | "Vincenzo Nibali"                  | 14   | "05:23:19.000" |
| "Vinci - Orbetello  - 220km"                               | "Caleb Ewan"                       | 15   | "05:23:19.000" |
| "Vinci - Orbetello  - 220km"                               | "Jose Rojas"                       | 16   | "05:23:19.000" |
| "Vinci - Orbetello  - 220km"                               | "Bauke Mollema"                    | 17   | "05:23:19.000" |
| "Vinci - Orbetello  - 220km"                               | "Andrey Zeits"                     | 18   | "05:23:19.000" |
| "Vinci - Orbetello  - 220km"                               | "Rafal Majka"                      | 19   | "05:23:19.000" |
| "Vinci - Orbetello  - 220km"                               | "Mikel Landa Meana"                | 20   | "05:23:19.000" |
| "Orbetello - Frascati - 235km"                             | "Richard Carapaz"                  | 1    | "05:58:17.000" |
| "Orbetello - Frascati - 235km"                             | "Caleb Ewan"                       | 2    | "05:58:17.000" |
| "Orbetello - Frascati - 235km"                             | "Diego Ulissi"                     | 3    | "05:58:17.000" |
| "Orbetello - Frascati - 235km"                             | "Pascal Ackermann"                 | 4    | "05:58:19.000" |
| "Orbetello - Frascati - 235km"                             | "Florian Senechal"                 | 5    | "05:58:19.000" |
| "Orbetello - Frascati - 235km"                             | "Primoz Roglic"                    | 6    | "05:58:19.000" |
| "Orbetello - Frascati - 235km"                             | "Valerio Conti"                    | 7    | "05:58:31.000" |
| "Orbetello - Frascati - 235km"                             | "Miguel Angel Lopez"               | 8    | "05:58:35.000" |
| "Orbetello - Frascati - 235km"                             | "Arnaud Demare"                    | 9    | "05:58:35.000" |
| "Orbetello - Frascati - 235km"                             | "Simon Yates"                      | 10   | "05:58:35.000" |
| "Orbetello - Frascati - 235km"                             | "Rafal Majka"                      | 11   | "05:58:35.000" |
| "Orbetello - Frascati - 235km"                             | "Bauke Mollema"                    | 12   | "05:58:35.000" |
| "Orbetello - Frascati - 235km"                             | "Davide Formolo"                   | 13   | "05:58:35.000" |
| "Orbetello - Frascati - 235km"                             | "Tony Gallopin"                    | 14   | "05:58:35.000" |
| "Orbetello - Frascati - 235km"                             | "Vincenzo Nibali"                  | 15   | "00:00:00.000" |
| "Orbetello - Frascati - 235km"                             | "Bob Jungels"                      | 16   | "05:58:35.000" |
| "Orbetello - Frascati - 235km"                             | "Alexis Vuillermoz"                | 17   | "05:58:35.000" |
| "Orbetello - Frascati - 235km"                             | "Ilnur Zakarin"                    | 18   | "05:58:35.000" |
| "Orbetello - Frascati - 235km"                             | "Tao Geoghegan Hart"               | 19   | "05:58:35.000" |
| "Orbetello - Frascati - 235km"                             | "Esteban Chaves"                   | 20   | "05:58:35.000" |
| "Frascati - Terracina - 140km"                             | "Pascal Ackermann"                 | 1    | "03:15:44.000" |
| "Frascati - Terracina - 140km"                             | "Fernando Gaviria"                 | 2    | "03:15:44.000" |
| "Frascati - Terracina - 140km"                             | "Arnaud Demare"                    | 3    | "03:15:44.000" |
| "Frascati - Terracina - 140km"                             | "Caleb Ewan"                       | 4    | "03:15:44.000" |
| "Frascati - Terracina - 140km"                             | "Matteo Moschetti"                 | 5    | "03:15:44.000" |
| "Frascati - Terracina - 140km"                             | "Ryan Gibbons"                     | 6    | "03:15:44.000" |
| "Frascati - Terracina - 140km"                             | "Paolo Simion"                     | 7    | "03:15:44.000" |
| "Frascati - Terracina - 140km"                             | "Jenthe Biermans"                  | 8    | "03:15:44.000" |
| "Frascati - Terracina - 140km"                             | "Giovanni Lonardi"                 | 9    | "03:15:44.000" |
| "Frascati - Terracina - 140km"                             | "Manuel Belletti"                  | 10   | "03:15:44.000" |
| "Frascati - Terracina - 140km"                             | "Davide Cimolai"                   | 11   | "03:15:44.000" |
| "Frascati - Terracina - 140km"                             | "Josef Cerny"                      | 12   | "03:15:44.000" |
| "Frascati - Terracina - 140km"                             | "Sean Bennett"                     | 13   | "03:15:44.000" |
| "Frascati - Terracina - 140km"                             | "Juan Lobato Del Valle"            | 14   | "03:15:44.000" |
| "Frascati - Terracina - 140km"                             | "Rudiger Selig"                    | 15   | "03:15:44.000" |
| "Frascati - Terracina - 140km"                             | "Giacomo Nizzolo"                  | 16   | "03:15:44.000" |
| "Frascati - Terracina - 140km"                             | "Simone Consonni"                  | 17   | "03:15:44.000" |
| "Frascati - Terracina - 140km"                             | "Jacopo Guarnieri"                 | 18   | "03:15:44.000" |
| "Frascati - Terracina - 140km"                             | "Elia Viviani"                     | 19   | "03:15:44.000" |
| "Frascati - Terracina - 140km"                             | "Marco Haller"                     | 20   | "03:15:44.000" |
| "Cassino - San Giovanni Rotondo - 238km"                   | "Fausto Masnada"                   | 1    | "05:45:01.000" |
| "Cassino - San Giovanni Rotondo - 238km"                   | "Valerio Conti"                    | 2    | "05:45:06.000" |
| "Cassino - San Giovanni Rotondo - 238km"                   | "Jose Rojas"                       | 3    | "05:45:39.000" |
| "Cassino - San Giovanni Rotondo - 238km"                   | "Ruben Plaza Molina"               | 4    | "05:45:39.000" |
| "Cassino - San Giovanni Rotondo - 238km"                   | "Giovanni Carboni"                 | 5    | "05:45:44.000" |
| "Cassino - San Giovanni Rotondo - 238km"                   | "Pieter Serry"                     | 6    | "05:45:55.000" |
| "Cassino - San Giovanni Rotondo - 238km"                   | "Valentin Madouas"                 | 7    | "05:45:55.000" |
| "Cassino - San Giovanni Rotondo - 238km"                   | "Nans Peters"                      | 8    | "05:45:58.000" |
| "Cassino - San Giovanni Rotondo - 238km"                   | "Andrey Amador"                    | 9    | "05:45:58.000" |
| "Cassino - San Giovanni Rotondo - 238km"                   | "Amaro Antunes"                    | 10   | "05:45:58.000" |
| "Cassino - San Giovanni Rotondo - 238km"                   | "Sam Oomen"                        | 11   | "05:46:04.000" |
| "Cassino - San Giovanni Rotondo - 238km"                   | "Nicola Conci"                     | 12   | "05:47:19.000" |
| "Cassino - San Giovanni Rotondo - 238km"                   | "Guillaume Boivin"                 | 13   | "05:52:18.000" |
| "Cassino - San Giovanni Rotondo - 238km"                   | "Koen Bouwman"                     | 14   | "05:52:20.000" |
| "Cassino - San Giovanni Rotondo - 238km"                   | "Lorenzo Rota"                     | 15   | "05:52:20.000" |
| "Cassino - San Giovanni Rotondo - 238km"                   | "Antwan Tolhoek"                   | 16   | "05:52:20.000" |
| "Cassino - San Giovanni Rotondo - 238km"                   | "Primoz Roglic"                    | 17   | "05:52:20.000" |
| "Cassino - San Giovanni Rotondo - 238km"                   | "Simon Yates"                      | 18   | "05:52:20.000" |
| "Cassino - San Giovanni Rotondo - 238km"                   | "Jan Bakelants"                    | 19   | "05:52:20.000" |
| "Cassino - San Giovanni Rotondo - 238km"                   | "Brent Bookwalter"                 | 20   | "05:52:20.000" |
| "Vasto - l'Aquila - 185km"                                 | "Pello Bilbao"                     | 1    | "04:06:27.000" |
| "Vasto - l'Aquila - 185km"                                 | "Tony Gallopin"                    | 2    | "04:06:32.000" |
| "Vasto - l'Aquila - 185km"                                 | "Davide Formolo"                   | 3    | "04:06:32.000" |
| "Vasto - l'Aquila - 185km"                                 | "Lucas Hamilton"                   | 4    | "04:06:36.000" |
| "Vasto - l'Aquila - 185km"                                 | "Mattia Cattaneo"                  | 5    | "04:06:36.000" |
| "Vasto - l'Aquila - 185km"                                 | "Jose Rojas"                       | 6    | "04:06:57.000" |
| "Vasto - l'Aquila - 185km"                                 | "Sebastian Henao Gomez"            | 7    | "04:07:15.000" |
| "Vasto - l'Aquila - 185km"                                 | "Antonio Pedrero"                  | 8    | "04:07:28.000" |
| "Vasto - l'Aquila - 185km"                                 | "Valentin Madouas"                 | 9    | "04:07:34.000" |
| "Vasto - l'Aquila - 185km"                                 | "Andrea Vendrame"                  | 10   | "04:07:34.000" |
| "Vasto - l'Aquila - 185km"                                 | "Tosh Van Der Sande"               | 11   | "04:07:34.000" |
| "Vasto - l'Aquila - 185km"                                 | "Enrico Battaglin"                 | 12   | "04:07:34.000" |
| "Vasto - l'Aquila - 185km"                                 | "Francesco Gavazzi"                | 13   | "04:07:34.000" |
| "Vasto - l'Aquila - 185km"                                 | "Rafal Majka"                      | 14   | "04:07:34.000" |
| "Vasto - l'Aquila - 185km"                                 | "Jan Bakelants"                    | 15   | "04:07:34.000" |
| "Vasto - l'Aquila - 185km"                                 | "Miguel Angel Lopez"               | 16   | "04:07:34.000" |
| "Vasto - l'Aquila - 185km"                                 | "Vincenzo Nibali"                  | 17   | "04:07:34.000" |
| "Vasto - l'Aquila - 185km"                                 | "Simon Yates"                      | 18   | "04:07:34.000" |
| "Vasto - l'Aquila - 185km"                                 | "Bob Jungels"                      | 19   | "04:07:34.000" |
| "Vasto - l'Aquila - 185km"                                 | "Primoz Roglic"                    | 20   | "04:07:34.000" |
| "Tortoreto Lido - Pesaro - 239km"                          | "Caleb Ewan"                       | 1    | "05:43:32.000" |
| "Tortoreto Lido - Pesaro - 239km"                          | "Elia Viviani"                     | 2    | "05:43:32.000" |
| "Tortoreto Lido - Pesaro - 239km"                          | "Pascal Ackermann"                 | 3    | "05:43:32.000" |
| "Tortoreto Lido - Pesaro - 239km"                          | "Fabio Sabatini"                   | 4    | "05:43:32.000" |
| "Tortoreto Lido - Pesaro - 239km"                          | "Manuel Belletti"                  | 5    | "05:43:32.000" |
| "Tortoreto Lido - Pesaro - 239km"                          | "Arnaud Demare"                    | 6    | "05:43:32.000" |
| "Tortoreto Lido - Pesaro - 239km"                          | "Davide Cimolai"                   | 7    | "05:43:32.000" |
| "Tortoreto Lido - Pesaro - 239km"                          | "Marco Canola"                     | 8    | "05:43:32.000" |
| "Tortoreto Lido - Pesaro - 239km"                          | "Giacomo Nizzolo"                  | 9    | "05:43:32.000" |
| "Tortoreto Lido - Pesaro - 239km"                          | "Rudiger Selig"                    | 10   | "05:43:32.000" |
| "Tortoreto Lido - Pesaro - 239km"                          | "Jose Rojas"                       | 11   | "05:43:32.000" |
| "Tortoreto Lido - Pesaro - 239km"                          | "Valerio Agnoli"                   | 12   | "05:43:32.000" |
| "Tortoreto Lido - Pesaro - 239km"                          | "Paul Martens"                     | 13   | "05:43:32.000" |
| "Tortoreto Lido - Pesaro - 239km"                          | "Michael Gogl"                     | 14   | "05:43:32.000" |
| "Tortoreto Lido - Pesaro - 239km"                          | "Andrey Zeits"                     | 15   | "05:43:32.000" |
| "Tortoreto Lido - Pesaro - 239km"                          | "Amaro Antunes"                    | 16   | "05:43:32.000" |
| "Tortoreto Lido - Pesaro - 239km"                          | "Davide Formolo"                   | 17   | "05:43:32.000" |
| "Tortoreto Lido - Pesaro - 239km"                          | "Primoz Roglic"                    | 18   | "05:43:32.000" |
| "Tortoreto Lido - Pesaro - 239km"                          | "Bob Jungels"                      | 19   | "05:43:32.000" |
| "Tortoreto Lido - Pesaro - 239km"                          | "Richard Carapaz"                  | 20   | "05:43:32.000" |
| "Riccione - San Marino (ITT) - 34.8km"                     | "Primoz Roglic"                    | 1    | "00:51:52.000" |
| "Riccione - San Marino (ITT) - 34.8km"                     | "Victor Campenaerts"               | 2    | "00:52:03.000" |
| "Riccione - San Marino (ITT) - 34.8km"                     | "Bauke Mollema"                    | 3    | "00:52:52.000" |
| "Riccione - San Marino (ITT) - 34.8km"                     | "Vincenzo Nibali"                  | 4    | "00:52:57.000" |
| "Riccione - San Marino (ITT) - 34.8km"                     | "Tanel Kangert"                    | 5    | "00:53:02.000" |
| "Riccione - San Marino (ITT) - 34.8km"                     | "Chad Haga"                        | 6    | "00:53:06.000" |
| "Riccione - San Marino (ITT) - 34.8km"                     | "Bob Jungels"                      | 7    | "00:53:08.000" |
| "Riccione - San Marino (ITT) - 34.8km"                     | "Hugh Carthy"                      | 8    | "00:53:22.000" |
| "Riccione - San Marino (ITT) - 34.8km"                     | "Pello Bilbao"                     | 9    | "00:53:35.000" |
| "Riccione - San Marino (ITT) - 34.8km"                     | "Mattia Cattaneo"                  | 10   | "00:53:44.000" |
| "Riccione - San Marino (ITT) - 34.8km"                     | "Jan Polanc"                       | 11   | "00:53:47.000" |
| "Riccione - San Marino (ITT) - 34.8km"                     | "Richard Carapaz"                  | 12   | "00:53:47.000" |
| "Riccione - San Marino (ITT) - 34.8km"                     | "Ilnur Zakarin"                    | 13   | "00:53:48.000" |
| "Riccione - San Marino (ITT) - 34.8km"                     | "Rafal Majka"                      | 14   | "00:53:56.000" |
| "Riccione - San Marino (ITT) - 34.8km"                     | "Diego Ulissi"                     | 15   | "00:54:00.000" |
| "Riccione - San Marino (ITT) - 34.8km"                     | "Ben O'Connor"                     | 16   | "00:54:03.000" |
| "Riccione - San Marino (ITT) - 34.8km"                     | "Victor De La Parte"               | 17   | "00:54:12.000" |
| "Riccione - San Marino (ITT) - 34.8km"                     | "Tom Leezer"                       | 18   | "00:54:24.000" |
| "Riccione - San Marino (ITT) - 34.8km"                     | "Sean Bennett"                     | 19   | "00:54:29.000" |
| "Riccione - San Marino (ITT) - 34.8km"                     | "Jon Izaguirre Insausti"           | 20   | "00:54:31.000" |
| "Ravenna - Modena - 145km"                                 | "Arnaud Demare"                    | 1    | "03:36:07.000" |
| "Ravenna - Modena - 145km"                                 | "Elia Viviani"                     | 2    | "03:36:07.000" |
| "Ravenna - Modena - 145km"                                 | "Rudiger Selig"                    | 3    | "03:36:07.000" |
| "Ravenna - Modena - 145km"                                 | "Caleb Ewan"                       | 4    | "03:36:07.000" |
| "Ravenna - Modena - 145km"                                 | "Giacomo Nizzolo"                  | 5    | "03:36:07.000" |
| "Ravenna - Modena - 145km"                                 | "Davide Cimolai"                   | 6    | "03:36:07.000" |
| "Ravenna - Modena - 145km"                                 | "Manuel Belletti"                  | 7    | "03:36:07.000" |
| "Ravenna - Modena - 145km"                                 | "Giovanni Lonardi"                 | 8    | "03:36:07.000" |
| "Ravenna - Modena - 145km"                                 | "Jasper De Buyst"                  | 9    | "03:36:07.000" |
| "Ravenna - Modena - 145km"                                 | "Jacopo Guarnieri"                 | 10   | "03:36:07.000" |
| "Ravenna - Modena - 145km"                                 | "Fabio Sabatini"                   | 11   | "03:36:07.000" |
| "Ravenna - Modena - 145km"                                 | "Sean Bennett"                     | 12   | "03:36:07.000" |
| "Ravenna - Modena - 145km"                                 | "Tobias Ludvigsson"                | 13   | "03:36:07.000" |
| "Ravenna - Modena - 145km"                                 | "Roger Kluge"                      | 14   | "03:36:07.000" |
| "Ravenna - Modena - 145km"                                 | "Florian Senechal"                 | 15   | "03:36:07.000" |
| "Ravenna - Modena - 145km"                                 | "Josef Cerny"                      | 16   | "03:36:07.000" |
| "Ravenna - Modena - 145km"                                 | "Ramon Sinkeldam"                  | 17   | "03:36:07.000" |
| "Ravenna - Modena - 145km"                                 | "Viacheslav Kuznetsov"             | 18   | "03:36:07.000" |
| "Ravenna - Modena - 145km"                                 | "Marco Marcato"                    | 19   | "03:36:07.000" |
| "Ravenna - Modena - 145km"                                 | "Kristian Sbaragli"                | 20   | "03:36:07.000" |
| "Carpi - Novi Ligure - 221km"                              | "Caleb Ewan"                       | 1    | "05:17:26.000" |
| "Carpi - Novi Ligure - 221km"                              | "Arnaud Demare"                    | 2    | "05:17:26.000" |
| "Carpi - Novi Ligure - 221km"                              | "Pascal Ackermann"                 | 3    | "05:17:26.000" |
| "Carpi - Novi Ligure - 221km"                              | "Elia Viviani"                     | 4    | "05:17:26.000" |
| "Carpi - Novi Ligure - 221km"                              | "Davide Cimolai"                   | 5    | "05:17:26.000" |
| "Carpi - Novi Ligure - 221km"                              | "Simone Consonni"                  | 6    | "05:17:26.000" |
| "Carpi - Novi Ligure - 221km"                              | "Ryan Gibbons"                     | 7    | "05:17:26.000" |
| "Carpi - Novi Ligure - 221km"                              | "Giacomo Nizzolo"                  | 8    | "05:17:26.000" |
| "Carpi - Novi Ligure - 221km"                              | "Jakub Mareczko"                   | 9    | "05:17:26.000" |
| "Carpi - Novi Ligure - 221km"                              | "Sean Bennett"                     | 10   | "05:17:26.000" |
| "Carpi - Novi Ligure - 221km"                              | "Juan Lobato Del Valle"            | 11   | "05:17:26.000" |
| "Carpi - Novi Ligure - 221km"                              | "Marco Canola"                     | 12   | "05:17:26.000" |
| "Carpi - Novi Ligure - 221km"                              | "Manuel Belletti"                  | 13   | "05:17:26.000" |
| "Carpi - Novi Ligure - 221km"                              | "Giovanni Lonardi"                 | 14   | "05:17:26.000" |
| "Carpi - Novi Ligure - 221km"                              | "Enrico Barbin"                    | 15   | "05:17:26.000" |
| "Carpi - Novi Ligure - 221km"                              | "Viacheslav Kuznetsov"             | 16   | "05:17:26.000" |
| "Carpi - Novi Ligure - 221km"                              | "Jose Rojas"                       | 17   | "05:17:26.000" |
| "Carpi - Novi Ligure - 221km"                              | "Marco Marcato"                    | 18   | "05:17:26.000" |
| "Carpi - Novi Ligure - 221km"                              | "Bob Jungels"                      | 19   | "05:17:26.000" |
| "Carpi - Novi Ligure - 221km"                              | "Paolo Simion"                     | 20   | "05:17:26.000" |
| "Cuneo - Pinerolo - 156km"                                 | "Cesare Benedetti"                 | 1    | "03:41:49.000" |
| "Cuneo - Pinerolo - 156km"                                 | "Damiano Caruso"                   | 2    | "03:41:49.000" |
| "Cuneo - Pinerolo - 156km"                                 | "Edward Dunbar"                    | 3    | "03:41:49.000" |
| "Cuneo - Pinerolo - 156km"                                 | "Gianlucia Brambilla"              | 4    | "03:41:51.000" |
| "Cuneo - Pinerolo - 156km"                                 | "Eros Capecchi"                    | 5    | "03:41:55.000" |
| "Cuneo - Pinerolo - 156km"                                 | "Jan Polanc"                       | 6    | "03:42:14.000" |
| "Cuneo - Pinerolo - 156km"                                 | "Matteo Montaguti"                 | 7    | "03:42:23.000" |
| "Cuneo - Pinerolo - 156km"                                 | "Thomas De Gendt"                  | 8    | "03:44:25.000" |
| "Cuneo - Pinerolo - 156km"                                 | "Francesco Gavazzi"                | 9    | "03:44:25.000" |
| "Cuneo - Pinerolo - 156km"                                 | "Manuel Senni"                     | 10   | "03:44:27.000" |
| "Cuneo - Pinerolo - 156km"                                 | "Josef Cerny"                      | 11   | "03:44:31.000" |
| "Cuneo - Pinerolo - 156km"                                 | "Tobias Ludvigsson"                | 12   | "03:44:41.000" |
| "Cuneo - Pinerolo - 156km"                                 | "Roger Kluge"                      | 13   | "03:44:54.000" |
| "Cuneo - Pinerolo - 156km"                                 | "Luca Covili"                      | 14   | "03:44:54.000" |
| "Cuneo - Pinerolo - 156km"                                 | "Enrico Gasparotto"                | 15   | "03:45:12.000" |
| "Cuneo - Pinerolo - 156km"                                 | "Jan Bakelants"                    | 16   | "03:48:12.000" |
| "Cuneo - Pinerolo - 156km"                                 | "Danilo Wyss"                      | 17   | "03:48:22.000" |
| "Cuneo - Pinerolo - 156km"                                 | "Miguel Angel Lopez"               | 18   | "03:49:24.000" |
| "Cuneo - Pinerolo - 156km"                                 | "Mikel Landa Meana"                | 19   | "03:49:24.000" |
| "Cuneo - Pinerolo - 156km"                                 | "Conor Dunne"                      | 20   | "03:49:25.000" |
| "Pinerolo - Ceresole Reale (Lago Serru) - 196km"           | "Ilnur Zakarin"                    | 1    | "05:34:40.000" |
| "Pinerolo - Ceresole Reale (Lago Serru) - 196km"           | "Mikel Nieve"                      | 2    | "05:35:15.000" |
| "Pinerolo - Ceresole Reale (Lago Serru) - 196km"           | "Mikel Landa Meana"                | 3    | "05:36:00.000" |
| "Pinerolo - Ceresole Reale (Lago Serru) - 196km"           | "Richard Carapaz"                  | 4    | "05:36:18.000" |
| "Pinerolo - Ceresole Reale (Lago Serru) - 196km"           | "Bauke Mollema"                    | 5    | "05:36:25.000" |
| "Pinerolo - Ceresole Reale (Lago Serru) - 196km"           | "Rafal Majka"                      | 6    | "05:36:47.000" |
| "Pinerolo - Ceresole Reale (Lago Serru) - 196km"           | "Primoz Roglic"                    | 7    | "05:37:37.000" |
| "Pinerolo - Ceresole Reale (Lago Serru) - 196km"           | "Vincenzo Nibali"                  | 8    | "05:37:37.000" |
| "Pinerolo - Ceresole Reale (Lago Serru) - 196km"           | "Pavel Sivakov"                    | 9    | "05:38:14.000" |
| "Pinerolo - Ceresole Reale (Lago Serru) - 196km"           | "Davide Formolo"                   | 10   | "05:38:30.000" |
| "Pinerolo - Ceresole Reale (Lago Serru) - 196km"           | "Miguel Angel Lopez"               | 11   | "05:38:59.000" |
| "Pinerolo - Ceresole Reale (Lago Serru) - 196km"           | "Tanel Kangert"                    | 12   | "05:39:03.000" |
| "Pinerolo - Ceresole Reale (Lago Serru) - 196km"           | "Joseph Dombrowski"                | 13   | "05:39:05.000" |
| "Pinerolo - Ceresole Reale (Lago Serru) - 196km"           | "Valentin Madouas"                 | 14   | "05:39:17.000" |
| "Pinerolo - Ceresole Reale (Lago Serru) - 196km"           | "Jan Polanc"                       | 15   | "05:39:19.000" |
| "Pinerolo - Ceresole Reale (Lago Serru) - 196km"           | "Giulio Ciccone"                   | 16   | "05:39:34.000" |
| "Pinerolo - Ceresole Reale (Lago Serru) - 196km"           | "Simon Yates"                      | 17   | "05:39:40.000" |
| "Pinerolo - Ceresole Reale (Lago Serru) - 196km"           | "Domenico Pozzovivo"               | 18   | "05:41:20.000" |
| "Pinerolo - Ceresole Reale (Lago Serru) - 196km"           | "Fausto Masnada"                   | 19   | "05:42:39.000" |
| "Pinerolo - Ceresole Reale (Lago Serru) - 196km"           | "Tony Gallopin"                    | 20   | "05:44:00.000" |
| "Saint-Vincent - Courmayeur (Skyway Monte Bianco) - 131km" | "Richard Carapaz"                  | 1    | "04:02:23.000" |
| "Saint-Vincent - Courmayeur (Skyway Monte Bianco) - 131km" | "Simon Yates"                      | 2    | "04:03:55.000" |
| "Saint-Vincent - Courmayeur (Skyway Monte Bianco) - 131km" | "Vincenzo Nibali"                  | 3    | "04:04:17.000" |
| "Saint-Vincent - Courmayeur (Skyway Monte Bianco) - 131km" | "Rafal Majka"                      | 4    | "04:04:17.000" |
| "Saint-Vincent - Courmayeur (Skyway Monte Bianco) - 131km" | "Mikel Landa Meana"                | 5    | "04:04:17.000" |
| "Saint-Vincent - Courmayeur (Skyway Monte Bianco) - 131km" | "Miguel Angel Lopez"               | 6    | "04:04:17.000" |
| "Saint-Vincent - Courmayeur (Skyway Monte Bianco) - 131km" | "Pavel Sivakov"                    | 7    | "04:04:17.000" |
| "Saint-Vincent - Courmayeur (Skyway Monte Bianco) - 131km" | "Primoz Roglic"                    | 8    | "04:04:17.000" |
| "Saint-Vincent - Courmayeur (Skyway Monte Bianco) - 131km" | "Joseph Dombrowski"                | 9    | "04:04:17.000" |
| "Saint-Vincent - Courmayeur (Skyway Monte Bianco) - 131km" | "Damiano Caruso"                   | 10   | "04:04:24.000" |
| "Saint-Vincent - Courmayeur (Skyway Monte Bianco) - 131km" | "Davide Formolo"                   | 11   | "04:06:12.000" |
| "Saint-Vincent - Courmayeur (Skyway Monte Bianco) - 131km" | "Bauke Mollema"                    | 12   | "04:06:27.000" |
| "Saint-Vincent - Courmayeur (Skyway Monte Bianco) - 131km" | "Hugh Carthy"                      | 13   | "04:08:03.000" |
| "Saint-Vincent - Courmayeur (Skyway Monte Bianco) - 131km" | "Mikel Nieve"                      | 14   | "04:08:03.000" |
| "Saint-Vincent - Courmayeur (Skyway Monte Bianco) - 131km" | "Antonio Pedrero"                  | 15   | "04:08:03.000" |
| "Saint-Vincent - Courmayeur (Skyway Monte Bianco) - 131km" | "Alexis Vuillermoz"                | 16   | "04:08:21.000" |
| "Saint-Vincent - Courmayeur (Skyway Monte Bianco) - 131km" | "Valentin Madouas"                 | 17   | "04:08:21.000" |
| "Saint-Vincent - Courmayeur (Skyway Monte Bianco) - 131km" | "Andrey Zeits"                     | 18   | "04:08:21.000" |
| "Saint-Vincent - Courmayeur (Skyway Monte Bianco) - 131km" | "Giulio Ciccone"                   | 19   | "04:09:36.000" |
| "Saint-Vincent - Courmayeur (Skyway Monte Bianco) - 131km" | "Ilnur Zakarin"                    | 20   | "04:09:43.000" |
| "Ivrea - Como - 232km"                                     | "Dario Cataldo"                    | 1    | "05:48:15.000" |
| "Ivrea - Como - 232km"                                     | "Mattia Cattaneo"                  | 2    | "05:48:15.000" |
| "Ivrea - Como - 232km"                                     | "Simon Yates"                      | 3    | "05:48:26.000" |
| "Ivrea - Como - 232km"                                     | "Hugh Carthy"                      | 4    | "05:48:26.000" |
| "Ivrea - Como - 232km"                                     | "Richard Carapaz"                  | 5    | "05:48:26.000" |
| "Ivrea - Como - 232km"                                     | "Vincenzo Nibali"                  | 6    | "05:48:26.000" |
| "Ivrea - Como - 232km"                                     | "Miguel Angel Lopez"               | 7    | "05:48:51.000" |
| "Ivrea - Como - 232km"                                     | "Rafal Majka"                      | 8    | "05:48:51.000" |
| "Ivrea - Como - 232km"                                     | "Domenico Pozzovivo"               | 9    | "05:48:51.000" |
| "Ivrea - Como - 232km"                                     | "Mikel Landa Meana"                | 10   | "05:48:51.000" |
| "Ivrea - Como - 232km"                                     | "Davide Formolo"                   | 11   | "05:48:51.000" |
| "Ivrea - Como - 232km"                                     | "Bauke Mollema"                    | 12   | "05:49:06.000" |
| "Ivrea - Como - 232km"                                     | "Primoz Roglic"                    | 13   | "05:49:06.000" |
| "Ivrea - Como - 232km"                                     | "Jon Izaguirre Insausti"           | 14   | "05:49:06.000" |
| "Ivrea - Como - 232km"                                     | "Jan Polanc"                       | 15   | "05:49:09.000" |
| "Ivrea - Como - 232km"                                     | "Pavel Sivakov"                    | 16   | "05:49:19.000" |
| "Ivrea - Como - 232km"                                     | "Ilnur Zakarin"                    | 17   | "05:49:19.000" |
| "Ivrea - Como - 232km"                                     | "Jan Hirt"                         | 18   | "05:49:19.000" |
| "Ivrea - Como - 232km"                                     | "Edward Dunbar"                    | 19   | "05:49:21.000" |
| "Ivrea - Como - 232km"                                     | "Jai Hindley"                      | 20   | "05:49:42.000" |
| "Lovere - Ponte di Legno - 226km"                          | "Giulio Ciccone"                   | 1    | "05:36:24.000" |
| "Lovere - Ponte di Legno - 226km"                          | "Jan Hirt"                         | 2    | "05:36:24.000" |
| "Lovere - Ponte di Legno - 226km"                          | "Fausto Masnada"                   | 3    | "05:37:44.000" |
| "Lovere - Ponte di Legno - 226km"                          | "Vincenzo Nibali"                  | 4    | "05:38:05.000" |
| "Lovere - Ponte di Legno - 226km"                          | "Hugh Carthy"                      | 5    | "05:38:05.000" |
| "Lovere - Ponte di Legno - 226km"                          | "Richard Carapaz"                  | 6    | "05:38:05.000" |
| "Lovere - Ponte di Legno - 226km"                          | "Mikel Landa Meana"                | 7    | "05:38:05.000" |
| "Lovere - Ponte di Legno - 226km"                          | "Joseph Dombrowski"                | 8    | "05:38:05.000" |
| "Lovere - Ponte di Legno - 226km"                          | "Damiano Caruso"                   | 9    | "05:38:13.000" |
| "Lovere - Ponte di Legno - 226km"                          | "Mattia Cattaneo"                  | 10   | "05:38:27.000" |
| "Lovere - Ponte di Legno - 226km"                          | "Miguel Angel Lopez"               | 11   | "05:38:27.000" |
| "Lovere - Ponte di Legno - 226km"                          | "Bauke Mollema"                    | 12   | "05:39:27.000" |
| "Lovere - Ponte di Legno - 226km"                          | "Mikel Nieve"                      | 13   | "05:39:27.000" |
| "Lovere - Ponte di Legno - 226km"                          | "Simon Yates"                      | 14   | "05:39:27.000" |
| "Lovere - Ponte di Legno - 226km"                          | "Primoz Roglic"                    | 15   | "05:39:27.000" |
| "Lovere - Ponte di Legno - 226km"                          | "Pavel Sivakov"                    | 16   | "05:40:08.000" |
| "Lovere - Ponte di Legno - 226km"                          | "Lucas Hamilton"                   | 17   | "05:40:08.000" |
| "Lovere - Ponte di Legno - 226km"                          | "Domenico Pozzovivo"               | 18   | "05:40:08.000" |
| "Lovere - Ponte di Legno - 226km"                          | "Jai Hindley"                      | 19   | "05:40:26.000" |
| "Lovere - Ponte di Legno - 226km"                          | "Davide Formolo"                   | 20   | "05:41:10.000" |
| "Commezzadura (Val Di Sole) - Anterselva/Antholz - 181km"  | "Nans Peters"                      | 1    | "04:41:34.000" |
| "Commezzadura (Val Di Sole) - Anterselva/Antholz - 181km"  | "Esteban Chaves"                   | 2    | "04:43:08.000" |
| "Commezzadura (Val Di Sole) - Anterselva/Antholz - 181km"  | "Davide Formolo"                   | 3    | "04:43:25.000" |
| "Commezzadura (Val Di Sole) - Anterselva/Antholz - 181km"  | "Fausto Masnada"                   | 4    | "04:43:25.000" |
| "Commezzadura (Val Di Sole) - Anterselva/Antholz - 181km"  | "Krists Neilands"                  | 5    | "04:43:25.000" |
| "Commezzadura (Val Di Sole) - Anterselva/Antholz - 181km"  | "Tanel Kangert"                    | 6    | "04:43:36.000" |
| "Commezzadura (Val Di Sole) - Anterselva/Antholz - 181km"  | "Valerio Conti"                    | 7    | "04:43:42.000" |
| "Commezzadura (Val Di Sole) - Anterselva/Antholz - 181km"  | "Gianlucia Brambilla"              | 8    | "04:43:42.000" |
| "Commezzadura (Val Di Sole) - Anterselva/Antholz - 181km"  | "Chris Hamilton"                   | 9    | "04:43:56.000" |
| "Commezzadura (Val Di Sole) - Anterselva/Antholz - 181km"  | "Andrea Vendrame"                  | 10   | "04:44:08.000" |
| "Commezzadura (Val Di Sole) - Anterselva/Antholz - 181km"  | "Thomas De Gendt"                  | 11   | "04:44:11.000" |
| "Commezzadura (Val Di Sole) - Anterselva/Antholz - 181km"  | "Koen Bouwman"                     | 12   | "04:44:22.000" |
| "Commezzadura (Val Di Sole) - Anterselva/Antholz - 181km"  | "Victor De La Parte"               | 13   | "04:44:39.000" |
| "Commezzadura (Val Di Sole) - Anterselva/Antholz - 181km"  | "Amaro Antunes"                    | 14   | "04:44:39.000" |
| "Commezzadura (Val Di Sole) - Anterselva/Antholz - 181km"  | "Jan Bakelants"                    | 15   | "04:45:03.000" |
| "Commezzadura (Val Di Sole) - Anterselva/Antholz - 181km"  | "Nicola Conci"                     | 16   | "04:45:09.000" |
| "Commezzadura (Val Di Sole) - Anterselva/Antholz - 181km"  | "Mirco Maestri"                    | 17   | "04:45:15.000" |
| "Commezzadura (Val Di Sole) - Anterselva/Antholz - 181km"  | "Bob Jungels"                      | 18   | "04:45:23.000" |
| "Commezzadura (Val Di Sole) - Anterselva/Antholz - 181km"  | "Mikel Landa Meana"                | 19   | "04:46:01.000" |
| "Commezzadura (Val Di Sole) - Anterselva/Antholz - 181km"  | "Richard Carapaz"                  | 20   | "04:46:13.000" |
| "Valdaora/Olang - Santa Maria di Sala - 222km"             | "Damiano Cima"                     | 1    | "04:56:04.000" |
| "Valdaora/Olang - Santa Maria di Sala - 222km"             | "Pascal Ackermann"                 | 2    | "04:56:04.000" |
| "Valdaora/Olang - Santa Maria di Sala - 222km"             | "Simone Consonni"                  | 3    | "04:56:04.000" |
| "Valdaora/Olang - Santa Maria di Sala - 222km"             | "Florian Senechal"                 | 4    | "04:56:04.000" |
| "Valdaora/Olang - Santa Maria di Sala - 222km"             | "Ryan Gibbons"                     | 5    | "04:56:04.000" |
| "Valdaora/Olang - Santa Maria di Sala - 222km"             | "Manuel Belletti"                  | 6    | "04:56:04.000" |
| "Valdaora/Olang - Santa Maria di Sala - 222km"             | "Davide Cimolai"                   | 7    | "04:56:04.000" |
| "Valdaora/Olang - Santa Maria di Sala - 222km"             | "Arnaud Demare"                    | 8    | "04:56:04.000" |
| "Valdaora/Olang - Santa Maria di Sala - 222km"             | "Sean Bennett"                     | 9    | "04:56:04.000" |
| "Valdaora/Olang - Santa Maria di Sala - 222km"             | "Mirco Maestri"                    | 10   | "04:56:04.000" |
| "Valdaora/Olang - Santa Maria di Sala - 222km"             | "Nico Denz"                        | 11   | "04:56:04.000" |
| "Valdaora/Olang - Santa Maria di Sala - 222km"             | "Paolo Simion"                     | 12   | "04:56:04.000" |
| "Valdaora/Olang - Santa Maria di Sala - 222km"             | "Michael Gogl"                     | 13   | "04:56:04.000" |
| "Valdaora/Olang - Santa Maria di Sala - 222km"             | "Juan Lobato Del Valle"            | 14   | "04:56:04.000" |
| "Valdaora/Olang - Santa Maria di Sala - 222km"             | "Josef Cerny"                      | 15   | "04:56:04.000" |
| "Valdaora/Olang - Santa Maria di Sala - 222km"             | "Marco Haller"                     | 16   | "04:56:04.000" |
| "Valdaora/Olang - Santa Maria di Sala - 222km"             | "Marco Marcato"                    | 17   | "04:56:04.000" |
| "Valdaora/Olang - Santa Maria di Sala - 222km"             | "Rudiger Selig"                    | 18   | "04:56:04.000" |
| "Valdaora/Olang - Santa Maria di Sala - 222km"             | "Jenthe Biermans"                  | 19   | "04:56:04.000" |
| "Valdaora/Olang - Santa Maria di Sala - 222km"             | "Francisco Jose Ventoso Alberdi"   | 20   | "04:56:04.000" |
| "Treviso - San Martino di Castrozza - 151km"               | "Esteban Chaves"                   | 1    | "04:01:31.000" |
| "Treviso - San Martino di Castrozza - 151km"               | "Andrea Vendrame"                  | 2    | "04:01:41.000" |
| "Treviso - San Martino di Castrozza - 151km"               | "Amaro Antunes"                    | 3    | "04:01:43.000" |
| "Treviso - San Martino di Castrozza - 151km"               | "Giovanni Carboni"                 | 4    | "04:01:55.000" |
| "Treviso - San Martino di Castrozza - 151km"               | "Pieter Serry"                     | 5    | "04:02:03.000" |
| "Treviso - San Martino di Castrozza - 151km"               | "Francois Bidard"                  | 6    | "04:02:06.000" |
| "Treviso - San Martino di Castrozza - 151km"               | "Marco Canola"                     | 7    | "04:02:33.000" |
| "Treviso - San Martino di Castrozza - 151km"               | "Manuele Boaro"                    | 8    | "04:03:08.000" |
| "Treviso - San Martino di Castrozza - 151km"               | "Manuel Senni"                     | 9    | "04:03:24.000" |
| "Treviso - San Martino di Castrozza - 151km"               | "Olivier Le Gac"                   | 10   | "04:04:04.000" |
| "Treviso - San Martino di Castrozza - 151km"               | "Marco Marcato"                    | 11   | "04:05:30.000" |
| "Treviso - San Martino di Castrozza - 151km"               | "Ivan Santaromita"                 | 12   | "04:06:18.000" |
| "Treviso - San Martino di Castrozza - 151km"               | "Miguel Angel Lopez"               | 13   | "04:07:16.000" |
| "Treviso - San Martino di Castrozza - 151km"               | "Primoz Roglic"                    | 14   | "04:08:00.000" |
| "Treviso - San Martino di Castrozza - 151km"               | "Richard Carapaz"                  | 15   | "04:08:00.000" |
| "Treviso - San Martino di Castrozza - 151km"               | "Vincenzo Nibali"                  | 16   | "04:08:00.000" |
| "Treviso - San Martino di Castrozza - 151km"               | "Mikel Landa Meana"                | 17   | "04:08:00.000" |
| "Treviso - San Martino di Castrozza - 151km"               | "Rafal Majka"                      | 18   | "04:08:00.000" |
| "Treviso - San Martino di Castrozza - 151km"               | "Bauke Mollema"                    | 19   | "04:08:00.000" |
| "Treviso - San Martino di Castrozza - 151km"               | "Hugh Carthy"                      | 20   | "04:08:00.000" |
| "Feltre - Croce d'Aune-Monte Avena - 194km"                | "Pello Bilbao"                     | 1    | "05:46:02.000" |
| "Feltre - Croce d'Aune-Monte Avena - 194km"                | "Mikel Landa Meana"                | 2    | "05:46:02.000" |
| "Feltre - Croce d'Aune-Monte Avena - 194km"                | "Giulio Ciccone"                   | 3    | "05:46:04.000" |
| "Feltre - Croce d'Aune-Monte Avena - 194km"                | "Richard Carapaz"                  | 4    | "05:46:06.000" |
| "Feltre - Croce d'Aune-Monte Avena - 194km"                | "Vincenzo Nibali"                  | 5    | "05:46:06.000" |
| "Feltre - Croce d'Aune-Monte Avena - 194km"                | "Tanel Kangert"                    | 6    | "05:46:17.000" |
| "Feltre - Croce d'Aune-Monte Avena - 194km"                | "Mikel Nieve"                      | 7    | "05:46:17.000" |
| "Feltre - Croce d'Aune-Monte Avena - 194km"                | "Valentin Madouas"                 | 8    | "05:46:27.000" |
| "Feltre - Croce d'Aune-Monte Avena - 194km"                | "Rafal Majka"                      | 9    | "05:46:46.000" |
| "Feltre - Croce d'Aune-Monte Avena - 194km"                | "Domenico Pozzovivo"               | 10   | "05:46:46.000" |
| "Feltre - Croce d'Aune-Monte Avena - 194km"                | "Pavel Sivakov"                    | 11   | "05:46:50.000" |
| "Feltre - Croce d'Aune-Monte Avena - 194km"                | "Simon Yates"                      | 12   | "05:46:50.000" |
| "Feltre - Croce d'Aune-Monte Avena - 194km"                | "Bauke Mollema"                    | 13   | "05:46:50.000" |
| "Feltre - Croce d'Aune-Monte Avena - 194km"                | "Primoz Roglic"                    | 14   | "05:46:56.000" |
| "Feltre - Croce d'Aune-Monte Avena - 194km"                | "Hugh Carthy"                      | 15   | "05:47:12.000" |
| "Feltre - Croce d'Aune-Monte Avena - 194km"                | "Lucas Hamilton"                   | 16   | "05:47:21.000" |
| "Feltre - Croce d'Aune-Monte Avena - 194km"                | "Amanuel Ghebreigzabhier Werkilui" | 17   | "05:47:21.000" |
| "Feltre - Croce d'Aune-Monte Avena - 194km"                | "Miguel Angel Lopez"               | 18   | "05:47:51.000" |
| "Feltre - Croce d'Aune-Monte Avena - 194km"                | "Edward Dunbar"                    | 19   | "05:48:01.000" |
| "Feltre - Croce d'Aune-Monte Avena - 194km"                | "Ilnur Zakarin"                    | 20   | "05:48:20.000" |
| "Verona - Verona (ITT) - 17km"                             | "Chad Haga"                        | 1    | "00:22:07.000" |
| "Verona - Verona (ITT) - 17km"                             | "Victor Campenaerts"               | 2    | "00:22:11.000" |
| "Verona - Verona (ITT) - 17km"                             | "Thomas De Gendt"                  | 3    | "00:22:13.000" |
| "Verona - Verona (ITT) - 17km"                             | "Damiano Caruso"                   | 4    | "00:22:16.000" |
| "Verona - Verona (ITT) - 17km"                             | "Tobias Ludvigsson"                | 5    | "00:22:18.000" |
| "Verona - Verona (ITT) - 17km"                             | "Josef Cerny"                      | 6    | "00:22:18.000" |
| "Verona - Verona (ITT) - 17km"                             | "Pello Bilbao"                     | 7    | "00:22:24.000" |
| "Verona - Verona (ITT) - 17km"                             | "Mattia Cattaneo"                  | 8    | "00:22:27.000" |
| "Verona - Verona (ITT) - 17km"                             | "Vincenzo Nibali"                  | 9    | "00:22:30.000" |
| "Verona - Verona (ITT) - 17km"                             | "Primoz Roglic"                    | 10   | "00:22:33.000" |
| "Verona - Verona (ITT) - 17km"                             | "Luke Durbridge"                   | 11   | "00:22:34.000" |
| "Verona - Verona (ITT) - 17km"                             | "Tom Bohli"                        | 12   | "00:22:41.000" |
| "Verona - Verona (ITT) - 17km"                             | "Ilnur Zakarin"                    | 13   | "00:22:43.000" |
| "Verona - Verona (ITT) - 17km"                             | "Jan Polanc"                       | 14   | "00:22:44.000" |
| "Verona - Verona (ITT) - 17km"                             | "Rafal Majka"                      | 15   | "00:22:47.000" |
| "Verona - Verona (ITT) - 17km"                             | "Jos Van Emden"                    | 16   | "00:22:49.000" |
| "Verona - Verona (ITT) - 17km"                             | "Bob Jungels"                      | 17   | "00:22:51.000" |
| "Verona - Verona (ITT) - 17km"                             | "Jack Bauer"                       | 18   | "00:22:55.000" |
| "Verona - Verona (ITT) - 17km"                             | "Andrey Amador"                    | 19   | "00:23:00.000" |
| "Verona - Verona (ITT) - 17km"                             | "Pavel Sivakov"                    | 20   | "00:23:04.000" |
---------------------------------------------------------------------------------------------------------------------------
