--------------------------------------------------------------------------------------------
| teamName               | playerName                                     | foulsCommitted |
============================================================================================
| "Aston Villa"          | "Ahmed El Mohamady"                            | "1"            |
| "Aston Villa"          | "Aly Cissokho"                                 | "1"            |
| "Aston Villa"          | "Charles N'Zogbia"                             | "1"            |
| "Aston Villa"          | "Douglas Luiz"                                 | "3"            |
| "Aston Villa"          | "Ezri Konsa Ngoyo"                             | "1"            |
| "Aston Villa"          | "Jacob Ramsey"                                 | "1"            |
| "Aston Villa"          | "John McGinn"                                  | "2"            |
| "Aston Villa"          | "Matt Targett"                                 | "1"            |
| "Aston Villa"          | "Nathan Baker"                                 | "1"            |
| "Aston Villa"          | "Ollie Watkins"                                | "2"            |
| "Aston Villa"          | "Player <http://example.com/Athlete/p.122806>" | "2"            |
| "Aston Villa"          | "Player <http://example.com/Athlete/p.149484>" | "2"            |
| "Aston Villa"          | "Player <http://example.com/Athlete/p.178301>" | "2"            |
| "Aston Villa"          | "Player <http://example.com/Athlete/p.199798>" | "1"            |
| "Aston Villa"          | "Player <http://example.com/Athlete/p.88894>"  | "1"            |
| "Aston Villa"          | "Ross Barkley"                                 | "1"            |
| "Aston Villa"          | "Tom Cleverley"                                | "1"            |
| "Aston Villa"          | "Tyrone Mings"                                 | "2"            |
| "Brazil"               | "Fernando Luiz Rosa"                           | "1"            |
| "Brazil"               | "Player <http://example.com/Athlete/PO27789>"  | "1"            |
| "Crystal Palace"       | "Cheikhou Kouyaté"                             | "1"            |
| "Crystal Palace"       | "Cheikhou Kouyaté"                             | "1"            |
| "Crystal Palace"       | "Christian Benteke"                            | "1"            |
| "Crystal Palace"       | "Christian Benteke"                            | "1"            |
| "Crystal Palace"       | "Jairo Riedewald"                              | "2"            |
| "Crystal Palace"       | "Jairo Riedewald"                              | "2"            |
| "Crystal Palace"       | "Joel Ward"                                    | "3"            |
| "Crystal Palace"       | "Jordan Ayew"                                  | "4"            |
| "Crystal Palace"       | "Jordan Ayew"                                  | "4"            |
| "Crystal Palace"       | "Player <http://example.com/Athlete/p.173954>" | "2"            |
| "Crystal Palace"       | "Player <http://example.com/Athlete/p.173954>" | "2"            |
| "Crystal Palace"       | "Player <http://example.com/Athlete/p.54861>"  | "1"            |
| "Crystal Palace"       | "Player <http://example.com/Athlete/p.54861>"  | "1"            |
| "Crystal Palace"       | "Player <http://example.com/Athlete/p.55037>"  | "1"            |
| "Crystal Palace"       | "Player <http://example.com/Athlete/p.55037>"  | "1"            |
| "Crystal Palace"       | "Player <http://example.com/Athlete/p.80146>"  | "4"            |
| "Crystal Palace"       | "Player <http://example.com/Athlete/p.80146>"  | "4"            |
| "Crystal Palace"       | "Player <http://example.com/Athlete/p.82403>"  | "1"            |
| "Crystal Palace"       | "Player <http://example.com/Athlete/p.82403>"  | "1"            |
| "Crystal Palace"       | "Wilfried Zaha"                                | "1"            |
| "Crystal Palace"       | "Wilfried Zaha"                                | "1"            |
| "Leeds United"         | "Diego Llorente"                               | "1"            |
| "Leeds United"         | "Ezgjan Alioski"                               | "3"            |
| "Leeds United"         | "Jack Harrison"                                | "1"            |
| "Leeds United"         | "Kalvin Phillips"                              | "4"            |
| "Leeds United"         | "Luke Ayling"                                  | "3"            |
| "Leeds United"         | "Pascal Struijk"                               | "2"            |
| "Leeds United"         | "Patrick Bamford"                              | "3"            |
| "Leeds United"         | "Player <http://example.com/Athlete/p.105377>" | "3"            |
| "Leeds United"         | "Player <http://example.com/Athlete/p.106617>" | "3"            |
| "Leeds United"         | "Player <http://example.com/Athlete/p.149915>" | "1"            |
| "Leeds United"         | "Player <http://example.com/Athlete/p.221399>" | "1"            |
| "Leeds United"         | "Player <http://example.com/Athlete/p.222694>" | "2"            |
| "Leeds United"         | "Player <http://example.com/Athlete/p.87873>"  | "1"            |
| "Leeds United"         | "Robin Koch"                                   | "1"            |
| "Leeds United"         | "Stuart Dallas"                                | "1"            |
| "Leeds United"         | "Tyler Roberts"                                | "2"            |
| "Leicester City"       | "Ayoze Pérez"                                  | "2"            |
| "Leicester City"       | "Ayoze Pérez"                                  | "2"            |
| "Leicester City"       | "Jamie Vardy"                                  | "1"            |
| "Leicester City"       | "Jamie Vardy"                                  | "1"            |
| "Leicester City"       | "Jonny Evans"                                  | "2"            |
| "Leicester City"       | "Jonny Evans"                                  | "2"            |
| "Leicester City"       | "Kelechi Iheanacho"                            | "1"            |
| "Leicester City"       | "Kelechi Iheanacho"                            | "1"            |
| "Leicester City"       | "Luke Thomas"                                  | "1"            |
| "Leicester City"       | "Player <http://example.com/Athlete/p.101668>" | "1"            |
| "Leicester City"       | "Player <http://example.com/Athlete/p.101668>" | "1"            |
| "Leicester City"       | "Player <http://example.com/Athlete/p.166477>" | "1"            |
| "Leicester City"       | "Player <http://example.com/Athlete/p.166477>" | "1"            |
| "Leicester City"       | "Player <http://example.com/Athlete/p.166989>" | "1"            |
| "Leicester City"       | "Player <http://example.com/Athlete/p.166989>" | "1"            |
| "Leicester City"       | "Player <http://example.com/Athlete/p.168580>" | "2"            |
| "Leicester City"       | "Player <http://example.com/Athlete/p.168580>" | "2"            |
| "Leicester City"       | "Player <http://example.com/Athlete/p.173515>" | "1"            |
| "Leicester City"       | "Player <http://example.com/Athlete/p.173515>" | "1"            |
| "Leicester City"       | "Player <http://example.com/Athlete/p.203341>" | "1"            |
| "Leicester City"       | "Player <http://example.com/Athlete/p.203341>" | "1"            |
| "Leicester City"       | "Player <http://example.com/Athlete/p.37642>"  | "2"            |
| "Leicester City"       | "Player <http://example.com/Athlete/p.37642>"  | "2"            |
| "Leicester City"       | "Timothy Castagne"                             | "1"            |
| "Leicester City"       | "Timothy Castagne"                             | "1"            |
| "Leicester City"       | "Wesley Fofana"                                | "3"            |
| "Leicester City"       | "Wilfred Ndidi"                                | "1"            |
| "Leicester City"       | "Wilfred Ndidi"                                | "1"            |
| "Leicester City"       | "Youri Tielemans"                              | "1"            |
| "Leicester City"       | "Youri Tielemans"                              | "1"            |
| "Liverpool"            | "Diogo Jota"                                   | "3"            |
| "Liverpool"            | "Fabinho"                                      | "1"            |
| "Liverpool"            | "James Milner"                                 | "1"            |
| "Liverpool"            | "Ozan Kabak"                                   | "2"            |
| "Liverpool"            | "Player <http://example.com/Athlete/p.110979>" | "2"            |
| "Liverpool"            | "Player <http://example.com/Athlete/p.194634>" | "3"            |
| "Liverpool"            | "Sadio Mané"                                   | "2"            |
| "Manchester City"      | "Aleksandar Kolarov"                           | "2"            |
| "Manchester City"      | "Edin Dzeko"                                   | "1"            |
| "Manchester City"      | "Fernando Luiz Rosa"                           | "1"            |
| "Manchester City"      | "James Milner"                                 | "2"            |
| "Manchester City"      | "James Milner"                                 | "2"            |
| "Manchester City"      | "Player <http://example.com/Athlete/PO15157>"  | "2"            |
| "Manchester City"      | "Player <http://example.com/Athlete/PO15157>"  | "2"            |
| "Manchester City"      | "Player <http://example.com/Athlete/PO27789>"  | "1"            |
| "Manchester City"      | "Player <http://example.com/Athlete/PO42593>"  | "2"            |
| "Manchester United"    | "Donny van de Beek"                            | "1"            |
| "Manchester United"    | "Fred"                                         | "2"            |
| "Manchester United"    | "Harry Maguire"                                | "1"            |
| "Manchester United"    | "Marcus Rashford"                              | "1"            |
| "Manchester United"    | "Mason Greenwood"                              | "3"            |
| "Manchester United"    | "Player <http://example.com/Athlete/p.101582>" | "2"            |
| "Manchester United"    | "Player <http://example.com/Athlete/p.176297>" | "1"            |
| "Manchester United"    | "Player <http://example.com/Athlete/p.180184>" | "1"            |
| "Manchester United"    | "Player <http://example.com/Athlete/p.184667>" | "1"            |
| "Manchester United"    | "Player <http://example.com/Athlete/p.195851>" | "2"            |
| "Manchester United"    | "Player <http://example.com/Athlete/p.220688>" | "3"            |
| "Manchester United"    | "Player <http://example.com/Athlete/p.95658>"  | "1"            |
| "Manchester United"    | "Scott McTominay"                              | "2"            |
| "Manchester United"    | "Victor Lindelöf"                              | "1"            |
| "Newcastle United"     | "Allan Saint-Maximin"                          | "1"            |
| "Newcastle United"     | "Callum Wilson"                                | "3"            |
| "Newcastle United"     | "Jonjo Shelvey"                                | "1"            |
| "Newcastle United"     | "Matt Ritchie"                                 | "1"            |
| "Newcastle United"     | "Player <http://example.com/Athlete/p.170137>" | "1"            |
| "Newcastle United"     | "Player <http://example.com/Athlete/p.50232>"  | "1"            |
| "Newcastle United"     | "Player <http://example.com/Athlete/p.56983>"  | "1"            |
| "Newcastle United"     | "Player <http://example.com/Athlete/p.75115>"  | "3"            |
| "Newcastle United"     | "Sean Longstaff"                               | "1"            |
| "Serbia"               | "Aleksandar Kolarov"                           | "2"            |
| "Serbia"               | "Player <http://example.com/Athlete/PO42593>"  | "2"            |
| "West Bromwich Albion" | "Conor Gallagher"                              | "1"            |
| "West Bromwich Albion" | "Matheus Pereira"                              | "2"            |
| "West Bromwich Albion" | "Mbaye Diagne"                                 | "2"            |
| "West Bromwich Albion" | "Okay Yokuslu"                                 | "1"            |
| "West Bromwich Albion" | "Player <http://example.com/Athlete/p.146426>" | "3"            |
| "West Bromwich Albion" | "Player <http://example.com/Athlete/p.164011>" | "2"            |
| "West Bromwich Albion" | "Player <http://example.com/Athlete/p.210407>" | "2"            |
| "West Bromwich Albion" | "Player <http://example.com/Athlete/p.232787>" | "1"            |
| "West Bromwich Albion" | "Semi Ajayi"                                   | "3"            |
--------------------------------------------------------------------------------------------
