------------------------------------------------------------------
| type                                                           |
==================================================================
| <http://www.iptc.org/ontologies/Sport/Action>                  |
| <http://www.iptc.org/ontologies/Sport/Associate>               |
| <http://www.iptc.org/ontologies/Sport/Athlete>                 |
| <http://www.iptc.org/ontologies/Sport/Competition>             |
| <http://www.iptc.org/ontologies/Sport/CompetitionPhase>        |
| <http://www.iptc.org/ontologies/Sport/Event>                   |
| <http://www.iptc.org/ontologies/Sport/IndividualMembership>    |
| <http://www.iptc.org/ontologies/Sport/IndividualParticipation> |
| <http://www.iptc.org/ontologies/Sport/Membership>              |
| <http://www.iptc.org/ontologies/Sport/Official>                |
| <http://www.iptc.org/ontologies/Sport/OfficialParticipation>   |
| <http://www.iptc.org/ontologies/Sport/ParticipationSplit>      |
| <http://www.iptc.org/ontologies/Sport/Site>                    |
| <http://www.iptc.org/ontologies/Sport/Team>                    |
| <http://www.iptc.org/ontologies/Sport/TeamParticipation>       |
| rdf:Property                                                   |
| <http://www.w3.org/2000/01/rdf-schema#Class>                   |
| <http://www.w3.org/2002/07/owl#Ontology>                       |
------------------------------------------------------------------
