------------------------------------------------------------------------------------------------------------------------------------------------------------------------------------------------------------------------
| sport                                              | comp                                                      | comptype                                                  | governingBody                           |
========================================================================================================================================================================================================================
| <http://cv.iptc.org/newscodes/mediatopic/20000892> | <http://example.com/Competition/GIRO>                     | <http://cv.iptc.org/newscodes/spct/recurring-competition> |                                         |
| <http://cv.iptc.org/newscodes/mediatopic/20001334> | <http://example.com/Competition/OLYS>                     | <http://cv.iptc.org/newscodes/spct/recurring-competition> | <http://example.com/GoverningBody/IOC>  |
| <http://cv.iptc.org/newscodes/mediatopic/20000827> | <http://example.com/Competition/OLYS>                     | <http://cv.iptc.org/newscodes/spct/recurring-competition> | <http://example.com/GoverningBody/IOC>  |
| <http://cv.iptc.org/newscodes/mediatopic/20001177> | <http://example.com/Competition/OLYS>                     | <http://cv.iptc.org/newscodes/spct/recurring-competition> | <http://example.com/GoverningBody/IOC>  |
| <http://cv.iptc.org/newscodes/mediatopic/20001065> | <http://example.com/Competition/WC2018>                   | <http://cv.iptc.org/newscodes/spct/competition>           |                                         |
| <http://cv.iptc.org/newscodes/mediatopic/20001065> | <http://example.com/Competition/WC>                       | <http://cv.iptc.org/newscodes/spct/recurring-competition> | <http://example.com/GoverningBody/FIFA> |
| <http://cv.iptc.org/newscodes/mediatopic/20001334> | <http://example.com/Competition/OLYS2020-CTRMSPRINT>      | <http://cv.iptc.org/newscodes/spct/competition>           |                                         |
| <http://cv.iptc.org/newscodes/mediatopic/20001065> | <http://example.com/Competition/l.premierleague.com-2022> | <http://cv.iptc.org/newscodes/spct/competition>           |                                         |
| <http://cv.iptc.org/newscodes/mediatopic/20001065> | <http://example.com/Competition/l.premierleague.com-2014> | <http://cv.iptc.org/newscodes/spct/competition>           |                                         |
| <http://cv.iptc.org/newscodes/mediatopic/20001065> | <http://example.com/Competition/l.premierleague.com>      | <http://cv.iptc.org/newscodes/spct/recurring-competition> |                                         |
| <http://cv.iptc.org/newscodes/mediatopic/20000892> | <http://example.com/Competition/UCIWT>                    | <http://cv.iptc.org/newscodes/spct/recurring-competition> | <http://example.com/GoverningBody/UCI>  |
| <http://cv.iptc.org/newscodes/mediatopic/20000892> | <http://example.com/Competition/UCIWT2019>                | <http://cv.iptc.org/newscodes/spct/competition>           |                                         |
| <http://cv.iptc.org/newscodes/mediatopic/20001065> | <http://example.com/Competition/l.premierleague.com-2020> | <http://cv.iptc.org/newscodes/spct/competition>           |                                         |
| <http://cv.iptc.org/newscodes/mediatopic/20000827> | <http://example.com/Competition/OLYS2020-ATHM800M>        | <http://cv.iptc.org/newscodes/spct/competition>           |                                         |
| <http://cv.iptc.org/newscodes/mediatopic/20000892> | <http://example.com/Competition/GIRO2019>                 | <http://cv.iptc.org/newscodes/spct/competition>           |                                         |
| <http://cv.iptc.org/newscodes/mediatopic/20001065> | <http://example.com/Competition/UEFACL2014>               | <http://cv.iptc.org/newscodes/spct/competition>           |                                         |
| <http://cv.iptc.org/newscodes/mediatopic/20001065> | <http://example.com/Competition/UEFACL>                   | <http://cv.iptc.org/newscodes/spct/recurring-competition> | <http://example.com/GoverningBody/UEFA> |
| <http://cv.iptc.org/newscodes/mediatopic/20001334> | <http://example.com/Competition/OLYS2020>                 | <http://cv.iptc.org/newscodes/spct/competition>           |                                         |
| <http://cv.iptc.org/newscodes/mediatopic/20000827> | <http://example.com/Competition/OLYS2020>                 | <http://cv.iptc.org/newscodes/spct/competition>           |                                         |
| <http://cv.iptc.org/newscodes/mediatopic/20001177> | <http://example.com/Competition/OLYS2020>                 | <http://cv.iptc.org/newscodes/spct/competition>           |                                         |
------------------------------------------------------------------------------------------------------------------------------------------------------------------------------------------------------------------------
