--------------------------------------------------
| o                                              |
==================================================
| <http://example.com/Athlete/>                  |
| <http://example.com/Athlete/170137>            |
| <http://example.com/Team/e.2128607-t.35>       |
| <http://example.com/Team/e.2128607-t.7>        |
| <http://example.com/Team/e.2128609-t.1>        |
| <http://example.com/Team/e.2128609-t.2>        |
| <http://example.com/Team/e.2128610-t.13>       |
| <http://example.com/Team/e.2128610-t.31>       |
| <http://example.com/Team/e.755363-t.43>        |
| <http://example.com/Team/e.755363-t.7>         |
| rdf:Property                                   |
| <http://www.w3.org/2000/01/rdf-schema#Class>   |
| <http://www.w3.org/2001/XMLSchema#anyURI>      |
| <http://www.w3.org/2001/XMLSchema#date>        |
| <http://www.w3.org/2001/XMLSchema#integer>     |
| <http://www.w3.org/2001/XMLSchema#string>      |
| <http://www.w3.org/2002/07/owl#Ontology>       |
| <https://creativecommons.org/licenses/by/4.0/> |
--------------------------------------------------
