------------------------------------------------------------------------------------------------------------------------------------------------------
| type                                                              | property                                                                       |
======================================================================================================================================================
| <http://www.w3.org/2002/07/owl#Class>                             | <http://www.w3.org/1999/02/22-rdf-syntax-ns#type>                              |
| <http://www.w3.org/2002/07/owl#Class>                             | <http://www.w3.org/2000/01/rdf-schema#comment>                                 |
| <http://www.w3.org/2002/07/owl#Class>                             | <http://www.w3.org/2000/01/rdf-schema#isDefinedBy>                             |
| <http://www.w3.org/2002/07/owl#Class>                             | <http://www.w3.org/2000/01/rdf-schema#label>                                   |
| <http://www.w3.org/2002/07/owl#Class>                             | <http://www.w3.org/2000/01/rdf-schema#subClassOf>                              |
| <http://www.w3.org/2002/07/owl#DatatypeProperty>                  | <http://www.w3.org/1999/02/22-rdf-syntax-ns#isDefinedBy>                       |
| <http://www.w3.org/2002/07/owl#DatatypeProperty>                  | <http://www.w3.org/1999/02/22-rdf-syntax-ns#type>                              |
| <http://www.w3.org/2002/07/owl#DatatypeProperty>                  | <http://www.w3.org/2000/01/rdf-schema#comment>                                 |
| <http://www.w3.org/2002/07/owl#DatatypeProperty>                  | <http://www.w3.org/2000/01/rdf-schema#domain>                                  |
| <http://www.w3.org/2002/07/owl#DatatypeProperty>                  | <http://www.w3.org/2000/01/rdf-schema#isDefinedBy>                             |
| <http://www.w3.org/2002/07/owl#DatatypeProperty>                  | <http://www.w3.org/2000/01/rdf-schema#label>                                   |
| <http://www.w3.org/2002/07/owl#DatatypeProperty>                  | <http://www.w3.org/2000/01/rdf-schema#range>                                   |
| <http://www.w3.org/2002/07/owl#ObjectProperty>                    | <http://www.w3.org/1999/02/22-rdf-syntax-ns#type>                              |
| <http://www.w3.org/2002/07/owl#ObjectProperty>                    | <http://www.w3.org/2000/01/rdf-schema#comment>                                 |
| <http://www.w3.org/2002/07/owl#ObjectProperty>                    | <http://www.w3.org/2000/01/rdf-schema#domain>                                  |
| <http://www.w3.org/2002/07/owl#ObjectProperty>                    | <http://www.w3.org/2000/01/rdf-schema#isDefinedBy>                             |
| <http://www.w3.org/2002/07/owl#ObjectProperty>                    | <http://www.w3.org/2000/01/rdf-schema#label>                                   |
| <http://www.w3.org/2002/07/owl#ObjectProperty>                    | <http://www.w3.org/2000/01/rdf-schema#range>                                   |
| <http://www.w3.org/2002/07/owl#ObjectProperty>                    | <http://www.w3.org/2002/07/owl#inverseOf>                                      |
| <http://www.w3.org/2002/07/owl#Ontology>                          | <http://purl.org/dc/terms/created>                                             |
| <http://www.w3.org/2002/07/owl#Ontology>                          | <http://purl.org/dc/terms/creator>                                             |
| <http://www.w3.org/2002/07/owl#Ontology>                          | <http://purl.org/dc/terms/description>                                         |
| <http://www.w3.org/2002/07/owl#Ontology>                          | <http://purl.org/dc/terms/license>                                             |
| <http://www.w3.org/2002/07/owl#Ontology>                          | <http://purl.org/dc/terms/rights>                                              |
| <http://www.w3.org/2002/07/owl#Ontology>                          | <http://purl.org/dc/terms/title>                                               |
| <http://www.w3.org/2002/07/owl#Ontology>                          | <http://www.w3.org/1999/02/22-rdf-syntax-ns#type>                              |
| <http://www.w3.org/2002/07/owl#Ontology>                          | <http://www.w3.org/2000/01/rdf-schema#label>                                   |
| <http://www.w3.org/2004/02/skos/core#Concept>                     | <http://cv.iptc.org/newscodes/ikos/created>                                    |
| <http://www.w3.org/2004/02/skos/core#Concept>                     | <http://cv.iptc.org/newscodes/ikos/hasFacet>                                   |
| <http://www.w3.org/2004/02/skos/core#Concept>                     | <http://cv.iptc.org/newscodes/ikos/modified>                                   |
| <http://www.w3.org/2004/02/skos/core#Concept>                     | <http://cv.iptc.org/newscodes/ikos/retired>                                    |
| <http://www.w3.org/2004/02/skos/core#Concept>                     | <http://purl.org/dc/terms/created>                                             |
| <http://www.w3.org/2004/02/skos/core#Concept>                     | <http://purl.org/dc/terms/modified>                                            |
| <http://www.w3.org/2004/02/skos/core#Concept>                     | <http://www.w3.org/1999/02/22-rdf-syntax-ns#type>                              |
| <http://www.w3.org/2004/02/skos/core#Concept>                     | <http://www.w3.org/2004/02/skos/core#broadMatch>                               |
| <http://www.w3.org/2004/02/skos/core#Concept>                     | <http://www.w3.org/2004/02/skos/core#broader>                                  |
| <http://www.w3.org/2004/02/skos/core#Concept>                     | <http://www.w3.org/2004/02/skos/core#changeNote>                               |
| <http://www.w3.org/2004/02/skos/core#Concept>                     | <http://www.w3.org/2004/02/skos/core#closeMatch>                               |
| <http://www.w3.org/2004/02/skos/core#Concept>                     | <http://www.w3.org/2004/02/skos/core#definition>                               |
| <http://www.w3.org/2004/02/skos/core#Concept>                     | <http://www.w3.org/2004/02/skos/core#editorialNote>                            |
| <http://www.w3.org/2004/02/skos/core#Concept>                     | <http://www.w3.org/2004/02/skos/core#exactMatch>                               |
| <http://www.w3.org/2004/02/skos/core#Concept>                     | <http://www.w3.org/2004/02/skos/core#inScheme>                                 |
| <http://www.w3.org/2004/02/skos/core#Concept>                     | <http://www.w3.org/2004/02/skos/core#narrower>                                 |
| <http://www.w3.org/2004/02/skos/core#Concept>                     | <http://www.w3.org/2004/02/skos/core#note>                                     |
| <http://www.w3.org/2004/02/skos/core#Concept>                     | <http://www.w3.org/2004/02/skos/core#prefLabel>                                |
| <http://www.w3.org/2004/02/skos/core#ConceptScheme>               | <http://cv.iptc.org/newscodes/ikos/authority>                                  |
| <http://www.w3.org/2004/02/skos/core#ConceptScheme>               | <http://cv.iptc.org/newscodes/ikos/dateReleased>                               |
| <http://www.w3.org/2004/02/skos/core#ConceptScheme>               | <http://cv.iptc.org/newscodes/ikos/licenceLink>                                |
| <http://www.w3.org/2004/02/skos/core#ConceptScheme>               | <http://cv.iptc.org/newscodes/ikos/prefSchemeAlias>                            |
| <http://www.w3.org/2004/02/skos/core#ConceptScheme>               | <http://purl.org/dc/terms/dateSubmitted>                                       |
| <http://www.w3.org/2004/02/skos/core#ConceptScheme>               | <http://purl.org/dc/terms/rightsHolder>                                        |
| <http://www.w3.org/2004/02/skos/core#ConceptScheme>               | <http://www.w3.org/1999/02/22-rdf-syntax-ns#type>                              |
| <http://www.w3.org/2004/02/skos/core#ConceptScheme>               | <http://www.w3.org/2004/02/skos/core#HasTopConcept>                            |
| <http://www.w3.org/2004/02/skos/core#ConceptScheme>               | <http://www.w3.org/2004/02/skos/core#definition>                               |
| <http://www.w3.org/2004/02/skos/core#ConceptScheme>               | <http://www.w3.org/2004/02/skos/core#note>                                     |
| <http://www.w3.org/2004/02/skos/core#ConceptScheme>               | <http://www.w3.org/2004/02/skos/core#prefLabel>                                |
| <https://sportschema.org/ontologies/main/Action>                  | <http://www.w3.org/1999/02/22-rdf-syntax-ns#type>                              |
| <https://sportschema.org/ontologies/main/Action>                  | <http://www.w3.org/2000/01/rdf-schema#label>                                   |
| <https://sportschema.org/ontologies/main/Action>                  | <https://sportschema.org/ontologies/main/actionDateTime>                       |
| <https://sportschema.org/ontologies/main/Action>                  | <https://sportschema.org/ontologies/main/actionInEvent>                        |
| <https://sportschema.org/ontologies/main/Action>                  | <https://sportschema.org/ontologies/main/actionType>                           |
| <https://sportschema.org/ontologies/main/Action>                  | <https://sportschema.org/ontologies/main/angle>                                |
| <https://sportschema.org/ontologies/main/Action>                  | <https://sportschema.org/ontologies/main/bodyPart>                             |
| <https://sportschema.org/ontologies/main/Action>                  | <https://sportschema.org/ontologies/main/class>                                |
| <https://sportschema.org/ontologies/main/Action>                  | <https://sportschema.org/ontologies/main/comment>                              |
| <https://sportschema.org/ontologies/main/Action>                  | <https://sportschema.org/ontologies/main/distance>                             |
| <https://sportschema.org/ontologies/main/Action>                  | <https://sportschema.org/ontologies/main/endLocation>                          |
| <https://sportschema.org/ontologies/main/Action>                  | <https://sportschema.org/ontologies/main/fieldLocation>                        |
| <https://sportschema.org/ontologies/main/Action>                  | <https://sportschema.org/ontologies/main/goalLocation>                         |
| <https://sportschema.org/ontologies/main/Action>                  | <https://sportschema.org/ontologies/main/goalMouthZone>                        |
| <https://sportschema.org/ontologies/main/Action>                  | <https://sportschema.org/ontologies/main/infractionLevel>                      |
| <https://sportschema.org/ontologies/main/Action>                  | <https://sportschema.org/ontologies/main/infractionType>                       |
| <https://sportschema.org/ontologies/main/Action>                  | <https://sportschema.org/ontologies/main/lastModified>                         |
| <https://sportschema.org/ontologies/main/Action>                  | <https://sportschema.org/ontologies/main/length>                               |
| <https://sportschema.org/ontologies/main/Action>                  | <https://sportschema.org/ontologies/main/minutesElapsed>                       |
| <https://sportschema.org/ontologies/main/Action>                  | <https://sportschema.org/ontologies/main/oppositePlay>                         |
| <https://sportschema.org/ontologies/main/Action>                  | <https://sportschema.org/ontologies/main/participation>                        |
| <https://sportschema.org/ontologies/main/Action>                  | <https://sportschema.org/ontologies/main/passDescription>                      |
| <https://sportschema.org/ontologies/main/Action>                  | <https://sportschema.org/ontologies/main/passMethod>                           |
| <https://sportschema.org/ontologies/main/Action>                  | <https://sportschema.org/ontologies/main/passType>                             |
| <https://sportschema.org/ontologies/main/Action>                  | <https://sportschema.org/ontologies/main/penaltyLevel>                         |
| <https://sportschema.org/ontologies/main/Action>                  | <https://sportschema.org/ontologies/main/penaltyType>                          |
| <https://sportschema.org/ontologies/main/Action>                  | <https://sportschema.org/ontologies/main/periodValue>                          |
| <https://sportschema.org/ontologies/main/Action>                  | <https://sportschema.org/ontologies/main/personReplacingPosition>              |
| <https://sportschema.org/ontologies/main/Action>                  | <https://sportschema.org/ontologies/main/pitchZone>                            |
| <https://sportschema.org/ontologies/main/Action>                  | <https://sportschema.org/ontologies/main/recipientType>                        |
| <https://sportschema.org/ontologies/main/Action>                  | <https://sportschema.org/ontologies/main/relatedAction>                        |
| <https://sportschema.org/ontologies/main/Action>                  | <https://sportschema.org/ontologies/main/result>                               |
| <https://sportschema.org/ontologies/main/Action>                  | <https://sportschema.org/ontologies/main/saveDescription>                      |
| <https://sportschema.org/ontologies/main/Action>                  | <https://sportschema.org/ontologies/main/saveMethod>                           |
| <https://sportschema.org/ontologies/main/Action>                  | <https://sportschema.org/ontologies/main/saveType>                             |
| <https://sportschema.org/ontologies/main/Action>                  | <https://sportschema.org/ontologies/main/scoreAttemptDescription>              |
| <https://sportschema.org/ontologies/main/Action>                  | <https://sportschema.org/ontologies/main/scoreAttemptResult>                   |
| <https://sportschema.org/ontologies/main/Action>                  | <https://sportschema.org/ontologies/main/scoreAttemptSide>                     |
| <https://sportschema.org/ontologies/main/Action>                  | <https://sportschema.org/ontologies/main/scoreAttemptSituation>                |
| <https://sportschema.org/ontologies/main/Action>                  | <https://sportschema.org/ontologies/main/scoreAttemptType>                     |
| <https://sportschema.org/ontologies/main/Action>                  | <https://sportschema.org/ontologies/main/sequenceNumber>                       |
| <https://sportschema.org/ontologies/main/Action>                  | <https://sportschema.org/ontologies/main/shotDescription>                      |
| <https://sportschema.org/ontologies/main/Action>                  | <https://sportschema.org/ontologies/main/shotQuality>                          |
| <https://sportschema.org/ontologies/main/Action>                  | <https://sportschema.org/ontologies/main/shotType>                             |
| <https://sportschema.org/ontologies/main/Action>                  | <https://sportschema.org/ontologies/main/startLocation>                        |
| <https://sportschema.org/ontologies/main/Action>                  | <https://sportschema.org/ontologies/main/substitutionReason>                   |
| <https://sportschema.org/ontologies/main/Action>                  | <https://sportschema.org/ontologies/main/timeAddition>                         |
| <https://sportschema.org/ontologies/main/Action>                  | <https://sportschema.org/ontologies/main/timeElapsed>                          |
| <https://sportschema.org/ontologies/main/Action>                  | <https://sportschema.org/ontologies/main/zone>                                 |
| <https://sportschema.org/ontologies/main/Associate>               | <http://www.w3.org/1999/02/22-rdf-syntax-ns#type>                              |
| <https://sportschema.org/ontologies/main/Associate>               | <http://www.w3.org/2000/01/rdf-schema#label>                                   |
| <https://sportschema.org/ontologies/main/Athlete>                 | <http://www.w3.org/1999/02/22-rdf-syntax-ns#type>                              |
| <https://sportschema.org/ontologies/main/Athlete>                 | <http://www.w3.org/2000/01/rdf-schema#label>                                   |
| <https://sportschema.org/ontologies/main/Athlete>                 | <https://sportschema.org/ontologies/main/dateOfBirth>                          |
| <https://sportschema.org/ontologies/main/Athlete>                 | <https://sportschema.org/ontologies/main/nationality>                          |
| <https://sportschema.org/ontologies/main/Competition>             | <http://www.w3.org/1999/02/22-rdf-syntax-ns#type>                              |
| <https://sportschema.org/ontologies/main/Competition>             | <http://www.w3.org/2000/01/rdf-schema#label>                                   |
| <https://sportschema.org/ontologies/main/Competition>             | <https://sportschema.org/ontologies/main/competitionType>                      |
| <https://sportschema.org/ontologies/main/Competition>             | <https://sportschema.org/ontologies/main/governedBy>                           |
| <https://sportschema.org/ontologies/main/Competition>             | <https://sportschema.org/ontologies/main/parent>                               |
| <https://sportschema.org/ontologies/main/Competition>             | <https://sportschema.org/ontologies/main/participation>                        |
| <https://sportschema.org/ontologies/main/Competition>             | <https://sportschema.org/ontologies/main/sport>                                |
| <https://sportschema.org/ontologies/main/CompetitionPhase>        | <http://www.w3.org/1999/02/22-rdf-syntax-ns#type>                              |
| <https://sportschema.org/ontologies/main/CompetitionPhase>        | <http://www.w3.org/2000/01/rdf-schema#label>                                   |
| <https://sportschema.org/ontologies/main/CompetitionPhase>        | <https://sportschema.org/ontologies/main/competitionFormat>                    |
| <https://sportschema.org/ontologies/main/CompetitionPhase>        | <https://sportschema.org/ontologies/main/competitionPhaseType>                 |
| <https://sportschema.org/ontologies/main/CompetitionPhase>        | <https://sportschema.org/ontologies/main/parent>                               |
| <https://sportschema.org/ontologies/main/CompetitionPhase>        | <https://sportschema.org/ontologies/main/participation>                        |
| <https://sportschema.org/ontologies/main/CompetitionPhase>        | <https://sportschema.org/ontologies/main/phaseInCompetition>                   |
| <https://sportschema.org/ontologies/main/Event>                   | <http://www.w3.org/1999/02/22-rdf-syntax-ns#type>                              |
| <https://sportschema.org/ontologies/main/Event>                   | <http://www.w3.org/2000/01/rdf-schema#label>                                   |
| <https://sportschema.org/ontologies/main/Event>                   | <https://sportschema.org/ontologies/main/attendance>                           |
| <https://sportschema.org/ontologies/main/Event>                   | <https://sportschema.org/ontologies/main/eventInCompetition>                   |
| <https://sportschema.org/ontologies/main/Event>                   | <https://sportschema.org/ontologies/main/eventInCompetitionPhase>              |
| <https://sportschema.org/ontologies/main/Event>                   | <https://sportschema.org/ontologies/main/eventOutcomeType>                     |
| <https://sportschema.org/ontologies/main/Event>                   | <https://sportschema.org/ontologies/main/eventStatus>                          |
| <https://sportschema.org/ontologies/main/Event>                   | <https://sportschema.org/ontologies/main/location>                             |
| <https://sportschema.org/ontologies/main/Event>                   | <https://sportschema.org/ontologies/main/parent>                               |
| <https://sportschema.org/ontologies/main/Event>                   | <https://sportschema.org/ontologies/main/participation>                        |
| <https://sportschema.org/ontologies/main/Event>                   | <https://sportschema.org/ontologies/main/startDateTime>                        |
| <https://sportschema.org/ontologies/main/GoverningBody>           | <http://www.w3.org/1999/02/22-rdf-syntax-ns#type>                              |
| <https://sportschema.org/ontologies/main/GoverningBody>           | <http://www.w3.org/2000/01/rdf-schema#label>                                   |
| <https://sportschema.org/ontologies/main/IndividualMembership>    | <http://www.w3.org/1999/02/22-rdf-syntax-ns#type>                              |
| <https://sportschema.org/ontologies/main/IndividualMembership>    | <http://www.w3.org/2000/01/rdf-schema#label>                                   |
| <https://sportschema.org/ontologies/main/IndividualMembership>    | <https://sportschema.org/ontologies/main/endDate>                              |
| <https://sportschema.org/ontologies/main/IndividualMembership>    | <https://sportschema.org/ontologies/main/member>                               |
| <https://sportschema.org/ontologies/main/IndividualMembership>    | <https://sportschema.org/ontologies/main/membershipOf>                         |
| <https://sportschema.org/ontologies/main/IndividualMembership>    | <https://sportschema.org/ontologies/main/membershipStatus>                     |
| <https://sportschema.org/ontologies/main/IndividualMembership>    | <https://sportschema.org/ontologies/main/positionRegular>                      |
| <https://sportschema.org/ontologies/main/IndividualMembership>    | <https://sportschema.org/ontologies/main/startDate>                            |
| <https://sportschema.org/ontologies/main/IndividualMembership>    | <https://sportschema.org/ontologies/main/uniformNumber>                        |
| <https://sportschema.org/ontologies/main/IndividualParticipation> | <http://www.w3.org/1999/02/22-rdf-syntax-ns#type>                              |
| <https://sportschema.org/ontologies/main/IndividualParticipation> | <http://www.w3.org/2000/01/rdf-schema#label>                                   |
| <https://sportschema.org/ontologies/main/IndividualParticipation> | <https://sportschema.org/ontologies/corestatistics/eventOutcome>               |
| <https://sportschema.org/ontologies/main/IndividualParticipation> | <https://sportschema.org/ontologies/corestatistics/eventsStarted>              |
| <https://sportschema.org/ontologies/main/IndividualParticipation> | <https://sportschema.org/ontologies/corestatistics/rating>                     |
| <https://sportschema.org/ontologies/main/IndividualParticipation> | <https://sportschema.org/ontologies/corestatistics/resultEffect>               |
| <https://sportschema.org/ontologies/main/IndividualParticipation> | <https://sportschema.org/ontologies/corestatistics/timePlayedTotal>            |
| <https://sportschema.org/ontologies/main/IndividualParticipation> | <https://sportschema.org/ontologies/esports/ADR>                               |
| <https://sportschema.org/ontologies/main/IndividualParticipation> | <https://sportschema.org/ontologies/esports/FKdiff>                            |
| <https://sportschema.org/ontologies/main/IndividualParticipation> | <https://sportschema.org/ontologies/esports/KAST>                              |
| <https://sportschema.org/ontologies/main/IndividualParticipation> | <https://sportschema.org/ontologies/esports/assist>                            |
| <https://sportschema.org/ontologies/main/IndividualParticipation> | <https://sportschema.org/ontologies/esports/deaths>                            |
| <https://sportschema.org/ontologies/main/IndividualParticipation> | <https://sportschema.org/ontologies/esports/flashassist>                       |
| <https://sportschema.org/ontologies/main/IndividualParticipation> | <https://sportschema.org/ontologies/esports/headshot>                          |
| <https://sportschema.org/ontologies/main/IndividualParticipation> | <https://sportschema.org/ontologies/esports/kills>                             |
| <https://sportschema.org/ontologies/main/IndividualParticipation> | <https://sportschema.org/ontologies/main/participationBy>                      |
| <https://sportschema.org/ontologies/main/IndividualParticipation> | <https://sportschema.org/ontologies/main/playerStatus>                         |
| <https://sportschema.org/ontologies/main/IndividualParticipation> | <https://sportschema.org/ontologies/main/positionEvent>                        |
| <https://sportschema.org/ontologies/main/IndividualParticipation> | <https://sportschema.org/ontologies/main/rank>                                 |
| <https://sportschema.org/ontologies/main/IndividualParticipation> | <https://sportschema.org/ontologies/main/role>                                 |
| <https://sportschema.org/ontologies/main/IndividualParticipation> | <https://sportschema.org/ontologies/main/score>                                |
| <https://sportschema.org/ontologies/main/IndividualParticipation> | <https://sportschema.org/ontologies/main/scoreType>                            |
| <https://sportschema.org/ontologies/main/IndividualParticipation> | <https://sportschema.org/ontologies/main/scoreUnits>                           |
| <https://sportschema.org/ontologies/main/IndividualParticipation> | <https://sportschema.org/ontologies/main/uniformNumber>                        |
| <https://sportschema.org/ontologies/main/IndividualParticipation> | <https://sportschema.org/ontologies/soccer/aerialsWon>                         |
| <https://sportschema.org/ontologies/main/IndividualParticipation> | <https://sportschema.org/ontologies/soccer/assistsTotal>                       |
| <https://sportschema.org/ontologies/main/IndividualParticipation> | <https://sportschema.org/ontologies/soccer/catchesPunches>                     |
| <https://sportschema.org/ontologies/main/IndividualParticipation> | <https://sportschema.org/ontologies/soccer/cautionsTotal>                      |
| <https://sportschema.org/ontologies/main/IndividualParticipation> | <https://sportschema.org/ontologies/soccer/clearancesSuccessful>               |
| <https://sportschema.org/ontologies/main/IndividualParticipation> | <https://sportschema.org/ontologies/soccer/crosses18Yard>                      |
| <https://sportschema.org/ontologies/main/IndividualParticipation> | <https://sportschema.org/ontologies/soccer/crosses18YardPlus>                  |
| <https://sportschema.org/ontologies/main/IndividualParticipation> | <https://sportschema.org/ontologies/soccer/ejectionsTotal>                     |
| <https://sportschema.org/ontologies/main/IndividualParticipation> | <https://sportschema.org/ontologies/soccer/foulsCommited>                      |
| <https://sportschema.org/ontologies/main/IndividualParticipation> | <https://sportschema.org/ontologies/soccer/foulsSuffered>                      |
| <https://sportschema.org/ontologies/main/IndividualParticipation> | <https://sportschema.org/ontologies/soccer/freeKicks>                          |
| <https://sportschema.org/ontologies/main/IndividualParticipation> | <https://sportschema.org/ontologies/soccer/goalsAgainstTotal>                  |
| <https://sportschema.org/ontologies/main/IndividualParticipation> | <https://sportschema.org/ontologies/soccer/goalsHead>                          |
| <https://sportschema.org/ontologies/main/IndividualParticipation> | <https://sportschema.org/ontologies/soccer/goalsLeftFoot>                      |
| <https://sportschema.org/ontologies/main/IndividualParticipation> | <https://sportschema.org/ontologies/soccer/goalsOwn>                           |
| <https://sportschema.org/ontologies/main/IndividualParticipation> | <https://sportschema.org/ontologies/soccer/goalsPenaltyShotAllowed>            |
| <https://sportschema.org/ontologies/main/IndividualParticipation> | <https://sportschema.org/ontologies/soccer/goalsRightFoot>                     |
| <https://sportschema.org/ontologies/main/IndividualParticipation> | <https://sportschema.org/ontologies/soccer/goalsTotal>                         |
| <https://sportschema.org/ontologies/main/IndividualParticipation> | <https://sportschema.org/ontologies/soccer/interceptions>                      |
| <https://sportschema.org/ontologies/main/IndividualParticipation> | <https://sportschema.org/ontologies/soccer/passesComplete>                     |
| <https://sportschema.org/ontologies/main/IndividualParticipation> | <https://sportschema.org/ontologies/soccer/passesComplete3rdFinal>             |
| <https://sportschema.org/ontologies/main/IndividualParticipation> | <https://sportschema.org/ontologies/soccer/passesCompleteLong>                 |
| <https://sportschema.org/ontologies/main/IndividualParticipation> | <https://sportschema.org/ontologies/soccer/passesIncomplete>                   |
| <https://sportschema.org/ontologies/main/IndividualParticipation> | <https://sportschema.org/ontologies/soccer/passesTotal>                        |
| <https://sportschema.org/ontologies/main/IndividualParticipation> | <https://sportschema.org/ontologies/soccer/savePercentage>                     |
| <https://sportschema.org/ontologies/main/IndividualParticipation> | <https://sportschema.org/ontologies/soccer/saves>                              |
| <https://sportschema.org/ontologies/main/IndividualParticipation> | <https://sportschema.org/ontologies/soccer/shotsBlockedCross>                  |
| <https://sportschema.org/ontologies/main/IndividualParticipation> | <https://sportschema.org/ontologies/soccer/shotsBlockedOutfielder>             |
| <https://sportschema.org/ontologies/main/IndividualParticipation> | <https://sportschema.org/ontologies/soccer/shotsOffGoalTotal>                  |
| <https://sportschema.org/ontologies/main/IndividualParticipation> | <https://sportschema.org/ontologies/soccer/shotsOnGoalTotal>                   |
| <https://sportschema.org/ontologies/main/IndividualParticipation> | <https://sportschema.org/ontologies/soccer/shotsPenaltyShotAllowed>            |
| <https://sportschema.org/ontologies/main/IndividualParticipation> | <https://sportschema.org/ontologies/soccer/shotsPenaltyShotMissed>             |
| <https://sportschema.org/ontologies/main/IndividualParticipation> | <https://sportschema.org/ontologies/soccer/shotsPenaltyShotScored>             |
| <https://sportschema.org/ontologies/main/IndividualParticipation> | <https://sportschema.org/ontologies/soccer/shotsTotal>                         |
| <https://sportschema.org/ontologies/main/IndividualParticipation> | <https://sportschema.org/ontologies/soccer/shutouts>                           |
| <https://sportschema.org/ontologies/main/IndividualParticipation> | <https://sportschema.org/ontologies/soccer/tacklesLost>                        |
| <https://sportschema.org/ontologies/main/IndividualParticipation> | <https://sportschema.org/ontologies/soccer/tacklesTotal>                       |
| <https://sportschema.org/ontologies/main/IndividualParticipation> | <https://sportschema.org/ontologies/soccer/tacklesWon>                         |
| <https://sportschema.org/ontologies/main/IndividualParticipation> | <https://sportschema.org/ontologies/soccer/touches>                            |
| <https://sportschema.org/ontologies/main/Official>                | <http://www.w3.org/1999/02/22-rdf-syntax-ns#type>                              |
| <https://sportschema.org/ontologies/main/Official>                | <http://www.w3.org/2000/01/rdf-schema#label>                                   |
| <https://sportschema.org/ontologies/main/OfficialParticipation>   | <http://www.w3.org/1999/02/22-rdf-syntax-ns#type>                              |
| <https://sportschema.org/ontologies/main/OfficialParticipation>   | <http://www.w3.org/2000/01/rdf-schema#label>                                   |
| <https://sportschema.org/ontologies/main/OfficialParticipation>   | <https://sportschema.org/ontologies/main/participationBy>                      |
| <https://sportschema.org/ontologies/main/OfficialParticipation>   | <https://sportschema.org/ontologies/main/positionEvent>                        |
| <https://sportschema.org/ontologies/main/ParticipationSplit>      | <http://www.w3.org/1999/02/22-rdf-syntax-ns#type>                              |
| <https://sportschema.org/ontologies/main/ParticipationSplit>      | <http://www.w3.org/2000/01/rdf-schema#label>                                   |
| <https://sportschema.org/ontologies/main/ParticipationSplit>      | <https://sportschema.org/ontologies/corestatistics/eventsPlayed>               |
| <https://sportschema.org/ontologies/main/ParticipationSplit>      | <https://sportschema.org/ontologies/corestatistics/losses>                     |
| <https://sportschema.org/ontologies/main/ParticipationSplit>      | <https://sportschema.org/ontologies/corestatistics/pointsScoredAgainst>        |
| <https://sportschema.org/ontologies/main/ParticipationSplit>      | <https://sportschema.org/ontologies/corestatistics/pointsScoredFor>            |
| <https://sportschema.org/ontologies/main/ParticipationSplit>      | <https://sportschema.org/ontologies/corestatistics/standingPoints>             |
| <https://sportschema.org/ontologies/main/ParticipationSplit>      | <https://sportschema.org/ontologies/corestatistics/ties>                       |
| <https://sportschema.org/ontologies/main/ParticipationSplit>      | <https://sportschema.org/ontologies/corestatistics/wins>                       |
| <https://sportschema.org/ontologies/main/ParticipationSplit>      | <https://sportschema.org/ontologies/main/participationSplitType>               |
| <https://sportschema.org/ontologies/main/Site>                    | <http://www.w3.org/1999/02/22-rdf-syntax-ns#type>                              |
| <https://sportschema.org/ontologies/main/Site>                    | <http://www.w3.org/2000/01/rdf-schema#label>                                   |
| <https://sportschema.org/ontologies/main/Team>                    | <http://www.w3.org/1999/02/22-rdf-syntax-ns#type>                              |
| <https://sportschema.org/ontologies/main/Team>                    | <http://www.w3.org/2000/01/rdf-schema#label>                                   |
| <https://sportschema.org/ontologies/main/TeamParticipation>       | <http://www.w3.org/1999/02/22-rdf-syntax-ns#type>                              |
| <https://sportschema.org/ontologies/main/TeamParticipation>       | <http://www.w3.org/2000/01/rdf-schema#label>                                   |
| <https://sportschema.org/ontologies/main/TeamParticipation>       | <https://sportschema.org/ontologies/corestatistics/eventOutcome>               |
| <https://sportschema.org/ontologies/main/TeamParticipation>       | <https://sportschema.org/ontologies/corestatistics/eventsPlayed>               |
| <https://sportschema.org/ontologies/main/TeamParticipation>       | <https://sportschema.org/ontologies/corestatistics/losses>                     |
| <https://sportschema.org/ontologies/main/TeamParticipation>       | <https://sportschema.org/ontologies/corestatistics/outcomeResult>              |
| <https://sportschema.org/ontologies/main/TeamParticipation>       | <https://sportschema.org/ontologies/corestatistics/pointsDifference>           |
| <https://sportschema.org/ontologies/main/TeamParticipation>       | <https://sportschema.org/ontologies/corestatistics/pointsScoredAgainst>        |
| <https://sportschema.org/ontologies/main/TeamParticipation>       | <https://sportschema.org/ontologies/corestatistics/pointsScoredFor>            |
| <https://sportschema.org/ontologies/main/TeamParticipation>       | <https://sportschema.org/ontologies/corestatistics/score>                      |
| <https://sportschema.org/ontologies/main/TeamParticipation>       | <https://sportschema.org/ontologies/corestatistics/scoreOpposing>              |
| <https://sportschema.org/ontologies/main/TeamParticipation>       | <https://sportschema.org/ontologies/corestatistics/seriesScore>                |
| <https://sportschema.org/ontologies/main/TeamParticipation>       | <https://sportschema.org/ontologies/corestatistics/seriesScoreOpposing>        |
| <https://sportschema.org/ontologies/main/TeamParticipation>       | <https://sportschema.org/ontologies/corestatistics/standingPoints>             |
| <https://sportschema.org/ontologies/main/TeamParticipation>       | <https://sportschema.org/ontologies/corestatistics/ties>                       |
| <https://sportschema.org/ontologies/main/TeamParticipation>       | <https://sportschema.org/ontologies/corestatistics/timeOfPossessionPercentage> |
| <https://sportschema.org/ontologies/main/TeamParticipation>       | <https://sportschema.org/ontologies/corestatistics/wins>                       |
| <https://sportschema.org/ontologies/main/TeamParticipation>       | <https://sportschema.org/ontologies/main/alignment>                            |
| <https://sportschema.org/ontologies/main/TeamParticipation>       | <https://sportschema.org/ontologies/main/eventOutcome>                         |
| <https://sportschema.org/ontologies/main/TeamParticipation>       | <https://sportschema.org/ontologies/main/participationBy>                      |
| <https://sportschema.org/ontologies/main/TeamParticipation>       | <https://sportschema.org/ontologies/main/participationSplit>                   |
| <https://sportschema.org/ontologies/main/TeamParticipation>       | <https://sportschema.org/ontologies/main/rank>                                 |
| <https://sportschema.org/ontologies/main/TeamParticipation>       | <https://sportschema.org/ontologies/main/score>                                |
| <https://sportschema.org/ontologies/main/TeamParticipation>       | <https://sportschema.org/ontologies/soccer/cautionsTotal>                      |
| <https://sportschema.org/ontologies/main/TeamParticipation>       | <https://sportschema.org/ontologies/soccer/clearancesSuccessful>               |
| <https://sportschema.org/ontologies/main/TeamParticipation>       | <https://sportschema.org/ontologies/soccer/cornerKicks>                        |
| <https://sportschema.org/ontologies/main/TeamParticipation>       | <https://sportschema.org/ontologies/soccer/foulsCommited>                      |
| <https://sportschema.org/ontologies/main/TeamParticipation>       | <https://sportschema.org/ontologies/soccer/freeKicks>                          |
| <https://sportschema.org/ontologies/main/TeamParticipation>       | <https://sportschema.org/ontologies/soccer/goalsAgainstTotal>                  |
| <https://sportschema.org/ontologies/main/TeamParticipation>       | <https://sportschema.org/ontologies/soccer/interceptions>                      |
| <https://sportschema.org/ontologies/main/TeamParticipation>       | <https://sportschema.org/ontologies/soccer/lineFormation>                      |
| <https://sportschema.org/ontologies/main/TeamParticipation>       | <https://sportschema.org/ontologies/soccer/offsides>                           |
| <https://sportschema.org/ontologies/main/TeamParticipation>       | <https://sportschema.org/ontologies/soccer/passesTotal>                        |
| <https://sportschema.org/ontologies/main/TeamParticipation>       | <https://sportschema.org/ontologies/soccer/shotsBlocked>                       |
| <https://sportschema.org/ontologies/main/TeamParticipation>       | <https://sportschema.org/ontologies/soccer/shotsOnGoalTotal>                   |
| <https://sportschema.org/ontologies/main/TeamParticipation>       | <https://sportschema.org/ontologies/soccer/shotsTotal>                         |
| <https://sportschema.org/ontologies/main/TeamParticipation>       | <https://sportschema.org/ontologies/soccer/shutouts>                           |
| <https://sportschema.org/ontologies/main/TeamParticipation>       | <https://sportschema.org/ontologies/soccer/tacklesLost>                        |
| <https://sportschema.org/ontologies/main/TeamParticipation>       | <https://sportschema.org/ontologies/soccer/tacklesTotal>                       |
| <https://sportschema.org/ontologies/main/TeamParticipation>       | <https://sportschema.org/ontologies/soccer/tacklesWon>                         |
| <https://sportschema.org/ontologies/main/TeamParticipation>       | <https://sportschema.org/ontologies/soccer/tacklesWonPercentage>               |
------------------------------------------------------------------------------------------------------------------------------------------------------
