-------------------------------------------------------------------------------------------------
| p                                                                                             |
=================================================================================================
| <https://sportschema.org/ontologies/american-football/averageStartingPosition>                |
| <https://sportschema.org/ontologies/american-football/conversionsFourthDown>                  |
| <https://sportschema.org/ontologies/american-football/conversionsFourthDownAttempts>          |
| <https://sportschema.org/ontologies/american-football/conversionsFourthDownPercentage>        |
| <https://sportschema.org/ontologies/american-football/conversionsSecondDown>                  |
| <https://sportschema.org/ontologies/american-football/conversionsSecondDownAttempts>          |
| <https://sportschema.org/ontologies/american-football/conversionsSecondDownPercentage>        |
| <https://sportschema.org/ontologies/american-football/conversionsThirdDown>                   |
| <https://sportschema.org/ontologies/american-football/conversionsThirdDownAttempts>           |
| <https://sportschema.org/ontologies/american-football/conversionsThirdDownPercentage>         |
| <https://sportschema.org/ontologies/american-football/defenseRank>                            |
| <https://sportschema.org/ontologies/american-football/defenseRankPass>                        |
| <https://sportschema.org/ontologies/american-football/defenseRankRush>                        |
| <https://sportschema.org/ontologies/american-football/defensivePlaysNumber>                   |
| <https://sportschema.org/ontologies/american-football/extraPointsAgainstBlocked>              |
| <https://sportschema.org/ontologies/american-football/extraPointsAgainstMade>                 |
| <https://sportschema.org/ontologies/american-football/extraPointsAgainstMissed>               |
| <https://sportschema.org/ontologies/american-football/extraPointsAttempts>                    |
| <https://sportschema.org/ontologies/american-football/extraPointsBlocked>                     |
| <https://sportschema.org/ontologies/american-football/extraPointsMade>                        |
| <https://sportschema.org/ontologies/american-football/extraPointsMissed>                      |
| <https://sportschema.org/ontologies/american-football/extraPointsPercentage>                  |
| <https://sportschema.org/ontologies/american-football/fairCatches>                            |
| <https://sportschema.org/ontologies/american-football/fairCatchesAgainst>                     |
| <https://sportschema.org/ontologies/american-football/fieldGoalAttempts>                      |
| <https://sportschema.org/ontologies/american-football/fieldGoalLongest>                       |
| <https://sportschema.org/ontologies/american-football/fieldGoalsAgainstBlocked>               |
| <https://sportschema.org/ontologies/american-football/fieldGoalsAgainstMade>                  |
| <https://sportschema.org/ontologies/american-football/fieldGoalsAgainstMissed>                |
| <https://sportschema.org/ontologies/american-football/fieldGoalsAverage>                      |
| <https://sportschema.org/ontologies/american-football/fieldGoalsBlocked>                      |
| <https://sportschema.org/ontologies/american-football/fieldGoalsMade>                         |
| <https://sportschema.org/ontologies/american-football/fieldGoalsMissed>                       |
| <https://sportschema.org/ontologies/american-football/fieldGoalsPercentage>                   |
| <https://sportschema.org/ontologies/american-football/firstDownsAverageYardsPer>              |
| <https://sportschema.org/ontologies/american-football/firstDownsPass>                         |
| <https://sportschema.org/ontologies/american-football/firstDownsPenalty>                      |
| <https://sportschema.org/ontologies/american-football/firstDownsRun>                          |
| <https://sportschema.org/ontologies/american-football/firstDownsTotal>                        |
| <https://sportschema.org/ontologies/american-football/firstDownsYards>                        |
| <https://sportschema.org/ontologies/american-football/fumblesCommitted>                       |
| <https://sportschema.org/ontologies/american-football/fumblesCommittedDefense>                |
| <https://sportschema.org/ontologies/american-football/fumblesCommittedOther>                  |
| <https://sportschema.org/ontologies/american-football/fumblesCommittedSpecialTeams>           |
| <https://sportschema.org/ontologies/american-football/fumblesForced>                          |
| <https://sportschema.org/ontologies/american-football/fumblesForcedDefense>                   |
| <https://sportschema.org/ontologies/american-football/fumblesForcedOther>                     |
| <https://sportschema.org/ontologies/american-football/fumblesForcedSpecialTeams>              |
| <https://sportschema.org/ontologies/american-football/fumblesLost>                            |
| <https://sportschema.org/ontologies/american-football/fumblesLostAveragePerGame>              |
| <https://sportschema.org/ontologies/american-football/fumblesLostDefense>                     |
| <https://sportschema.org/ontologies/american-football/fumblesLostOther>                       |
| <https://sportschema.org/ontologies/american-football/fumblesLostSpecialTeams>                |
| <https://sportschema.org/ontologies/american-football/fumblesOpposingCommitted>               |
| <https://sportschema.org/ontologies/american-football/fumblesOpposingLost>                    |
| <https://sportschema.org/ontologies/american-football/fumblesOpposingRecovered>               |
| <https://sportschema.org/ontologies/american-football/fumblesOpposingRecoveredAveragePerGame> |
| <https://sportschema.org/ontologies/american-football/fumblesOpposingTouchdowns>              |
| <https://sportschema.org/ontologies/american-football/fumblesOpposingYardsGained>             |
| <https://sportschema.org/ontologies/american-football/fumblesOwnCommitted>                    |
| <https://sportschema.org/ontologies/american-football/fumblesOwnLost>                         |
| <https://sportschema.org/ontologies/american-football/fumblesOwnRecovered>                    |
| <https://sportschema.org/ontologies/american-football/fumblesOwnTouchdowns>                   |
| <https://sportschema.org/ontologies/american-football/fumblesOwnYardsGained>                  |
| <https://sportschema.org/ontologies/american-football/fumblesRecovered>                       |
| <https://sportschema.org/ontologies/american-football/fumblesRecoveredDefense>                |
| <https://sportschema.org/ontologies/american-football/fumblesRecoveredOther>                  |
| <https://sportschema.org/ontologies/american-football/fumblesRecoveredSpecialTeams>           |
| <https://sportschema.org/ontologies/american-football/fumblesRecoveredYardsDefense>           |
| <https://sportschema.org/ontologies/american-football/fumblesRecoveredYardsOther>             |
| <https://sportschema.org/ontologies/american-football/fumblesRecoveredYardsSpecialTeams>      |
| <https://sportschema.org/ontologies/american-football/fumblesYardsGained>                     |
| <https://sportschema.org/ontologies/american-football/handoffsTotal>                          |
| <https://sportschema.org/ontologies/american-football/inside20Plays>                          |
| <https://sportschema.org/ontologies/american-football/inside20Points>                         |
| <https://sportschema.org/ontologies/american-football/inside20PointsAgainst>                  |
| <https://sportschema.org/ontologies/american-football/inside20Touchdowns>                     |
| <https://sportschema.org/ontologies/american-football/inside20TouchdownsAgainst>              |
| <https://sportschema.org/ontologies/american-football/inside20TouchdownsAgainstPercentage>    |
| <https://sportschema.org/ontologies/american-football/inside20TouchdownsPercentage>           |
| <https://sportschema.org/ontologies/american-football/interceptionsAverage>                   |
| <https://sportschema.org/ontologies/american-football/interceptionsLongest>                   |
| <https://sportschema.org/ontologies/american-football/interceptionsPercentage>                |
| <https://sportschema.org/ontologies/american-football/interceptionsTotal>                     |
| <https://sportschema.org/ontologies/american-football/interceptionsTouchdown>                 |
| <https://sportschema.org/ontologies/american-football/interceptionsYards>                     |
| <https://sportschema.org/ontologies/american-football/kickoffsAdjusted>                       |
| <https://sportschema.org/ontologies/american-football/kickoffsDriveStartAgainstAverage>       |
| <https://sportschema.org/ontologies/american-football/kickoffsToInside20>                     |
| <https://sportschema.org/ontologies/american-football/kickoffsTotal>                          |
| <https://sportschema.org/ontologies/american-football/numberOfPlays>                          |
| <https://sportschema.org/ontologies/american-football/numberOfPlaysGaining>                   |
| <https://sportschema.org/ontologies/american-football/numberOfPlaysLosing>                    |
| <https://sportschema.org/ontologies/american-football/offensivePlaysAverageYardsPer>          |
| <https://sportschema.org/ontologies/american-football/offensivePlaysAverageYardsPerGame>      |
| <https://sportschema.org/ontologies/american-football/offensivePlaysNumber>                   |
| <https://sportschema.org/ontologies/american-football/offensivePlaysYards>                    |
| <https://sportschema.org/ontologies/american-football/offensiveRank>                          |
| <https://sportschema.org/ontologies/american-football/onsideKicksAttempted>                   |
| <https://sportschema.org/ontologies/american-football/onsideKicksRecovered>                   |
| <https://sportschema.org/ontologies/american-football/passerRating>                           |
| <https://sportschema.org/ontologies/american-football/passesAttempts>                         |
| <https://sportschema.org/ontologies/american-football/passesAverageYardsPer>                  |
| <https://sportschema.org/ontologies/american-football/passesAverageYardsPerGame>              |
| <https://sportschema.org/ontologies/american-football/passesCompletions>                      |
| <https://sportschema.org/ontologies/american-football/passesCompletionsAveragePerGame>        |
| <https://sportschema.org/ontologies/american-football/passesDefensed>                         |
| <https://sportschema.org/ontologies/american-football/passesFirstDown>                        |
| <https://sportschema.org/ontologies/american-football/passesInterceptions>                    |
| <https://sportschema.org/ontologies/american-football/passesInterceptionsAverage>             |
| <https://sportschema.org/ontologies/american-football/passesInterceptionsLongest>             |
| <https://sportschema.org/ontologies/american-football/passesInterceptionsPercentage>          |
| <https://sportschema.org/ontologies/american-football/passesInterceptionsTouchdown>           |
| <https://sportschema.org/ontologies/american-football/passesInterceptionsYards>               |
| <https://sportschema.org/ontologies/american-football/passesLongest>                          |
| <https://sportschema.org/ontologies/american-football/passesPercentage>                       |
| <https://sportschema.org/ontologies/american-football/passesTouchdownsPercentage>             |
| <https://sportschema.org/ontologies/american-football/passesYardsGross>                       |
| <https://sportschema.org/ontologies/american-football/passesYardsLost>                        |
| <https://sportschema.org/ontologies/american-football/passesYardsNet>                         |
| <https://sportschema.org/ontologies/american-football/passesYardsPerAttempt>                  |
| <https://sportschema.org/ontologies/american-football/passingCareer300YardGames>              |
| <https://sportschema.org/ontologies/american-football/passingRank>                            |
| <https://sportschema.org/ontologies/american-football/penaltiesChallenged>                    |
| <https://sportschema.org/ontologies/american-football/penaltiesOpponentTotal>                 |
| <https://sportschema.org/ontologies/american-football/penaltiesOverturned>                    |
| <https://sportschema.org/ontologies/american-football/penaltiesReviewed>                      |
| <https://sportschema.org/ontologies/american-football/penaltiesTotal>                         |
| <https://sportschema.org/ontologies/american-football/penaltyFirstDowns>                      |
| <https://sportschema.org/ontologies/american-football/penaltyOpponentYards>                   |
| <https://sportschema.org/ontologies/american-football/penaltyYards>                           |
| <https://sportschema.org/ontologies/american-football/pitchesTotal>                           |
| <https://sportschema.org/ontologies/american-football/possessionDuration>                     |
| <https://sportschema.org/ontologies/american-football/possessionsInside20>                    |
| <https://sportschema.org/ontologies/american-football/puntsAgainstAverage>                    |
| <https://sportschema.org/ontologies/american-football/puntsAgainstAverageNet>                 |
| <https://sportschema.org/ontologies/american-football/puntsAgainstBlocked>                    |
| <https://sportschema.org/ontologies/american-football/puntsAgainstInside20>                   |
| <https://sportschema.org/ontologies/american-football/puntsAgainstInside20Percentage>         |
| <https://sportschema.org/ontologies/american-football/puntsAgainstLongest>                    |
| <https://sportschema.org/ontologies/american-football/puntsAgainstTotal>                      |
| <https://sportschema.org/ontologies/american-football/puntsAgainstYardsGross>                 |
| <https://sportschema.org/ontologies/american-football/puntsAgainstYardsNet>                   |
| <https://sportschema.org/ontologies/american-football/puntsAverage>                           |
| <https://sportschema.org/ontologies/american-football/puntsAverageNet>                        |
| <https://sportschema.org/ontologies/american-football/puntsBlocked>                           |
| <https://sportschema.org/ontologies/american-football/puntsInside20>                          |
| <https://sportschema.org/ontologies/american-football/puntsInside20Percentage>                |
| <https://sportschema.org/ontologies/american-football/puntsLongest>                           |
| <https://sportschema.org/ontologies/american-football/puntsTotal>                             |
| <https://sportschema.org/ontologies/american-football/puntsYardsGross>                        |
| <https://sportschema.org/ontologies/american-football/puntsYardsNet>                          |
| <https://sportschema.org/ontologies/american-football/quarterbackHurries>                     |
| <https://sportschema.org/ontologies/american-football/receptionsAveragePerGame>               |
| <https://sportschema.org/ontologies/american-football/receptionsAverageYards>                 |
| <https://sportschema.org/ontologies/american-football/receptionsAverageYardsPer>              |
| <https://sportschema.org/ontologies/american-football/receptionsCareer100YardGames>           |
| <https://sportschema.org/ontologies/american-football/receptionsFirstDown>                    |
| <https://sportschema.org/ontologies/american-football/receptionsLongest>                      |
| <https://sportschema.org/ontologies/american-football/receptionsLooks>                        |
| <https://sportschema.org/ontologies/american-football/receptionsTotal>                        |
| <https://sportschema.org/ontologies/american-football/receptionsYards>                        |
| <https://sportschema.org/ontologies/american-football/returnsKickoffAdjusted>                 |
| <https://sportschema.org/ontologies/american-football/returnsKickoffAgainstAverage>           |
| <https://sportschema.org/ontologies/american-football/returnsKickoffAgainstLongest>           |
| <https://sportschema.org/ontologies/american-football/returnsKickoffAgainstTotal>             |
| <https://sportschema.org/ontologies/american-football/returnsKickoffAgainstTouchdown>         |
| <https://sportschema.org/ontologies/american-football/returnsKickoffAgainstYards>             |
| <https://sportschema.org/ontologies/american-football/returnsKickoffAverage>                  |
| <https://sportschema.org/ontologies/american-football/returnsKickoffDriveStartAverage>        |
| <https://sportschema.org/ontologies/american-football/returnsKickoffInside20>                 |
| <https://sportschema.org/ontologies/american-football/returnsKickoffLongest>                  |
| <https://sportschema.org/ontologies/american-football/returnsKickoffTotal>                    |
| <https://sportschema.org/ontologies/american-football/returnsKickoffTouchdown>                |
| <https://sportschema.org/ontologies/american-football/returnsKickoffYards>                    |
| <https://sportschema.org/ontologies/american-football/returnsPuntAgainstAverage>              |
| <https://sportschema.org/ontologies/american-football/returnsPuntAgainstLongest>              |
| <https://sportschema.org/ontologies/american-football/returnsPuntAgainstTotal>                |
| <https://sportschema.org/ontologies/american-football/returnsPuntAgainstTouchdown>            |
| <https://sportschema.org/ontologies/american-football/returnsPuntAgainstYards>                |
| <https://sportschema.org/ontologies/american-football/returnsPuntAverage>                     |
| <https://sportschema.org/ontologies/american-football/returnsPuntLongest>                     |
| <https://sportschema.org/ontologies/american-football/returnsPuntTotal>                       |
| <https://sportschema.org/ontologies/american-football/returnsPuntTouchdown>                   |
| <https://sportschema.org/ontologies/american-football/returnsPuntYards>                       |
| <https://sportschema.org/ontologies/american-football/returnsTotal>                           |
| <https://sportschema.org/ontologies/american-football/returnsYards>                           |
| <https://sportschema.org/ontologies/american-football/rushesAttempts>                         |
| <https://sportschema.org/ontologies/american-football/rushesAverageAttemptsPerGame>           |
| <https://sportschema.org/ontologies/american-football/rushesAverageYardsPerGame>              |
| <https://sportschema.org/ontologies/american-football/rushesCareer100YardGames>               |
| <https://sportschema.org/ontologies/american-football/rushesFirstDown>                        |
| <https://sportschema.org/ontologies/american-football/rushesLongest>                          |
| <https://sportschema.org/ontologies/american-football/rushesYards>                            |
| <https://sportschema.org/ontologies/american-football/rushesYardsLeft>                        |
| <https://sportschema.org/ontologies/american-football/rushesYardsMiddle>                      |
| <https://sportschema.org/ontologies/american-football/rushesYardsRight>                       |
| <https://sportschema.org/ontologies/american-football/rushingAverageYardsPer>                 |
| <https://sportschema.org/ontologies/american-football/rushingRank>                            |
| <https://sportschema.org/ontologies/american-football/sacksAgainstAverage>                    |
| <https://sportschema.org/ontologies/american-football/sacksAgainstSafeties>                   |
| <https://sportschema.org/ontologies/american-football/sacksAgainstTotal>                      |
| <https://sportschema.org/ontologies/american-football/sacksAgainstYards>                      |
| <https://sportschema.org/ontologies/american-football/sacksTeam>                              |
| <https://sportschema.org/ontologies/american-football/sacksTotal>                             |
| <https://sportschema.org/ontologies/american-football/sacksYards>                             |
| <https://sportschema.org/ontologies/american-football/sacksYardsTeam>                         |
| <https://sportschema.org/ontologies/american-football/safetiesAgainst>                        |
| <https://sportschema.org/ontologies/american-football/singlePoints>                           |
| <https://sportschema.org/ontologies/american-football/tacklesAssists>                         |
| <https://sportschema.org/ontologies/american-football/tacklesAssistsOffense>                  |
| <https://sportschema.org/ontologies/american-football/tacklesAssistsSpecialTeams>             |
| <https://sportschema.org/ontologies/american-football/tacklesOffense>                         |
| <https://sportschema.org/ontologies/american-football/tacklesSolo>                            |
| <https://sportschema.org/ontologies/american-football/tacklesSpecialTeams>                    |
| <https://sportschema.org/ontologies/american-football/tacklesTeam>                            |
| <https://sportschema.org/ontologies/american-football/tacklesTotal>                           |
| <https://sportschema.org/ontologies/american-football/timeouts>                               |
| <https://sportschema.org/ontologies/american-football/timesThrownTotal>                       |
| <https://sportschema.org/ontologies/american-football/totalReturnYardageNotKickoffs>          |
| <https://sportschema.org/ontologies/american-football/touchbacks>                             |
| <https://sportschema.org/ontologies/american-football/touchbacksFumbles>                      |
| <https://sportschema.org/ontologies/american-football/touchbacksFumblesPercentage>            |
| <https://sportschema.org/ontologies/american-football/touchbacksInterceptions>                |
| <https://sportschema.org/ontologies/american-football/touchbacksInterceptionsPercentage>      |
| <https://sportschema.org/ontologies/american-football/touchbacksKickoffs>                     |
| <https://sportschema.org/ontologies/american-football/touchbacksKickoffsPercentage>           |
| <https://sportschema.org/ontologies/american-football/touchbacksPunts>                        |
| <https://sportschema.org/ontologies/american-football/touchbacksPuntsAgainst>                 |
| <https://sportschema.org/ontologies/american-football/touchbacksPuntsPercentage>              |
| <https://sportschema.org/ontologies/american-football/touchbacksTotal>                        |
| <https://sportschema.org/ontologies/american-football/touchbacksTotalPercentage>              |
| <https://sportschema.org/ontologies/american-football/touchdownsAgainst>                      |
| <https://sportschema.org/ontologies/american-football/touchdownsDefensive>                    |
| <https://sportschema.org/ontologies/american-football/touchdownsPassing>                      |
| <https://sportschema.org/ontologies/american-football/touchdownsReceptions>                   |
| <https://sportschema.org/ontologies/american-football/touchdownsRushing>                      |
| <https://sportschema.org/ontologies/american-football/touchdownsSpecialTeams>                 |
| <https://sportschema.org/ontologies/american-football/touchdownsTotal>                        |
| <https://sportschema.org/ontologies/american-football/turnoverRatio>                          |
| <https://sportschema.org/ontologies/american-football/turnoversGiveaway>                      |
| <https://sportschema.org/ontologies/american-football/turnoversGiveawayAverage>               |
| <https://sportschema.org/ontologies/american-football/turnoversTakeaway>                      |
| <https://sportschema.org/ontologies/american-football/twoPointConversionsAttempts>            |
| <https://sportschema.org/ontologies/american-football/twoPointConversionsMade>                |
| <https://sportschema.org/ontologies/american-football/twoPointConversionsMadePassing>         |
| <https://sportschema.org/ontologies/american-football/twoPointConversionsMadeRushing>         |
| <https://sportschema.org/ontologies/american-football/yardsAllowedAverage>                    |
| <https://sportschema.org/ontologies/american-football/yardsAllowedTotal>                      |
| <https://sportschema.org/ontologies/american-football/yardsPerAttempt>                        |
| <https://sportschema.org/ontologies/baseball/assists>                                         |
| <https://sportschema.org/ontologies/baseball/atBats>                                          |
| <https://sportschema.org/ontologies/baseball/atBatsPerHomeRun>                                |
| <https://sportschema.org/ontologies/baseball/atBatsPerRbi>                                    |
| <https://sportschema.org/ontologies/baseball/average>                                         |
| <https://sportschema.org/ontologies/baseball/balks>                                           |
| <https://sportschema.org/ontologies/baseball/basesOnBalls>                                    |
| <https://sportschema.org/ontologies/baseball/basesOnBallsAllowed>                             |
| <https://sportschema.org/ontologies/baseball/basesOnBallsIntentional>                         |
| <https://sportschema.org/ontologies/baseball/basesOnBallsIntentionalPitcher>                  |
| <https://sportschema.org/ontologies/baseball/basesOnBallsRate>                                |
| <https://sportschema.org/ontologies/baseball/battersAtBatsAgainst>                            |
| <https://sportschema.org/ontologies/baseball/battersAverageAgainst>                           |
| <https://sportschema.org/ontologies/baseball/battersDoublesAgainst>                           |
| <https://sportschema.org/ontologies/baseball/battersHomeRunsAgainst>                          |
| <https://sportschema.org/ontologies/baseball/battersOnBasePercentageAgainst>                  |
| <https://sportschema.org/ontologies/baseball/battersSluggingPercentageAgainst>                |
| <https://sportschema.org/ontologies/baseball/battersTotalAgainst>                             |
| <https://sportschema.org/ontologies/baseball/battersTotalBasesAgainst>                        |
| <https://sportschema.org/ontologies/baseball/battersTriplesAgainst>                           |
| <https://sportschema.org/ontologies/baseball/defensiveAverage>                                |
| <https://sportschema.org/ontologies/baseball/doublePlays>                                     |
| <https://sportschema.org/ontologies/baseball/doublePlaysAgainst>                              |
| <https://sportschema.org/ontologies/baseball/doubles>                                         |
| <https://sportschema.org/ontologies/baseball/earnedRuns>                                      |
| <https://sportschema.org/ontologies/baseball/era>                                             |
| <https://sportschema.org/ontologies/baseball/errors>                                          |
| <https://sportschema.org/ontologies/baseball/errorsCatchersInterference>                      |
| <https://sportschema.org/ontologies/baseball/errorsHitWithPitch>                              |
| <https://sportschema.org/ontologies/baseball/errorsPassedBall>                                |
| <https://sportschema.org/ontologies/baseball/errorsWildPitch>                                 |
| <https://sportschema.org/ontologies/baseball/eventCredit>                                     |
| <https://sportschema.org/ontologies/baseball/fieldingChances>                                 |
| <https://sportschema.org/ontologies/baseball/fieldingPercentage>                              |
| <https://sportschema.org/ontologies/baseball/gamesComplete>                                   |
| <https://sportschema.org/ontologies/baseball/gamesFinished>                                   |
| <https://sportschema.org/ontologies/baseball/gamesPitched>                                    |
| <https://sportschema.org/ontologies/baseball/gamesPlayed>                                     |
| <https://sportschema.org/ontologies/baseball/gamesPlayedPosition>                             |
| <https://sportschema.org/ontologies/baseball/grandSlams>                                      |
| <https://sportschema.org/ontologies/baseball/groundedIntoDoublePlay>                          |
| <https://sportschema.org/ontologies/baseball/hitByPitch>                                      |
| <https://sportschema.org/ontologies/baseball/hitIntoDoublePlay>                               |
| <https://sportschema.org/ontologies/baseball/hits>                                            |
| <https://sportschema.org/ontologies/baseball/hitsAllowed>                                     |
| <https://sportschema.org/ontologies/baseball/hitsEventWinning>                                |
| <https://sportschema.org/ontologies/baseball/hitsExtraBase>                                   |
| <https://sportschema.org/ontologies/baseball/holds>                                           |
| <https://sportschema.org/ontologies/baseball/homeRuns>                                        |
| <https://sportschema.org/ontologies/baseball/homeRunsAllowed>                                 |
| <https://sportschema.org/ontologies/baseball/homeRunsSeason>                                  |
| <https://sportschema.org/ontologies/baseball/inheritedRunnersScored>                          |
| <https://sportschema.org/ontologies/baseball/inheritedRunnersTotal>                           |
| <https://sportschema.org/ontologies/baseball/inningsPitched>                                  |
| <https://sportschema.org/ontologies/baseball/inningsPitchedAverage>                           |
| <https://sportschema.org/ontologies/baseball/inningsPlayed>                                   |
| <https://sportschema.org/ontologies/baseball/interferences>                                   |
| <https://sportschema.org/ontologies/baseball/leftInScoringPosition>                           |
| <https://sportschema.org/ontologies/baseball/leftOnBase>                                      |
| <https://sportschema.org/ontologies/baseball/losses>                                          |
| <https://sportschema.org/ontologies/baseball/movedUp>                                         |
| <https://sportschema.org/ontologies/baseball/numberOfPitches>                                 |
| <https://sportschema.org/ontologies/baseball/numberOfStrikes>                                 |
| <https://sportschema.org/ontologies/baseball/onBasePercentage>                                |
| <https://sportschema.org/ontologies/baseball/onBasePlusSlugging>                              |
| <https://sportschema.org/ontologies/baseball/outsFly>                                         |
| <https://sportschema.org/ontologies/baseball/outsGround>                                      |
| <https://sportschema.org/ontologies/baseball/pickOffs>                                        |
| <https://sportschema.org/ontologies/baseball/pickOffsAgainst>                                 |
| <https://sportschema.org/ontologies/baseball/plateAppearances>                                |
| <https://sportschema.org/ontologies/baseball/plateAppearancesPerHomeRun>                      |
| <https://sportschema.org/ontologies/baseball/plateAppearancesPerRbi>                          |
| <https://sportschema.org/ontologies/baseball/putouts>                                         |
| <https://sportschema.org/ontologies/baseball/rbi>                                             |
| <https://sportschema.org/ontologies/baseball/reachedBaseDefensiveInterference>                |
| <https://sportschema.org/ontologies/baseball/reachedBaseError>                                |
| <https://sportschema.org/ontologies/baseball/reachedBaseFielderChoice>                        |
| <https://sportschema.org/ontologies/baseball/reliefPoints>                                    |
| <https://sportschema.org/ontologies/baseball/runsAllowed>                                     |
| <https://sportschema.org/ontologies/baseball/runsScored>                                      |
| <https://sportschema.org/ontologies/baseball/sacBunts>                                        |
| <https://sportschema.org/ontologies/baseball/sacFlies>                                        |
| <https://sportschema.org/ontologies/baseball/sacrificeBuntsAllowed>                           |
| <https://sportschema.org/ontologies/baseball/sacrificeFliesAllowed>                           |
| <https://sportschema.org/ontologies/baseball/sacrificeHitsAllowed>                            |
| <https://sportschema.org/ontologies/baseball/sacrifices>                                      |
| <https://sportschema.org/ontologies/baseball/saveCredit>                                      |
| <https://sportschema.org/ontologies/baseball/saves>                                           |
| <https://sportschema.org/ontologies/baseball/savesBlown>                                      |
| <https://sportschema.org/ontologies/baseball/savesOpportunities>                              |
| <https://sportschema.org/ontologies/baseball/savesTough>                                      |
| <https://sportschema.org/ontologies/baseball/shutouts>                                        |
| <https://sportschema.org/ontologies/baseball/shutoutsCombined>                                |
| <https://sportschema.org/ontologies/baseball/singles>                                         |
| <https://sportschema.org/ontologies/baseball/sluggingPercentage>                              |
| <https://sportschema.org/ontologies/baseball/stolenBases>                                     |
| <https://sportschema.org/ontologies/baseball/stolenBasesAgainst>                              |
| <https://sportschema.org/ontologies/baseball/stolenBasesAverage>                              |
| <https://sportschema.org/ontologies/baseball/stolenBasesAverageDefense>                       |
| <https://sportschema.org/ontologies/baseball/stolenBasesCaught>                               |
| <https://sportschema.org/ontologies/baseball/stolenBasesCaughtDefense>                        |
| <https://sportschema.org/ontologies/baseball/streakHits>                                      |
| <https://sportschema.org/ontologies/baseball/strikeoutRate>                                   |
| <https://sportschema.org/ontologies/baseball/strikeoutToBbRatio>                              |
| <https://sportschema.org/ontologies/baseball/strikeouts>                                      |
| <https://sportschema.org/ontologies/baseball/strikeoutsAgainst>                               |
| <https://sportschema.org/ontologies/baseball/strikeoutsLooking>                               |
| <https://sportschema.org/ontologies/baseball/totalBases>                                      |
| <https://sportschema.org/ontologies/baseball/triplePlays>                                     |
| <https://sportschema.org/ontologies/baseball/triplePlaysAgainst>                              |
| <https://sportschema.org/ontologies/baseball/triples>                                         |
| <https://sportschema.org/ontologies/baseball/unearnedRuns>                                    |
| <https://sportschema.org/ontologies/baseball/whip>                                            |
| <https://sportschema.org/ontologies/baseball/winningPercentage>                               |
| <https://sportschema.org/ontologies/baseball/wins>                                            |
| <https://sportschema.org/ontologies/basketball/assistsPerGame>                                |
| <https://sportschema.org/ontologies/basketball/assistsTotal>                                  |
| <https://sportschema.org/ontologies/basketball/averageMinutesPerGame>                         |
| <https://sportschema.org/ontologies/basketball/blocksDifferential>                            |
| <https://sportschema.org/ontologies/basketball/blocksOpponent>                                |
| <https://sportschema.org/ontologies/basketball/blocksPerGame>                                 |
| <https://sportschema.org/ontologies/basketball/blocksTotal>                                   |
| <https://sportschema.org/ontologies/basketball/chargesTaken>                                  |
| <https://sportschema.org/ontologies/basketball/doubleDoubles>                                 |
| <https://sportschema.org/ontologies/basketball/fieldGoalsAgainstPerGame>                      |
| <https://sportschema.org/ontologies/basketball/fieldGoalsAgainstPercentage>                   |
| <https://sportschema.org/ontologies/basketball/fieldGoalsAttempted>                           |
| <https://sportschema.org/ontologies/basketball/fieldGoalsAttemptedPerGame>                    |
| <https://sportschema.org/ontologies/basketball/fieldGoalsMade>                                |
| <https://sportschema.org/ontologies/basketball/fieldGoalsPerGame>                             |
| <https://sportschema.org/ontologies/basketball/fieldGoalsPercentage>                          |
| <https://sportschema.org/ontologies/basketball/fieldGoalsPercentageAdjusted>                  |
| <https://sportschema.org/ontologies/basketball/foulsTotal>                                    |
| <https://sportschema.org/ontologies/basketball/freeThrowsAttempted>                           |
| <https://sportschema.org/ontologies/basketball/freeThrowsAttemptedPerGame>                    |
| <https://sportschema.org/ontologies/basketball/freeThrowsMade>                                |
| <https://sportschema.org/ontologies/basketball/freeThrowsPerGame>                             |
| <https://sportschema.org/ontologies/basketball/freeThrowsPercentage>                          |
| <https://sportschema.org/ontologies/basketball/gamesPlayed>                                   |
| <https://sportschema.org/ontologies/basketball/gamesStarted>                                  |
| <https://sportschema.org/ontologies/basketball/largestLead>                                   |
| <https://sportschema.org/ontologies/basketball/minutesPlayed>                                 |
| <https://sportschema.org/ontologies/basketball/personalFoulsPerGame>                          |
| <https://sportschema.org/ontologies/basketball/pointsScoredAgainstPerGame>                    |
| <https://sportschema.org/ontologies/basketball/pointsScoredAgainstPerGameHighest>             |
| <https://sportschema.org/ontologies/basketball/pointsScoredInPaint>                           |
| <https://sportschema.org/ontologies/basketball/pointsScoredOffTurnovers>                      |
| <https://sportschema.org/ontologies/basketball/pointsScoredOnFastBreak>                       |
| <https://sportschema.org/ontologies/basketball/pointsScoredOnSecondChance>                    |
| <https://sportschema.org/ontologies/basketball/pointsScoredPerGame>                           |
| <https://sportschema.org/ontologies/basketball/pointsScoredPerGameHighest>                    |
| <https://sportschema.org/ontologies/basketball/pointsScoredPerShot>                           |
| <https://sportschema.org/ontologies/basketball/pointsScoredTotal>                             |
| <https://sportschema.org/ontologies/basketball/reboundsDefensive>                             |
| <https://sportschema.org/ontologies/basketball/reboundsDefensivePerGame>                      |
| <https://sportschema.org/ontologies/basketball/reboundsDefensivePercentage>                   |
| <https://sportschema.org/ontologies/basketball/reboundsDifferential>                          |
| <https://sportschema.org/ontologies/basketball/reboundsOffensive>                             |
| <https://sportschema.org/ontologies/basketball/reboundsOffensivePerGame>                      |
| <https://sportschema.org/ontologies/basketball/reboundsOffensivePercentage>                   |
| <https://sportschema.org/ontologies/basketball/reboundsOpponentDefensive>                     |
| <https://sportschema.org/ontologies/basketball/reboundsOpponentOffensive>                     |
| <https://sportschema.org/ontologies/basketball/reboundsOpponentTotal>                         |
| <https://sportschema.org/ontologies/basketball/reboundsPerGame>                               |
| <https://sportschema.org/ontologies/basketball/reboundsTotal>                                 |
| <https://sportschema.org/ontologies/basketball/reboundsTotalPercentage>                       |
| <https://sportschema.org/ontologies/basketball/stealsDifferential>                            |
| <https://sportschema.org/ontologies/basketball/stealsOpponent>                                |
| <https://sportschema.org/ontologies/basketball/stealsPerGame>                                 |
| <https://sportschema.org/ontologies/basketball/stealsTotal>                                   |
| <https://sportschema.org/ontologies/basketball/teamReboundsDefensive>                         |
| <https://sportschema.org/ontologies/basketball/teamReboundsDefensivePercentage>               |
| <https://sportschema.org/ontologies/basketball/teamReboundsOffensive>                         |
| <https://sportschema.org/ontologies/basketball/teamReboundsOffensivePercentage>               |
| <https://sportschema.org/ontologies/basketball/teamReboundsOpponentDefensive>                 |
| <https://sportschema.org/ontologies/basketball/teamReboundsOpponentOffensive>                 |
| <https://sportschema.org/ontologies/basketball/teamReboundsOpponentTotal>                     |
| <https://sportschema.org/ontologies/basketball/teamReboundsPerGame>                           |
| <https://sportschema.org/ontologies/basketball/teamReboundsTotal>                             |
| <https://sportschema.org/ontologies/basketball/teamReboundsTotalPercentage>                   |
| <https://sportschema.org/ontologies/basketball/teamTurnoversPerGame>                          |
| <https://sportschema.org/ontologies/basketball/teamTurnoversTotal>                            |
| <https://sportschema.org/ontologies/basketball/threePointersAttempted>                        |
| <https://sportschema.org/ontologies/basketball/threePointersAttemptedPerGame>                 |
| <https://sportschema.org/ontologies/basketball/threePointersMade>                             |
| <https://sportschema.org/ontologies/basketball/threePointersPerGame>                          |
| <https://sportschema.org/ontologies/basketball/threePointersPercentage>                       |
| <https://sportschema.org/ontologies/basketball/timeoutsLeft>                                  |
| <https://sportschema.org/ontologies/basketball/tripleDoubles>                                 |
| <https://sportschema.org/ontologies/basketball/turnoverMargin>                                |
| <https://sportschema.org/ontologies/basketball/turnoversPerGame>                              |
| <https://sportschema.org/ontologies/basketball/turnoversTotal>                                |
| <https://sportschema.org/ontologies/corestatistics/adjustedScoreAgainst>                      |
| <https://sportschema.org/ontologies/corestatistics/adjustedScoreFor>                          |
| <https://sportschema.org/ontologies/corestatistics/eventStandingPoints>                       |
| <https://sportschema.org/ontologies/corestatistics/eventStandingPointsAgainst>                |
| <https://sportschema.org/ontologies/corestatistics/eventsDiscarded>                           |
| <https://sportschema.org/ontologies/corestatistics/eventsRemaining>                           |
| <https://sportschema.org/ontologies/corestatistics/gamesBack>                                 |
| <https://sportschema.org/ontologies/corestatistics/lossesOvertime>                            |
| <https://sportschema.org/ontologies/corestatistics/periodExtraTimeAdded>                      |
| <https://sportschema.org/ontologies/corestatistics/periodExtraTimeElapsed>                    |
| <https://sportschema.org/ontologies/corestatistics/points>                                    |
| <https://sportschema.org/ontologies/corestatistics/relegationAverage>                         |
| <https://sportschema.org/ontologies/corestatistics/scoreAttempts>                             |
| <https://sportschema.org/ontologies/corestatistics/scoreAttemptsOnGoal>                       |
| <https://sportschema.org/ontologies/corestatistics/scoreAttemptsOnGoalOpposing>               |
| <https://sportschema.org/ontologies/corestatistics/scoreAttemptsOpposing>                     |
| <https://sportschema.org/ontologies/corestatistics/scoreAverage>                              |
| <https://sportschema.org/ontologies/corestatistics/scoreBehind>                               |
| <https://sportschema.org/ontologies/corestatistics/scoreOpposingAverage>                      |
| <https://sportschema.org/ontologies/corestatistics/scorePercentage>                           |
| <https://sportschema.org/ontologies/corestatistics/scorePercentageOpposing>                   |
| <https://sportschema.org/ontologies/corestatistics/standingPointsAgainst>                     |
| <https://sportschema.org/ontologies/corestatistics/streakDuration>                            |
| <https://sportschema.org/ontologies/corestatistics/streakEnd>                                 |
| <https://sportschema.org/ontologies/corestatistics/streakStart>                               |
| <https://sportschema.org/ontologies/corestatistics/streakTotal>                               |
| <https://sportschema.org/ontologies/corestatistics/timeOfPossession>                          |
| <https://sportschema.org/ontologies/corestatistics/timeOfPossessionAverage>                   |
| <https://sportschema.org/ontologies/corestatistics/timeOfPossessionAverageOpposing>           |
| <https://sportschema.org/ontologies/corestatistics/timeOfPossessionPercentageOpposing>        |
| <https://sportschema.org/ontologies/corestatistics/timePlayedEvent>                           |
| <https://sportschema.org/ontologies/corestatistics/timePlayedEventAverage>                    |
| <https://sportschema.org/ontologies/corestatistics/undecideds>                                |
| <https://sportschema.org/ontologies/corestatistics/winningPercentage>                         |
| <https://sportschema.org/ontologies/golf/average>                                             |
| <https://sportschema.org/ontologies/golf/birdies>                                             |
| <https://sportschema.org/ontologies/golf/birdiesRank>                                         |
| <https://sportschema.org/ontologies/golf/bogeys>                                              |
| <https://sportschema.org/ontologies/golf/bogeysRank>                                          |
| <https://sportschema.org/ontologies/golf/bunkers>                                             |
| <https://sportschema.org/ontologies/golf/distanceLongest>                                     |
| <https://sportschema.org/ontologies/golf/distanceRank>                                        |
| <https://sportschema.org/ontologies/golf/doubleBogeys>                                        |
| <https://sportschema.org/ontologies/golf/doubleBogeysRank>                                    |
| <https://sportschema.org/ontologies/golf/driveAccuracy>                                       |
| <https://sportschema.org/ontologies/golf/driveAccuracyRank>                                   |
| <https://sportschema.org/ontologies/golf/drives>                                              |
| <https://sportschema.org/ontologies/golf/eaglePerHolesFrequency>                              |
| <https://sportschema.org/ontologies/golf/eagles>                                              |
| <https://sportschema.org/ontologies/golf/eaglesRank>                                          |
| <https://sportschema.org/ontologies/golf/fairwaysHit>                                         |
| <https://sportschema.org/ontologies/golf/fairwaysPossible>                                    |
| <https://sportschema.org/ontologies/golf/finishOther>                                         |
| <https://sportschema.org/ontologies/golf/finishOtherRank>                                     |
| <https://sportschema.org/ontologies/golf/finishesFirstPlace>                                  |
| <https://sportschema.org/ontologies/golf/finishesSecondPlace>                                 |
| <https://sportschema.org/ontologies/golf/finishesTop10>                                       |
| <https://sportschema.org/ontologies/golf/greensHit>                                           |
| <https://sportschema.org/ontologies/golf/greensHitRank>                                       |
| <https://sportschema.org/ontologies/golf/greensInRegulationMissed>                            |
| <https://sportschema.org/ontologies/golf/greensInRegulationPutting>                           |
| <https://sportschema.org/ontologies/golf/greensInRegulationRank>                              |
| <https://sportschema.org/ontologies/golf/handicap>                                            |
| <https://sportschema.org/ontologies/golf/holesUnderPar>                                       |
| <https://sportschema.org/ontologies/golf/money>                                               |
| <https://sportschema.org/ontologies/golf/moneyValue>                                          |
| <https://sportschema.org/ontologies/golf/pars>                                                |
| <https://sportschema.org/ontologies/golf/parsRank>                                            |
| <https://sportschema.org/ontologies/golf/performancePar3>                                     |
| <https://sportschema.org/ontologies/golf/performancePar4>                                     |
| <https://sportschema.org/ontologies/golf/performancePar5>                                     |
| <https://sportschema.org/ontologies/golf/points>                                              |
| <https://sportschema.org/ontologies/golf/pointsGained>                                        |
| <https://sportschema.org/ontologies/golf/pointsLost>                                          |
| <https://sportschema.org/ontologies/golf/puttsPerRound>                                       |
| <https://sportschema.org/ontologies/golf/puttsPerRoundRank>                                   |
| <https://sportschema.org/ontologies/golf/rank>                                                |
| <https://sportschema.org/ontologies/golf/rounds>                                              |
| <https://sportschema.org/ontologies/golf/roundsUnderPar>                                      |
| <https://sportschema.org/ontologies/golf/saves>                                               |
| <https://sportschema.org/ontologies/golf/savesRank>                                           |
| <https://sportschema.org/ontologies/golf/scoringAdjustment>                                   |
| <https://sportschema.org/ontologies/golf/totalDriving>                                        |
| <https://sportschema.org/ontologies/golf/totalHoles>                                          |
| <https://sportschema.org/ontologies/golf/totalParOrLess>                                      |
| <https://sportschema.org/ontologies/golf/totalPoints>                                         |
| <https://sportschema.org/ontologies/golf/totalPutts>                                          |
| <https://sportschema.org/ontologies/golf/totalRounds>                                         |
| <https://sportschema.org/ontologies/golf/totalStrokes>                                        |
| <https://sportschema.org/ontologies/main/child>                                               |
| <https://sportschema.org/ontologies/main/childSite>                                           |
| <https://sportschema.org/ontologies/main/competitionMembership>                               |
| <https://sportschema.org/ontologies/main/containsAction>                                      |
| <https://sportschema.org/ontologies/main/containsCompetitionPhase>                            |
| <https://sportschema.org/ontologies/main/containsEvent>                                       |
| <https://sportschema.org/ontologies/main/endDateTime>                                         |
| <https://sportschema.org/ontologies/main/governs>                                             |
| <https://sportschema.org/ontologies/main/locationOf>                                          |
| <https://sportschema.org/ontologies/main/memberOf>                                            |
| <https://sportschema.org/ontologies/main/membership>                                          |
| <https://sportschema.org/ontologies/main/parentSite>                                          |
| <https://sportschema.org/ontologies/main/participantOf>                                       |
| <https://sportschema.org/ontologies/main/participationIn>                                     |
| <https://sportschema.org/ontologies/main/participationSplitOf>                                |
| <https://sportschema.org/ontologies/main/phaseContainsEvent>                                  |
| <https://sportschema.org/ontologies/main/shotDistance>                                        |
| <https://sportschema.org/ontologies/main/shotDistanceUnits>                                   |
| <https://sportschema.org/ontologies/main/timeRemaining>                                       |
| <https://sportschema.org/ontologies/motor-racing/bonus>                                       |
| <https://sportschema.org/ontologies/motor-racing/cautionFlags>                                |
| <https://sportschema.org/ontologies/motor-racing/cautionFlagsLaps>                            |
| <https://sportschema.org/ontologies/motor-racing/comment>                                     |
| <https://sportschema.org/ontologies/motor-racing/distanceCompleted>                           |
| <https://sportschema.org/ontologies/motor-racing/distanceLap>                                 |
| <https://sportschema.org/ontologies/motor-racing/distanceLeading>                             |
| <https://sportschema.org/ontologies/motor-racing/distanceTotal>                               |
| <https://sportschema.org/ontologies/motor-racing/duration>                                    |
| <https://sportschema.org/ontologies/motor-racing/finishes>                                    |
| <https://sportschema.org/ontologies/motor-racing/finishesTop10>                               |
| <https://sportschema.org/ontologies/motor-racing/finishesTop5>                                |
| <https://sportschema.org/ontologies/motor-racing/grid>                                        |
| <https://sportschema.org/ontologies/motor-racing/lapNumber>                                   |
| <https://sportschema.org/ontologies/motor-racing/lapsAheadFollower>                           |
| <https://sportschema.org/ontologies/motor-racing/lapsBehindLeader>                            |
| <https://sportschema.org/ontologies/motor-racing/lapsCompleted>                               |
| <https://sportschema.org/ontologies/motor-racing/lapsLeadingTotal>                            |
| <https://sportschema.org/ontologies/motor-racing/lapsTotal>                                   |
| <https://sportschema.org/ontologies/motor-racing/leadChanges>                                 |
| <https://sportschema.org/ontologies/motor-racing/leadChangesDrivers>                          |
| <https://sportschema.org/ontologies/motor-racing/leadsTotal>                                  |
| <https://sportschema.org/ontologies/motor-racing/marginOfVictory>                             |
| <https://sportschema.org/ontologies/motor-racing/money>                                       |
| <https://sportschema.org/ontologies/motor-racing/nonFinishes>                                 |
| <https://sportschema.org/ontologies/motor-racing/points>                                      |
| <https://sportschema.org/ontologies/motor-racing/pointsRookie>                                |
| <https://sportschema.org/ontologies/motor-racing/polePosition>                                |
| <https://sportschema.org/ontologies/motor-racing/poleWins>                                    |
| <https://sportschema.org/ontologies/motor-racing/qualifyingPosition>                          |
| <https://sportschema.org/ontologies/motor-racing/qualifyingSpeed>                             |
| <https://sportschema.org/ontologies/motor-racing/qualifyingTime>                              |
| <https://sportschema.org/ontologies/motor-racing/racesLeading>                                |
| <https://sportschema.org/ontologies/motor-racing/speedAverage>                                |
| <https://sportschema.org/ontologies/motor-racing/speedAverageLap>                             |
| <https://sportschema.org/ontologies/motor-racing/speedAverageRace>                            |
| <https://sportschema.org/ontologies/motor-racing/speedRange>                                  |
| <https://sportschema.org/ontologies/motor-racing/splitLocation>                               |
| <https://sportschema.org/ontologies/motor-racing/startTimeElapsed>                            |
| <https://sportschema.org/ontologies/motor-racing/starts>                                      |
| <https://sportschema.org/ontologies/motor-racing/status>                                      |
| <https://sportschema.org/ontologies/motor-racing/time>                                        |
| <https://sportschema.org/ontologies/motor-racing/timeAheadFollower>                           |
| <https://sportschema.org/ontologies/motor-racing/timeBehindLeader>                            |
| <https://sportschema.org/ontologies/motor-racing/wins>                                        |
| <https://sportschema.org/ontologies/rugby/cautionPointsPending>                               |
| <https://sportschema.org/ontologies/rugby/cautionPointsTotal>                                 |
| <https://sportschema.org/ontologies/rugby/cautionsPending>                                    |
| <https://sportschema.org/ontologies/rugby/cautionsPerGame>                                    |
| <https://sportschema.org/ontologies/rugby/cautionsTotal>                                      |
| <https://sportschema.org/ontologies/rugby/conversionAttempts>                                 |
| <https://sportschema.org/ontologies/rugby/conversionsScored>                                  |
| <https://sportschema.org/ontologies/rugby/conversionsScoredPerGame>                           |
| <https://sportschema.org/ontologies/rugby/dropGoalAttempts>                                   |
| <https://sportschema.org/ontologies/rugby/dropGoalsScored>                                    |
| <https://sportschema.org/ontologies/rugby/dropGoalsScoredPerGame>                             |
| <https://sportschema.org/ontologies/rugby/ejectionsPerGame>                                   |
| <https://sportschema.org/ontologies/rugby/ejectionsTotal>                                     |
| <https://sportschema.org/ontologies/rugby/freeKicksPerGame>                                   |
| <https://sportschema.org/ontologies/rugby/freeKicksTotal>                                     |
| <https://sportschema.org/ontologies/rugby/handlingErrors>                                     |
| <https://sportschema.org/ontologies/rugby/handlingErrorsPerGame>                              |
| <https://sportschema.org/ontologies/rugby/kicksIntoTouch>                                     |
| <https://sportschema.org/ontologies/rugby/kicksTotal>                                         |
| <https://sportschema.org/ontologies/rugby/lineOutsTotal>                                      |
| <https://sportschema.org/ontologies/rugby/lineOutsWonAgainst>                                 |
| <https://sportschema.org/ontologies/rugby/lineOutsWonFor>                                     |
| <https://sportschema.org/ontologies/rugby/maulsTotal>                                         |
| <https://sportschema.org/ontologies/rugby/maulsWonAgainst>                                    |
| <https://sportschema.org/ontologies/rugby/maulsWonFor>                                        |
| <https://sportschema.org/ontologies/rugby/metresGained>                                       |
| <https://sportschema.org/ontologies/rugby/penaltiesConceded>                                  |
| <https://sportschema.org/ontologies/rugby/penaltiesConcededPerGame>                           |
| <https://sportschema.org/ontologies/rugby/penaltyGoalAttempts>                                |
| <https://sportschema.org/ontologies/rugby/penaltyGoalsScored>                                 |
| <https://sportschema.org/ontologies/rugby/penaltyGoalsScoredPerGame>                          |
| <https://sportschema.org/ontologies/rugby/penaltyTriesPerGame>                                |
| <https://sportschema.org/ontologies/rugby/penaltyTriesTotal>                                  |
| <https://sportschema.org/ontologies/rugby/rucksTotal>                                         |
| <https://sportschema.org/ontologies/rugby/rucksWonAgainst>                                    |
| <https://sportschema.org/ontologies/rugby/rucksWonFor>                                        |
| <https://sportschema.org/ontologies/rugby/runs>                                               |
| <https://sportschema.org/ontologies/rugby/scrumsTotal>                                        |
| <https://sportschema.org/ontologies/rugby/scrumsWonAgainst>                                   |
| <https://sportschema.org/ontologies/rugby/scrumsWonFor>                                       |
| <https://sportschema.org/ontologies/rugby/tackles>                                            |
| <https://sportschema.org/ontologies/rugby/tacklesMissed>                                      |
| <https://sportschema.org/ontologies/rugby/triesScored>                                        |
| <https://sportschema.org/ontologies/rugby/triesScoredPerGame>                                 |
| <https://sportschema.org/ontologies/soccer/assistsGameTying>                                  |
| <https://sportschema.org/ontologies/soccer/assistsGameWinning>                                |
| <https://sportschema.org/ontologies/soccer/assistsOvertime>                                   |
| <https://sportschema.org/ontologies/soccer/cautionPointsPending>                              |
| <https://sportschema.org/ontologies/soccer/cautionPointsTotal>                                |
| <https://sportschema.org/ontologies/soccer/cautionsPending>                                   |
| <https://sportschema.org/ontologies/soccer/ejectionsSecondCaution>                            |
| <https://sportschema.org/ontologies/soccer/ejectionsStraight>                                 |
| <https://sportschema.org/ontologies/soccer/giveaways>                                         |
| <https://sportschema.org/ontologies/soccer/goalsAgainstAverage>                               |
| <https://sportschema.org/ontologies/soccer/goalsGameTying>                                    |
| <https://sportschema.org/ontologies/soccer/goalsGameWinning>                                  |
| <https://sportschema.org/ontologies/soccer/goalsOvertime>                                     |
| <https://sportschema.org/ontologies/soccer/goalsShootout>                                     |
| <https://sportschema.org/ontologies/soccer/hatTricks>                                         |
| <https://sportschema.org/ontologies/soccer/lineFormationPosition>                             |
| <https://sportschema.org/ontologies/soccer/lineFormationRow>                                  |
| <https://sportschema.org/ontologies/soccer/passesCompletePercentage>                          |
| <https://sportschema.org/ontologies/soccer/points>                                            |
| <https://sportschema.org/ontologies/soccer/shotsHitFrame>                                     |
| <https://sportschema.org/ontologies/soccer/shotsOnGoalAgainstTotal>                           |
| <https://sportschema.org/ontologies/soccer/shotsPenaltyShotPercentage>                        |
| <https://sportschema.org/ontologies/soccer/shotsPenaltyShotTaken>                             |
| <https://sportschema.org/ontologies/soccer/shotsShootoutAllowed>                              |
| <https://sportschema.org/ontologies/soccer/shotsShootoutMissed>                               |
| <https://sportschema.org/ontologies/soccer/shotsShootoutPercentage>                           |
| <https://sportschema.org/ontologies/soccer/shotsShootoutScored>                               |
| <https://sportschema.org/ontologies/soccer/shotsShootoutTaken>                                |
| <https://sportschema.org/ontologies/soccer/shotsShootoutTotal>                                |
| <https://sportschema.org/ontologies/soccer/timeEnteredEvent>                                  |
| <https://sportschema.org/ontologies/soccer/timeExitedEvent>                                   |
| <https://sportschema.org/ontologies/tennis/aces>                                              |
| <https://sportschema.org/ontologies/tennis/breakPointsAgainst>                                |
| <https://sportschema.org/ontologies/tennis/breakPointsConverted>                              |
| <https://sportschema.org/ontologies/tennis/breakPointsConvertedPct>                           |
| <https://sportschema.org/ontologies/tennis/breakPointsPlayed>                                 |
| <https://sportschema.org/ontologies/tennis/breakPointsSaved>                                  |
| <https://sportschema.org/ontologies/tennis/breakPointsSavedPct>                               |
| <https://sportschema.org/ontologies/tennis/doubleFaults>                                      |
| <https://sportschema.org/ontologies/tennis/duration>                                          |
| <https://sportschema.org/ontologies/tennis/firstServeAverageSpeed>                            |
| <https://sportschema.org/ontologies/tennis/firstServiceReturnPointsWon>                       |
| <https://sportschema.org/ontologies/tennis/firstServiceReturnPointsWonPct>                    |
| <https://sportschema.org/ontologies/tennis/firstServiceTopSpeed>                              |
| <https://sportschema.org/ontologies/tennis/firstServicesGood>                                 |
| <https://sportschema.org/ontologies/tennis/firstServicesGoodPct>                              |
| <https://sportschema.org/ontologies/tennis/firstServicesPointsWon>                            |
| <https://sportschema.org/ontologies/tennis/firstServicesPointsWonPct>                         |
| <https://sportschema.org/ontologies/tennis/netPointsPlayed>                                   |
| <https://sportschema.org/ontologies/tennis/netPointsWon>                                      |
| <https://sportschema.org/ontologies/tennis/netPointsWonPct>                                   |
| <https://sportschema.org/ontologies/tennis/pointsWon>                                         |
| <https://sportschema.org/ontologies/tennis/receivePointsWon>                                  |
| <https://sportschema.org/ontologies/tennis/receivePointsWonPct>                               |
| <https://sportschema.org/ontologies/tennis/returnGamesPlayed>                                 |
| <https://sportschema.org/ontologies/tennis/returnGamesWon>                                    |
| <https://sportschema.org/ontologies/tennis/returnGamesWonPct>                                 |
| <https://sportschema.org/ontologies/tennis/returnsPlayed>                                     |
| <https://sportschema.org/ontologies/tennis/score>                                             |
| <https://sportschema.org/ontologies/tennis/scoreTiebreaker>                                   |
| <https://sportschema.org/ontologies/tennis/secondServeAverageSpeed>                           |
| <https://sportschema.org/ontologies/tennis/secondServiceReturnPointsWon>                      |
| <https://sportschema.org/ontologies/tennis/secondServiceReturnPointsWonPct>                   |
| <https://sportschema.org/ontologies/tennis/secondServicesGood>                                |
| <https://sportschema.org/ontologies/tennis/secondServicesGoodPct>                             |
| <https://sportschema.org/ontologies/tennis/secondServicesPointsWon>                           |
| <https://sportschema.org/ontologies/tennis/secondServicesPointsWonPct>                        |
| <https://sportschema.org/ontologies/tennis/servePointsPlayed>                                 |
| <https://sportschema.org/ontologies/tennis/serviceGamesPlayed>                                |
| <https://sportschema.org/ontologies/tennis/serviceGamesWon>                                   |
| <https://sportschema.org/ontologies/tennis/serviceGamesWonPct>                                |
| <https://sportschema.org/ontologies/tennis/servicePointsWon>                                  |
| <https://sportschema.org/ontologies/tennis/servicePointsWonPct>                               |
| <https://sportschema.org/ontologies/tennis/setNumber>                                         |
| <https://sportschema.org/ontologies/tennis/speedUnits>                                        |
| <https://sportschema.org/ontologies/tennis/unforcedErrors>                                    |
| <https://sportschema.org/ontologies/tennis/winners>                                           |
| <https://sportschema.org/ontologies/tennis/winnersBackhand>                                   |
| <https://sportschema.org/ontologies/tennis/winnersForehand>                                   |
| <https://sportschema.org/ontologies/tennis/winnersVolley>                                     |
| <https://sportschema.org/ontologies/volleyball/aces>                                          |
| <https://sportschema.org/ontologies/volleyball/acesAveragePerSet>                             |
| <https://sportschema.org/ontologies/volleyball/attackAttempts>                                |
| <https://sportschema.org/ontologies/volleyball/attackFaults>                                  |
| <https://sportschema.org/ontologies/volleyball/attacksInPlay>                                 |
| <https://sportschema.org/ontologies/volleyball/attacksPercentage>                             |
| <https://sportschema.org/ontologies/volleyball/attacksRank>                                   |
| <https://sportschema.org/ontologies/volleyball/attacksTotal>                                  |
| <https://sportschema.org/ontologies/volleyball/blockAttempts>                                 |
| <https://sportschema.org/ontologies/volleyball/blockFaults>                                   |
| <https://sportschema.org/ontologies/volleyball/blocksAveragePerSet>                           |
| <https://sportschema.org/ontologies/volleyball/blocksInPlay>                                  |
| <https://sportschema.org/ontologies/volleyball/blocksRank>                                    |
| <https://sportschema.org/ontologies/volleyball/blocksTotal>                                   |
| <https://sportschema.org/ontologies/volleyball/defenseRank>                                   |
| <https://sportschema.org/ontologies/volleyball/defenseRankSets>                               |
| <https://sportschema.org/ontologies/volleyball/digAttempts>                                   |
| <https://sportschema.org/ontologies/volleyball/digsAveragePerSet>                             |
| <https://sportschema.org/ontologies/volleyball/digsFaults>                                    |
| <https://sportschema.org/ontologies/volleyball/digsInPlay>                                    |
| <https://sportschema.org/ontologies/volleyball/digsTotal>                                     |
| <https://sportschema.org/ontologies/volleyball/errorsOppenent>                                |
| <https://sportschema.org/ontologies/volleyball/faultsOpponent>                                |
| <https://sportschema.org/ontologies/volleyball/pointAttempts>                                 |
| <https://sportschema.org/ontologies/volleyball/pointAttemptsPlayer>                           |
| <https://sportschema.org/ontologies/volleyball/points>                                        |
| <https://sportschema.org/ontologies/volleyball/pointsPercentageOfTeam>                        |
| <https://sportschema.org/ontologies/volleyball/pointsPlayer>                                  |
| <https://sportschema.org/ontologies/volleyball/receptionFaults>                               |
| <https://sportschema.org/ontologies/volleyball/receptionPercentage>                           |
| <https://sportschema.org/ontologies/volleyball/receptionsAttempts>                            |
| <https://sportschema.org/ontologies/volleyball/receptionsExcellent>                           |
| <https://sportschema.org/ontologies/volleyball/receptionsInPlay>                              |
| <https://sportschema.org/ontologies/volleyball/receptionsRank>                                |
| <https://sportschema.org/ontologies/volleyball/runningSetsTotal>                              |
| <https://sportschema.org/ontologies/volleyball/serviceFaults>                                 |
| <https://sportschema.org/ontologies/volleyball/serviceRank>                                   |
| <https://sportschema.org/ontologies/volleyball/servicesInPlay>                                |
| <https://sportschema.org/ontologies/volleyball/servicesTotal>                                 |
| <https://sportschema.org/ontologies/volleyball/setsAttempts>                                  |
| <https://sportschema.org/ontologies/volleyball/setsAveragePerSet>                             |
| <https://sportschema.org/ontologies/volleyball/setsFaults>                                    |
| <https://sportschema.org/ontologies/volleyball/setsInPlay>                                    |
-------------------------------------------------------------------------------------------------
