--------------------------------------------------------------------------------------------------------------------------------------------
| class                                                          | property                                                                |
============================================================================================================================================
| <http://www.iptc.org/ontologies/Sport/Action>                  | <http://www.iptc.org/ontologies/Sport/Action/angle>                     |
| <http://www.iptc.org/ontologies/Sport/Action>                  | <http://www.iptc.org/ontologies/Sport/Action/body-part>                 |
| <http://www.iptc.org/ontologies/Sport/Action>                  | <http://www.iptc.org/ontologies/Sport/Action/class>                     |
| <http://www.iptc.org/ontologies/Sport/Action>                  | <http://www.iptc.org/ontologies/Sport/Action/comment>                   |
| <http://www.iptc.org/ontologies/Sport/Action>                  | <http://www.iptc.org/ontologies/Sport/Action/date-time>                 |
| <http://www.iptc.org/ontologies/Sport/Action>                  | <http://www.iptc.org/ontologies/Sport/Action/distance>                  |
| <http://www.iptc.org/ontologies/Sport/Action>                  | <http://www.iptc.org/ontologies/Sport/Action/end-location>              |
| <http://www.iptc.org/ontologies/Sport/Action>                  | <http://www.iptc.org/ontologies/Sport/Action/field-location>            |
| <http://www.iptc.org/ontologies/Sport/Action>                  | <http://www.iptc.org/ontologies/Sport/Action/goal-location>             |
| <http://www.iptc.org/ontologies/Sport/Action>                  | <http://www.iptc.org/ontologies/Sport/Action/goal-mouth-zone>           |
| <http://www.iptc.org/ontologies/Sport/Action>                  | <http://www.iptc.org/ontologies/Sport/Action/infraction-level>          |
| <http://www.iptc.org/ontologies/Sport/Action>                  | <http://www.iptc.org/ontologies/Sport/Action/infraction-type>           |
| <http://www.iptc.org/ontologies/Sport/Action>                  | <http://www.iptc.org/ontologies/Sport/Action/last-modified>             |
| <http://www.iptc.org/ontologies/Sport/Action>                  | <http://www.iptc.org/ontologies/Sport/Action/length>                    |
| <http://www.iptc.org/ontologies/Sport/Action>                  | <http://www.iptc.org/ontologies/Sport/Action/minutes-elapsed>           |
| <http://www.iptc.org/ontologies/Sport/Action>                  | <http://www.iptc.org/ontologies/Sport/Action/opposite-play>             |
| <http://www.iptc.org/ontologies/Sport/Action>                  | <http://www.iptc.org/ontologies/Sport/Action/pass-description>          |
| <http://www.iptc.org/ontologies/Sport/Action>                  | <http://www.iptc.org/ontologies/Sport/Action/pass-method>               |
| <http://www.iptc.org/ontologies/Sport/Action>                  | <http://www.iptc.org/ontologies/Sport/Action/pass-type>                 |
| <http://www.iptc.org/ontologies/Sport/Action>                  | <http://www.iptc.org/ontologies/Sport/Action/penalty-level>             |
| <http://www.iptc.org/ontologies/Sport/Action>                  | <http://www.iptc.org/ontologies/Sport/Action/penalty-type>              |
| <http://www.iptc.org/ontologies/Sport/Action>                  | <http://www.iptc.org/ontologies/Sport/Action/period-value>              |
| <http://www.iptc.org/ontologies/Sport/Action>                  | <http://www.iptc.org/ontologies/Sport/Action/person-original-idref>     |
| <http://www.iptc.org/ontologies/Sport/Action>                  | <http://www.iptc.org/ontologies/Sport/Action/person-replacing-idref>    |
| <http://www.iptc.org/ontologies/Sport/Action>                  | <http://www.iptc.org/ontologies/Sport/Action/person-replacing-position> |
| <http://www.iptc.org/ontologies/Sport/Action>                  | <http://www.iptc.org/ontologies/Sport/Action/pitch-zone>                |
| <http://www.iptc.org/ontologies/Sport/Action>                  | <http://www.iptc.org/ontologies/Sport/Action/recipient-idref>           |
| <http://www.iptc.org/ontologies/Sport/Action>                  | <http://www.iptc.org/ontologies/Sport/Action/recipient-type>            |
| <http://www.iptc.org/ontologies/Sport/Action>                  | <http://www.iptc.org/ontologies/Sport/Action/related-assist>            |
| <http://www.iptc.org/ontologies/Sport/Action>                  | <http://www.iptc.org/ontologies/Sport/Action/result>                    |
| <http://www.iptc.org/ontologies/Sport/IndividualParticipation> | <http://www.iptc.org/ontologies/Sport/Action/role>                      |
| <http://www.iptc.org/ontologies/Sport/Action>                  | <http://www.iptc.org/ontologies/Sport/Action/save-description>          |
| <http://www.iptc.org/ontologies/Sport/Action>                  | <http://www.iptc.org/ontologies/Sport/Action/save-method>               |
| <http://www.iptc.org/ontologies/Sport/Action>                  | <http://www.iptc.org/ontologies/Sport/Action/save-type>                 |
| <http://www.iptc.org/ontologies/Sport/Action>                  | <http://www.iptc.org/ontologies/Sport/Action/score-attempt-description> |
| <http://www.iptc.org/ontologies/Sport/Action>                  | <http://www.iptc.org/ontologies/Sport/Action/score-attempt-result>      |
| <http://www.iptc.org/ontologies/Sport/Action>                  | <http://www.iptc.org/ontologies/Sport/Action/score-attempt-side>        |
| <http://www.iptc.org/ontologies/Sport/Action>                  | <http://www.iptc.org/ontologies/Sport/Action/score-attempt-situation>   |
| <http://www.iptc.org/ontologies/Sport/Action>                  | <http://www.iptc.org/ontologies/Sport/Action/score-attempt-type>        |
| <http://www.iptc.org/ontologies/Sport/Action>                  | <http://www.iptc.org/ontologies/Sport/Action/sequence-number>           |
| <http://www.iptc.org/ontologies/Sport/Action>                  | <http://www.iptc.org/ontologies/Sport/Action/shot-description>          |
| <http://www.iptc.org/ontologies/Sport/Action>                  | <http://www.iptc.org/ontologies/Sport/Action/shot-quality>              |
| <http://www.iptc.org/ontologies/Sport/Action>                  | <http://www.iptc.org/ontologies/Sport/Action/shot-type>                 |
| <http://www.iptc.org/ontologies/Sport/Action>                  | <http://www.iptc.org/ontologies/Sport/Action/start-location>            |
| <http://www.iptc.org/ontologies/Sport/Action>                  | <http://www.iptc.org/ontologies/Sport/Action/substitution-reason>       |
| <http://www.iptc.org/ontologies/Sport/Action>                  | <http://www.iptc.org/ontologies/Sport/Action/time-addition>             |
| <http://www.iptc.org/ontologies/Sport/Action>                  | <http://www.iptc.org/ontologies/Sport/Action/time-elapsed>              |
| <http://www.iptc.org/ontologies/Sport/Action>                  | <http://www.iptc.org/ontologies/Sport/Action/type>                      |
| <http://www.iptc.org/ontologies/Sport/Action>                  | <http://www.iptc.org/ontologies/Sport/Action/zone>                      |
| <http://www.iptc.org/ontologies/Sport/IndividualParticipation> | <http://www.iptc.org/ontologies/Sport/score-type>                       |
--------------------------------------------------------------------------------------------------------------------------------------------
